Log file created at 04:34:21 01-25 with path: logs/mobilenetv3s_150e_8b_complex_sgd_1e-3_0.95_wd_1e-4_focalloss_5.0_2.0.log
System information:
+-----------------------+------------------------------------+
|    CPU Physical Cores |                                 16 |
+-----------------------+------------------------------------+
|     CPU Logical Cores |                                 32 |
+-----------------------+------------------------------------+
|     CPU Max Frequency |                           0.00 MHz |
+-----------------------+------------------------------------+
| CPU Current Frequency |                        2419.20 MHz |
+-----------------------+------------------------------------+
|             RAM Total |                           10.70 GB |
+-----------------------+------------------------------------+
|         RAM Available |                            8.05 GB |
+-----------------------+------------------------------------+
|              RAM Used |                            2.38 GB |
+-----------------------+------------------------------------+
|            GPU Device | NVIDIA GeForce RTX 4060 Laptop GPU |
+-----------------------+------------------------------------+
|             GPU Count |                                  1 |
+-----------------------+------------------------------------+
|      GPU Memory Total |                            8.00 GB |
+-----------------------+------------------------------------+
|   GPU Memory Reserved |                            0.00 GB |
+-----------------------+------------------------------------+
|          CUDA Version |                               12.1 |
+-----------------------+------------------------------------+
|              Hostname |                            AmadFat |
+-----------------------+------------------------------------+
|                    OS |                              Linux |
+-----------------------+------------------------------------+
|            OS Release | 5.15.167.4-microsoft-standard-WSL2 |
+-----------------------+------------------------------------+
|            OS Version | #1 SMP Tue Nov 5 00:21:55 UTC 2024 |
+-----------------------+------------------------------------+
|        Python Version |                             3.9.21 |
+-----------------------+------------------------------------+
|       PyTorch Version |                        2.4.1+cu121 |
+-----------------------+------------------------------------+
|   TorchVision Version |                       0.19.1+cu121 |
+-----------------------+------------------------------------+
|    TorchAudio Version |                        2.4.1+cu121 |
+-----------------------+------------------------------------+
Experiment settings:
{'criterion': {'alpha': 5.0, 'criterion_name': 'focalloss', 'gamma': 2.0},
 'data': {'batch_size': 8,
          'num_workers': 8,
          'root': 'dataset',
          'split_ratio': [0.95, 0.05]},
 'evaluator': {'acc': True, 'loss': True},
 'experiment': {'ckpt_save_dir': PosixPath('ckpts/mobilenetv3s_150e_8b_complex_sgd_1e-3_0.95_wd_1e-4_focalloss_5.0_2.0'),
                'deterministic': False,
                'device': 'cuda',
                'experiment_name': 'mobilenetv3s_150e_8b_complex_sgd_1e-3_0.95_wd_1e-4_focalloss_5.0_2.0',
                'max_epochs': 150,
                'save': True,
                'seed': 3407,
                'val': True,
                'val_interval': 5},
 'logger': {'log_save_path': PosixPath('logs/mobilenetv3s_150e_8b_complex_sgd_1e-3_0.95_wd_1e-4_focalloss_5.0_2.0.log'),
            'tb_save_path': PosixPath('tbevents/mobilenetv3s_150e_8b_complex_sgd_1e-3_0.95_wd_1e-4_focalloss_5.0_2.0'),
            'train_print_interval': 50,
            'use_tensorboard': True,
            'window_metric': 50,
            'window_time_stamp': 50},
 'model': {'dropout': 0.0,
           'last_fc_bias_init': 'const',
           'last_fc_weight_init': 'const',
           'model_name': 'mobilenet_v3_s',
           'norm_layer': 'batchnorm',
           'weights': 'default'},
 'optimizer': {'grad_clip': 1.0,
               'lr': 0.001,
               'momentum': 0.95,
               'optimizer_name': 'sgd',
               'weight_decay': 0.0001},
 'scheduler': {'T_0': 10,
               'T_mult': 2,
               'eta_min': 1e-05,
               'scheduler_name': 'cosinelr'},
 'transform': {'train': {'compose': {'transforms': [{'autoaugment': {'interpolation': 'nearest',
                                                                     'policy': 'imagenet'}},
                                                    {'totensor': {}},
                                                    {'randomflip': {'prob_hflip': 0.5,
                                                                    'prob_vflip': 0.5}},
                                                    {'colorjitter': {'contrast': 0.3}}]}},
               'val': {'totensor': {}}}}
04:34:31 01-25 [epoch 1 train] [step 1/114] [eta N/A]: lr 1.0000e-03 | loss 1.0800(1.0800)
04:34:33 01-25 [epoch 1 train] [step 50/114] [eta 0:00:02]: lr 1.0000e-03 | loss 1.0468(1.0468)
04:34:35 01-25 [epoch 1 train] [step 100/114] [eta 0:00:00]: lr 1.0000e-03 | loss 1.0152(0.9836)
04:34:35 01-25 [epoch 1 train] [step 114/114] [eta 0:00:00]: lr 1.0000e-03 | loss 1.0044(0.9635)
04:34:36 01-25 [epoch 2 train] [step 1/114] [eta 0:00:05]: lr 9.9952e-04 | loss 1.0245(0.9654)
04:34:38 01-25 [epoch 2 train] [step 50/114] [eta 0:00:03]: lr 9.7577e-04 | loss 0.8679(0.8679)
04:34:40 01-25 [epoch 2 train] [step 100/114] [eta 0:00:00]: lr 9.7577e-04 | loss 0.8472(0.8265)
04:34:41 01-25 [epoch 2 train] [step 114/114] [eta 0:00:00]: lr 9.7577e-04 | loss 0.8400(0.8119)
04:35:06 01-25 [epoch 3 train] [step 1/114] [eta 0:00:06]: lr 9.7437e-04 | loss 0.9243(0.8147)
04:34:44 01-25 [epoch 3 train] [step 50/114] [eta 0:00:03]: lr 9.0546e-04 | loss 0.7242(0.7242)
04:34:46 01-25 [epoch 3 train] [step 100/114] [eta 0:00:00]: lr 9.0546e-04 | loss 0.7020(0.6798)
04:34:47 01-25 [epoch 3 train] [step 114/114] [eta 0:00:00]: lr 9.0546e-04 | loss 0.6967(0.6786)
04:34:47 01-25 [epoch 4 train] [step 1/114] [eta 0:00:06]: lr 9.0327e-04 | loss 0.7524(0.6800)
04:34:50 01-25 [epoch 4 train] [step 50/114] [eta 0:00:03]: lr 7.9595e-04 | loss 0.6170(0.6170)
04:34:52 01-25 [epoch 4 train] [step 100/114] [eta 0:00:00]: lr 7.9595e-04 | loss 0.6023(0.5876)
04:34:53 01-25 [epoch 4 train] [step 114/114] [eta 0:00:00]: lr 7.9595e-04 | loss 0.5923(0.5551)
04:34:53 01-25 [epoch 5 train] [step 1/114] [eta 0:00:06]: lr 7.9319e-04 | loss 0.6323(0.5588)
04:34:55 01-25 [epoch 5 train] [step 50/114] [eta 0:00:03]: lr 6.5796e-04 | loss 0.5445(0.5445)
04:34:58 01-25 [epoch 5 train] [step 100/114] [eta 0:00:00]: lr 6.5796e-04 | loss 0.5398(0.5350)
04:34:58 01-25 [epoch 5 train] [step 114/114] [eta 0:00:00]: lr 6.5796e-04 | loss 0.5306(0.5224)
04:35:00 01-25 [epoch 5 val]: acc_daxuanniu 100.0000 | acc_fangjian 50.0000 | acc_fangxiangjian 88.8889 | acc_sandianyuanxuanniu 83.3333 | acc_tuoyuanjian 57.1428 | acc_xiaoxuanniu 100.0000 | acc_youjian 75.0000 | acc_yuanpan 33.3333 | acc_avg 75.0000 | Loss 0.4410
04:35:01 01-25 [epoch 6 train] [step 1/114] [eta 0:00:10]: lr 6.5490e-04 | loss 0.7928(0.5256)
04:35:03 01-25 [epoch 6 train] [step 50/114] [eta 0:00:06]: lr 5.0500e-04 | loss 0.4867(0.4867)
04:35:05 01-25 [epoch 6 train] [step 100/114] [eta 0:00:00]: lr 5.0500e-04 | loss 0.4896(0.4925)
04:35:06 01-25 [epoch 6 train] [step 114/114] [eta 0:00:00]: lr 5.0500e-04 | loss 0.4903(0.4807)
04:35:31 01-25 [epoch 7 train] [step 1/114] [eta 0:00:05]: lr 5.0194e-04 | loss 0.2852(0.4772)
04:35:09 01-25 [epoch 7 train] [step 50/114] [eta 0:00:03]: lr 3.5204e-04 | loss 0.4855(0.4855)
04:35:11 01-25 [epoch 7 train] [step 100/114] [eta 0:00:00]: lr 3.5204e-04 | loss 0.4720(0.4585)
04:35:11 01-25 [epoch 7 train] [step 114/114] [eta 0:00:00]: lr 3.5204e-04 | loss 0.4684(0.4510)
04:35:12 01-25 [epoch 8 train] [step 1/114] [eta 0:00:05]: lr 3.4928e-04 | loss 0.4780(0.4534)
04:35:14 01-25 [epoch 8 train] [step 50/114] [eta 0:00:03]: lr 2.1405e-04 | loss 0.4412(0.4412)
04:35:16 01-25 [epoch 8 train] [step 100/114] [eta 0:00:00]: lr 2.1405e-04 | loss 0.4546(0.4680)
04:35:17 01-25 [epoch 8 train] [step 114/114] [eta 0:00:00]: lr 2.1405e-04 | loss 0.4606(0.4667)
04:35:17 01-25 [epoch 9 train] [step 1/114] [eta 0:00:06]: lr 2.1186e-04 | loss 0.3522(0.4648)
04:35:20 01-25 [epoch 9 train] [step 50/114] [eta 0:00:03]: lr 1.0454e-04 | loss 0.4534(0.4534)
04:35:22 01-25 [epoch 9 train] [step 100/114] [eta 0:00:00]: lr 1.0454e-04 | loss 0.4653(0.4771)
04:35:23 01-25 [epoch 9 train] [step 114/114] [eta 0:00:00]: lr 1.0454e-04 | loss 0.4586(0.4628)
04:35:23 01-25 [epoch 10 train] [step 1/114] [eta 0:00:06]: lr 1.0313e-04 | loss 0.4006(0.4583)
04:35:26 01-25 [epoch 10 train] [step 50/114] [eta 0:00:04]: lr 3.4227e-05 | loss 0.4549(0.4549)
04:35:28 01-25 [epoch 10 train] [step 100/114] [eta 0:00:00]: lr 3.4227e-05 | loss 0.4405(0.4261)
04:35:29 01-25 [epoch 10 train] [step 114/114] [eta 0:00:00]: lr 3.4227e-05 | loss 0.4447(0.4451)
04:35:31 01-25 [epoch 10 val]: acc_daxuanniu 100.0000 | acc_fangjian 50.0000 | acc_fangxiangjian 100.0000 | acc_sandianyuanxuanniu 83.3333 | acc_tuoyuanjian 57.1428 | acc_xiaoxuanniu 100.0000 | acc_youjian 75.0000 | acc_yuanpan 33.3333 | acc_avg 77.0833 | Loss 0.3845
04:35:31 01-25 [epoch 11 train] [step 1/114] [eta 0:00:10]: lr 5.3542e-05 | loss 0.4262(0.4439)
04:35:34 01-25 [epoch 11 train] [step 50/114] [eta 0:00:05]: lr 1.0000e-03 | loss 0.4698(0.4698)
04:35:36 01-25 [epoch 11 train] [step 100/114] [eta 0:00:00]: lr 1.0000e-03 | loss 0.4478(0.4258)
04:35:36 01-25 [epoch 11 train] [step 114/114] [eta 0:00:00]: lr 1.0000e-03 | loss 0.4457(0.4202)
04:35:37 01-25 [epoch 12 train] [step 1/114] [eta 0:00:06]: lr 9.9988e-04 | loss 0.3600(0.4222)
04:35:39 01-25 [epoch 12 train] [step 50/114] [eta 0:00:03]: lr 9.9391e-04 | loss 0.4088(0.4088)
04:36:06 01-25 [epoch 12 train] [step 100/114] [eta 0:00:00]: lr 9.9391e-04 | loss 0.4230(0.4371)
04:35:42 01-25 [epoch 12 train] [step 114/114] [eta 0:00:00]: lr 9.9391e-04 | loss 0.4232(0.4311)
04:35:42 01-25 [epoch 13 train] [step 1/114] [eta 0:00:05]: lr 9.9354e-04 | loss 0.3442(0.4279)
04:35:45 01-25 [epoch 13 train] [step 50/114] [eta 0:00:03]: lr 9.7577e-04 | loss 0.4116(0.4116)
04:35:47 01-25 [epoch 13 train] [step 100/114] [eta 0:00:00]: lr 9.7577e-04 | loss 0.4041(0.3966)
04:35:47 01-25 [epoch 13 train] [step 114/114] [eta 0:00:00]: lr 9.7577e-04 | loss 0.3957(0.3748)
04:35:48 01-25 [epoch 14 train] [step 1/114] [eta 0:00:06]: lr 9.7518e-04 | loss 0.4862(0.3758)
04:35:50 01-25 [epoch 14 train] [step 50/114] [eta 0:00:03]: lr 9.4605e-04 | loss 0.3861(0.3861)
04:35:52 01-25 [epoch 14 train] [step 100/114] [eta 0:00:00]: lr 9.4605e-04 | loss 0.3920(0.3979)
04:35:52 01-25 [epoch 14 train] [step 114/114] [eta 0:00:00]: lr 9.4605e-04 | loss 0.3886(0.3906)
04:35:53 01-25 [epoch 15 train] [step 1/114] [eta 0:00:05]: lr 9.4524e-04 | loss 0.3309(0.3910)
04:35:55 01-25 [epoch 15 train] [step 50/114] [eta 0:00:03]: lr 9.0546e-04 | loss 0.3635(0.3635)
04:35:57 01-25 [epoch 15 train] [step 100/114] [eta 0:00:00]: lr 9.0546e-04 | loss 0.3674(0.3714)
04:35:58 01-25 [epoch 15 train] [step 114/114] [eta 0:00:00]: lr 9.0546e-04 | loss 0.3718(0.3772)
04:35:59 01-25 [epoch 15 val]: acc_daxuanniu 100.0000 | acc_fangjian 50.0000 | acc_fangxiangjian 100.0000 | acc_sandianyuanxuanniu 100.0000 | acc_tuoyuanjian 57.1428 | acc_xiaoxuanniu 100.0000 | acc_youjian 75.0000 | acc_yuanpan 66.6667 | acc_avg 83.3333 | Loss 0.3361
04:36:00 01-25 [epoch 16 train] [step 1/114] [eta 0:00:09]: lr 9.0445e-04 | loss 0.4939(0.3805)
04:36:02 01-25 [epoch 16 train] [step 50/114] [eta 0:00:05]: lr 8.5502e-04 | loss 0.3720(0.3720)
04:36:05 01-25 [epoch 16 train] [step 100/114] [eta 0:00:00]: lr 8.5502e-04 | loss 0.3511(0.3301)
04:36:05 01-25 [epoch 16 train] [step 114/114] [eta 0:00:00]: lr 8.5502e-04 | loss 0.3514(0.3507)
04:36:06 01-25 [epoch 17 train] [step 1/114] [eta 0:00:07]: lr 8.5384e-04 | loss 0.5056(0.3511)
04:36:08 01-25 [epoch 17 train] [step 50/114] [eta 0:00:03]: lr 7.9595e-04 | loss 0.3335(0.3335)
04:36:11 01-25 [epoch 17 train] [step 100/114] [eta 0:00:00]: lr 7.9595e-04 | loss 0.3355(0.3375)
04:36:11 01-25 [epoch 17 train] [step 114/114] [eta 0:00:00]: lr 7.9595e-04 | loss 0.3348(0.3376)
04:36:12 01-25 [epoch 18 train] [step 1/114] [eta 0:00:07]: lr 7.9463e-04 | loss 0.3203(0.3375)
04:36:15 01-25 [epoch 18 train] [step 50/114] [eta 0:00:04]: lr 7.2973e-04 | loss 0.2986(0.2986)
04:36:17 01-25 [epoch 18 train] [step 100/114] [eta 0:00:00]: lr 7.2973e-04 | loss 0.3111(0.3235)
04:36:18 01-25 [epoch 18 train] [step 114/114] [eta 0:00:00]: lr 7.2973e-04 | loss 0.3098(0.3111)
04:36:18 01-25 [epoch 19 train] [step 1/114] [eta 0:00:06]: lr 7.2829e-04 | loss 0.3125(0.3079)
04:36:20 01-25 [epoch 19 train] [step 50/114] [eta 0:00:03]: lr 6.5796e-04 | loss 0.3066(0.3066)
04:36:22 01-25 [epoch 19 train] [step 100/114] [eta 0:00:00]: lr 6.5796e-04 | loss 0.2932(0.2797)
04:36:23 01-25 [epoch 19 train] [step 114/114] [eta 0:00:00]: lr 6.5796e-04 | loss 0.2962(0.2874)
04:36:24 01-25 [epoch 20 train] [step 1/114] [eta 0:00:05]: lr 6.5645e-04 | loss 0.1368(0.2841)
04:36:26 01-25 [epoch 20 train] [step 50/114] [eta 0:00:03]: lr 5.8244e-04 | loss 0.2994(0.2994)
04:36:28 01-25 [epoch 20 train] [step 100/114] [eta 0:00:00]: lr 5.8244e-04 | loss 0.2986(0.2978)
04:36:29 01-25 [epoch 20 train] [step 114/114] [eta 0:00:00]: lr 5.8244e-04 | loss 0.2940(0.2859)
04:36:30 01-25 [epoch 20 val]: acc_daxuanniu 100.0000 | acc_fangjian 50.0000 | acc_fangxiangjian 100.0000 | acc_sandianyuanxuanniu 100.0000 | acc_tuoyuanjian 57.1428 | acc_xiaoxuanniu 100.0000 | acc_youjian 75.0000 | acc_yuanpan 66.6667 | acc_avg 83.3333 | Loss 0.3425
04:36:31 01-25 [epoch 21 train] [step 1/114] [eta 0:00:09]: lr 5.8089e-04 | loss 0.3697(0.2844)
04:36:33 01-25 [epoch 21 train] [step 50/114] [eta 0:00:05]: lr 5.0500e-04 | loss 0.2936(0.2936)
04:36:35 01-25 [epoch 21 train] [step 100/114] [eta 0:00:00]: lr 5.0500e-04 | loss 0.2841(0.2746)
04:36:35 01-25 [epoch 21 train] [step 114/114] [eta 0:00:00]: lr 5.0500e-04 | loss 0.2889(0.2853)
04:36:36 01-25 [epoch 22 train] [step 1/114] [eta 0:00:05]: lr 5.0345e-04 | loss 0.4892(0.2894)
04:36:38 01-25 [epoch 22 train] [step 50/114] [eta 0:00:03]: lr 4.2756e-04 | loss 0.2764(0.2764)
04:36:41 01-25 [epoch 22 train] [step 100/114] [eta 0:00:00]: lr 4.2756e-04 | loss 0.2746(0.2728)
04:36:41 01-25 [epoch 22 train] [step 114/114] [eta 0:00:00]: lr 4.2756e-04 | loss 0.2724(0.2601)
04:36:42 01-25 [epoch 23 train] [step 1/114] [eta 0:00:06]: lr 4.2605e-04 | loss 0.2130(0.2588)
04:36:44 01-25 [epoch 23 train] [step 50/114] [eta 0:00:03]: lr 3.5204e-04 | loss 0.2601(0.2601)
04:36:46 01-25 [epoch 23 train] [step 100/114] [eta 0:00:00]: lr 3.5204e-04 | loss 0.2636(0.2671)
04:37:11 01-25 [epoch 23 train] [step 114/114] [eta 0:00:00]: lr 3.5204e-04 | loss 0.2728(0.2845)
04:36:47 01-25 [epoch 24 train] [step 1/114] [eta 0:00:05]: lr 3.5060e-04 | loss 0.2084(0.2829)
04:36:50 01-25 [epoch 24 train] [step 50/114] [eta 0:00:03]: lr 2.8027e-04 | loss 0.2542(0.2542)
04:36:52 01-25 [epoch 24 train] [step 100/114] [eta 0:00:00]: lr 2.8027e-04 | loss 0.2664(0.2787)
04:36:53 01-25 [epoch 24 train] [step 114/114] [eta 0:00:00]: lr 2.8027e-04 | loss 0.2632(0.2695)
04:36:53 01-25 [epoch 25 train] [step 1/114] [eta 0:00:06]: lr 2.7895e-04 | loss 0.2317(0.2687)
04:36:56 01-25 [epoch 25 train] [step 50/114] [eta 0:00:03]: lr 2.1405e-04 | loss 0.2619(0.2619)
04:36:58 01-25 [epoch 25 train] [step 100/114] [eta 0:00:00]: lr 2.1405e-04 | loss 0.2631(0.2642)
04:36:58 01-25 [epoch 25 train] [step 114/114] [eta 0:00:00]: lr 2.1405e-04 | loss 0.2610(0.2602)
04:37:00 01-25 [epoch 25 val]: acc_daxuanniu 100.0000 | acc_fangjian 50.0000 | acc_fangxiangjian 100.0000 | acc_sandianyuanxuanniu 100.0000 | acc_tuoyuanjian 57.1428 | acc_xiaoxuanniu 100.0000 | acc_youjian 75.0000 | acc_yuanpan 66.6667 | acc_avg 83.3333 | Loss 0.3281
04:37:01 01-25 [epoch 26 train] [step 1/114] [eta 0:00:10]: lr 2.1287e-04 | loss 0.1674(0.2602)
04:37:03 01-25 [epoch 26 train] [step 50/114] [eta 0:00:06]: lr 1.5498e-04 | loss 0.2557(0.2557)
04:37:05 01-25 [epoch 26 train] [step 100/114] [eta 0:00:00]: lr 1.5498e-04 | loss 0.2662(0.2768)
04:37:06 01-25 [epoch 26 train] [step 114/114] [eta 0:00:00]: lr 1.5498e-04 | loss 0.2636(0.2704)
04:37:31 01-25 [epoch 27 train] [step 1/114] [eta 0:00:06]: lr 1.5397e-04 | loss 0.4417(0.2759)
04:37:09 01-25 [epoch 27 train] [step 50/114] [eta 0:00:03]: lr 1.0454e-04 | loss 0.2673(0.2673)
04:37:11 01-25 [epoch 27 train] [step 100/114] [eta 0:00:00]: lr 1.0454e-04 | loss 0.2561(0.2450)
04:37:36 01-25 [epoch 27 train] [step 114/114] [eta 0:00:00]: lr 1.0454e-04 | loss 0.2580(0.2555)
04:37:12 01-25 [epoch 28 train] [step 1/114] [eta 0:00:06]: lr 1.0372e-04 | loss 0.3745(0.2560)
04:37:14 01-25 [epoch 28 train] [step 50/114] [eta 0:00:03]: lr 6.3952e-05 | loss 0.2530(0.2530)
04:37:17 01-25 [epoch 28 train] [step 100/114] [eta 0:00:00]: lr 6.3952e-05 | loss 0.2507(0.2483)
04:37:18 01-25 [epoch 28 train] [step 114/114] [eta 0:00:00]: lr 6.3952e-05 | loss 0.2508(0.2520)
04:37:19 01-25 [epoch 29 train] [step 1/114] [eta 0:00:08]: lr 6.3357e-05 | loss 0.2381(0.2519)
04:37:21 01-25 [epoch 29 train] [step 50/114] [eta 0:00:04]: lr 3.4227e-05 | loss 0.2637(0.2637)
04:37:24 01-25 [epoch 29 train] [step 100/114] [eta 0:00:00]: lr 3.4227e-05 | loss 0.2654(0.2671)
04:37:24 01-25 [epoch 29 train] [step 114/114] [eta 0:00:00]: lr 3.4227e-05 | loss 0.2608(0.2571)
04:37:25 01-25 [epoch 30 train] [step 1/114] [eta 0:00:05]: lr 3.3864e-05 | loss 0.1794(0.2510)
04:37:27 01-25 [epoch 30 train] [step 50/114] [eta 0:00:03]: lr 1.6094e-05 | loss 0.2619(0.2619)
04:37:29 01-25 [epoch 30 train] [step 100/114] [eta 0:00:00]: lr 1.6094e-05 | loss 0.2486(0.2352)
04:37:29 01-25 [epoch 30 train] [step 114/114] [eta 0:00:00]: lr 1.6094e-05 | loss 0.2477(0.2446)
04:37:31 01-25 [epoch 30 val]: acc_daxuanniu 100.0000 | acc_fangjian 50.0000 | acc_fangxiangjian 100.0000 | acc_sandianyuanxuanniu 100.0000 | acc_tuoyuanjian 57.1428 | acc_xiaoxuanniu 100.0000 | acc_youjian 75.0000 | acc_yuanpan 66.6667 | acc_avg 83.3333 | Loss 0.3102
04:37:31 01-25 [epoch 31 train] [step 1/114] [eta 0:00:08]: lr 3.5772e-05 | loss 0.3125(0.2458)
04:37:33 01-25 [epoch 31 train] [step 50/114] [eta 0:00:05]: lr 1.0000e-03 | loss 0.2515(0.2515)
04:37:35 01-25 [epoch 31 train] [step 100/114] [eta 0:00:00]: lr 1.0000e-03 | loss 0.2632(0.2749)
04:37:36 01-25 [epoch 31 train] [step 114/114] [eta 0:00:00]: lr 1.0000e-03 | loss 0.2684(0.2797)
04:38:01 01-25 [epoch 32 train] [step 1/114] [eta 0:00:06]: lr 9.9997e-04 | loss 0.1520(0.2772)
04:37:38 01-25 [epoch 32 train] [step 50/114] [eta 0:00:03]: lr 9.9847e-04 | loss 0.2540(0.2540)
04:37:40 01-25 [epoch 32 train] [step 100/114] [eta 0:00:00]: lr 9.9847e-04 | loss 0.2551(0.2561)
04:37:41 01-25 [epoch 32 train] [step 114/114] [eta 0:00:00]: lr 9.9847e-04 | loss 0.2579(0.2653)
04:38:06 01-25 [epoch 33 train] [step 1/114] [eta 0:00:05]: lr 9.9838e-04 | loss 0.3396(0.2666)
04:37:44 01-25 [epoch 33 train] [step 50/114] [eta 0:00:03]: lr 9.9391e-04 | loss 0.2343(0.2343)
04:37:46 01-25 [epoch 33 train] [step 100/114] [eta 0:00:00]: lr 9.9391e-04 | loss 0.2349(0.2355)
04:37:47 01-25 [epoch 33 train] [step 114/114] [eta 0:00:00]: lr 9.9391e-04 | loss 0.2415(0.2505)
04:37:47 01-25 [epoch 34 train] [step 1/114] [eta 0:00:06]: lr 9.9375e-04 | loss 0.2062(0.2492)
04:37:49 01-25 [epoch 34 train] [step 50/114] [eta 0:00:03]: lr 9.8632e-04 | loss 0.2289(0.2289)
04:38:16 01-25 [epoch 34 train] [step 100/114] [eta 0:00:00]: lr 9.8632e-04 | loss 0.2341(0.2392)
04:37:52 01-25 [epoch 34 train] [step 114/114] [eta 0:00:00]: lr 9.8632e-04 | loss 0.2343(0.2330)
04:37:53 01-25 [epoch 35 train] [step 1/114] [eta 0:00:05]: lr 9.8611e-04 | loss 0.3519(0.2355)
04:37:54 01-25 [epoch 35 train] [step 50/114] [eta 0:00:03]: lr 9.7577e-04 | loss 0.2220(0.2220)
04:37:56 01-25 [epoch 35 train] [step 100/114] [eta 0:00:00]: lr 9.7577e-04 | loss 0.2162(0.2105)
04:38:21 01-25 [epoch 35 train] [step 114/114] [eta 0:00:00]: lr 9.7577e-04 | loss 0.2177(0.2154)
04:37:58 01-25 [epoch 35 val]: acc_daxuanniu 100.0000 | acc_fangjian 50.0000 | acc_fangxiangjian 100.0000 | acc_sandianyuanxuanniu 100.0000 | acc_tuoyuanjian 57.1428 | acc_xiaoxuanniu 100.0000 | acc_youjian 75.0000 | acc_yuanpan 66.6667 | acc_avg 83.3333 | Loss 0.3494
04:37:59 01-25 [epoch 36 train] [step 1/114] [eta 0:00:08]: lr 9.7550e-04 | loss 0.1824(0.2157)
04:38:01 01-25 [epoch 36 train] [step 50/114] [eta 0:00:05]: lr 9.6232e-04 | loss 0.2122(0.2122)
04:38:03 01-25 [epoch 36 train] [step 100/114] [eta 0:00:00]: lr 9.6232e-04 | loss 0.2109(0.2095)
04:38:03 01-25 [epoch 36 train] [step 114/114] [eta 0:00:00]: lr 9.6232e-04 | loss 0.2141(0.2149)
04:38:04 01-25 [epoch 37 train] [step 1/114] [eta 0:00:05]: lr 9.6199e-04 | loss 0.3332(0.2186)
04:38:06 01-25 [epoch 37 train] [step 50/114] [eta 0:00:03]: lr 9.4605e-04 | loss 0.2082(0.2082)
04:38:08 01-25 [epoch 37 train] [step 100/114] [eta 0:00:00]: lr 9.4605e-04 | loss 0.1995(0.1907)
04:38:09 01-25 [epoch 37 train] [step 114/114] [eta 0:00:00]: lr 9.4605e-04 | loss 0.1984(0.1882)
04:38:10 01-25 [epoch 38 train] [step 1/114] [eta 0:00:06]: lr 9.4567e-04 | loss 0.1395(0.1874)
04:38:12 01-25 [epoch 38 train] [step 50/114] [eta 0:00:03]: lr 9.2706e-04 | loss 0.1901(0.1901)
04:38:15 01-25 [epoch 38 train] [step 100/114] [eta 0:00:00]: lr 9.2706e-04 | loss 0.1955(0.2008)
04:38:15 01-25 [epoch 38 train] [step 114/114] [eta 0:00:00]: lr 9.2706e-04 | loss 0.1960(0.2107)
04:38:16 01-25 [epoch 39 train] [step 1/114] [eta 0:00:06]: lr 9.2663e-04 | loss 0.2521(0.2091)
04:38:18 01-25 [epoch 39 train] [step 50/114] [eta 0:00:03]: lr 9.0546e-04 | loss 0.1905(0.1905)
04:38:21 01-25 [epoch 39 train] [step 100/114] [eta 0:00:00]: lr 9.0546e-04 | loss 0.1953(0.2001)
04:38:21 01-25 [epoch 39 train] [step 114/114] [eta 0:00:00]: lr 9.0546e-04 | loss 0.1922(0.1960)
04:38:22 01-25 [epoch 40 train] [step 1/114] [eta 0:00:07]: lr 9.0498e-04 | loss 0.1967(0.1973)
04:38:24 01-25 [epoch 40 train] [step 50/114] [eta 0:00:03]: lr 8.8140e-04 | loss 0.1792(0.1792)
04:38:26 01-25 [epoch 40 train] [step 100/114] [eta 0:00:00]: lr 8.8140e-04 | loss 0.1855(0.1919)
04:38:51 01-25 [epoch 40 train] [step 114/114] [eta 0:00:00]: lr 8.8140e-04 | loss 0.1851(0.1899)
04:38:28 01-25 [epoch 40 val]: acc_daxuanniu 100.0000 | acc_fangjian 100.0000 | acc_fangxiangjian 100.0000 | acc_sandianyuanxuanniu 100.0000 | acc_tuoyuanjian 57.1428 | acc_xiaoxuanniu 100.0000 | acc_youjian 75.0000 | acc_yuanpan 66.6667 | acc_avg 85.4167 | Loss 0.3203
04:38:29 01-25 [epoch 41 train] [step 1/114] [eta 0:00:10]: lr 8.8087e-04 | loss 0.1824(0.1908)
04:38:31 01-25 [epoch 41 train] [step 50/114] [eta 0:00:05]: lr 8.5502e-04 | loss 0.1659(0.1659)
04:38:33 01-25 [epoch 41 train] [step 100/114] [eta 0:00:00]: lr 8.5502e-04 | loss 0.1721(0.1784)
04:38:34 01-25 [epoch 41 train] [step 114/114] [eta 0:00:00]: lr 8.5502e-04 | loss 0.1806(0.1939)
04:38:35 01-25 [epoch 42 train] [step 1/114] [eta 0:00:06]: lr 8.5445e-04 | loss 0.1453(0.1921)
04:39:01 01-25 [epoch 42 train] [step 50/114] [eta 0:00:03]: lr 8.2648e-04 | loss 0.1607(0.1607)
04:38:39 01-25 [epoch 42 train] [step 100/114] [eta 0:00:00]: lr 8.2648e-04 | loss 0.1647(0.1687)
04:38:39 01-25 [epoch 42 train] [step 114/114] [eta 0:00:00]: lr 8.2648e-04 | loss 0.1651(0.1740)
04:38:40 01-25 [epoch 43 train] [step 1/114] [eta 0:00:05]: lr 8.2587e-04 | loss 0.1159(0.1712)
04:38:42 01-25 [epoch 43 train] [step 50/114] [eta 0:00:02]: lr 7.9595e-04 | loss 0.1691(0.1691)
04:38:43 01-25 [epoch 43 train] [step 100/114] [eta 0:00:00]: lr 7.9595e-04 | loss 0.1685(0.1679)
04:38:44 01-25 [epoch 43 train] [step 114/114] [eta 0:00:00]: lr 7.9595e-04 | loss 0.1682(0.1700)
04:38:44 01-25 [epoch 44 train] [step 1/114] [eta 0:00:05]: lr 7.9531e-04 | loss 0.1379(0.1701)
04:38:46 01-25 [epoch 44 train] [step 50/114] [eta 0:00:03]: lr 7.6364e-04 | loss 0.1543(0.1543)
04:38:48 01-25 [epoch 44 train] [step 100/114] [eta 0:00:00]: lr 7.6364e-04 | loss 0.1571(0.1599)
04:38:49 01-25 [epoch 44 train] [step 114/114] [eta 0:00:00]: lr 7.6364e-04 | loss 0.1598(0.1616)
04:38:49 01-25 [epoch 45 train] [step 1/114] [eta 0:00:05]: lr 7.6296e-04 | loss 0.1544(0.1621)
04:38:51 01-25 [epoch 45 train] [step 50/114] [eta 0:00:03]: lr 7.2973e-04 | loss 0.1564(0.1564)
04:38:53 01-25 [epoch 45 train] [step 100/114] [eta 0:00:00]: lr 7.2973e-04 | loss 0.1566(0.1569)
04:38:54 01-25 [epoch 45 train] [step 114/114] [eta 0:00:00]: lr 7.2973e-04 | loss 0.1577(0.1550)
04:38:55 01-25 [epoch 45 val]: acc_daxuanniu 100.0000 | acc_fangjian 50.0000 | acc_fangxiangjian 88.8889 | acc_sandianyuanxuanniu 100.0000 | acc_tuoyuanjian 57.1428 | acc_xiaoxuanniu 100.0000 | acc_youjian 87.5000 | acc_yuanpan 83.3333 | acc_avg 85.4167 | Loss 0.4630
04:38:56 01-25 [epoch 46 train] [step 1/114] [eta 0:00:09]: lr 7.2902e-04 | loss 0.1305(0.1551)
04:38:58 01-25 [epoch 46 train] [step 50/114] [eta 0:00:05]: lr 6.9443e-04 | loss 0.1525(0.1525)
04:39:00 01-25 [epoch 46 train] [step 100/114] [eta 0:00:00]: lr 6.9443e-04 | loss 0.1491(0.1457)
04:39:01 01-25 [epoch 46 train] [step 114/114] [eta 0:00:00]: lr 6.9443e-04 | loss 0.1480(0.1399)
04:39:02 01-25 [epoch 47 train] [step 1/114] [eta 0:00:06]: lr 6.9370e-04 | loss 0.2689(0.1418)
04:39:03 01-25 [epoch 47 train] [step 50/114] [eta 0:00:03]: lr 6.5796e-04 | loss 0.1568(0.1568)
04:39:05 01-25 [epoch 47 train] [step 100/114] [eta 0:00:00]: lr 6.5796e-04 | loss 0.1560(0.1552)
04:39:06 01-25 [epoch 47 train] [step 114/114] [eta 0:00:00]: lr 6.5796e-04 | loss 0.1568(0.1636)
04:39:06 01-25 [epoch 48 train] [step 1/114] [eta 0:00:05]: lr 6.5722e-04 | loss 0.1353(0.1631)
04:39:09 01-25 [epoch 48 train] [step 50/114] [eta 0:00:03]: lr 6.2056e-04 | loss 0.1586(0.1586)
04:39:11 01-25 [epoch 48 train] [step 100/114] [eta 0:00:00]: lr 6.2056e-04 | loss 0.1514(0.1442)
04:39:11 01-25 [epoch 48 train] [step 114/114] [eta 0:00:00]: lr 6.2056e-04 | loss 0.1501(0.1433)
04:39:36 01-25 [epoch 49 train] [step 1/114] [eta 0:00:06]: lr 6.1979e-04 | loss 0.1444(0.1439)
04:39:14 01-25 [epoch 49 train] [step 50/114] [eta 0:00:03]: lr 5.8244e-04 | loss 0.1410(0.1410)
04:39:16 01-25 [epoch 49 train] [step 100/114] [eta 0:00:00]: lr 5.8244e-04 | loss 0.1487(0.1565)
04:39:17 01-25 [epoch 49 train] [step 114/114] [eta 0:00:00]: lr 5.8244e-04 | loss 0.1480(0.1578)
04:39:17 01-25 [epoch 50 train] [step 1/114] [eta 0:00:06]: lr 5.8166e-04 | loss 0.1212(0.1577)
04:39:19 01-25 [epoch 50 train] [step 50/114] [eta 0:00:03]: lr 5.4384e-04 | loss 0.1450(0.1450)
04:39:22 01-25 [epoch 50 train] [step 100/114] [eta 0:00:00]: lr 5.4384e-04 | loss 0.1463(0.1477)
04:39:23 01-25 [epoch 50 train] [step 114/114] [eta 0:00:00]: lr 5.4384e-04 | loss 0.1460(0.1392)
04:39:24 01-25 [epoch 50 val]: acc_daxuanniu 100.0000 | acc_fangjian 50.0000 | acc_fangxiangjian 88.8889 | acc_sandianyuanxuanniu 100.0000 | acc_tuoyuanjian 57.1428 | acc_xiaoxuanniu 100.0000 | acc_youjian 87.5000 | acc_yuanpan 66.6667 | acc_avg 83.3333 | Loss 0.4280
04:39:25 01-25 [epoch 51 train] [step 1/114] [eta 0:00:10]: lr 5.4306e-04 | loss 0.1238(0.1382)
04:39:27 01-25 [epoch 51 train] [step 50/114] [eta 0:00:05]: lr 5.0500e-04 | loss 0.1467(0.1467)
04:39:29 01-25 [epoch 51 train] [step 100/114] [eta 0:00:00]: lr 5.0500e-04 | loss 0.1428(0.1390)
04:39:30 01-25 [epoch 51 train] [step 114/114] [eta 0:00:00]: lr 5.0500e-04 | loss 0.1426(0.1385)
04:39:31 01-25 [epoch 52 train] [step 1/114] [eta 0:00:06]: lr 5.0422e-04 | loss 0.1195(0.1380)
04:39:33 01-25 [epoch 52 train] [step 50/114] [eta 0:00:03]: lr 4.6616e-04 | loss 0.1403(0.1403)
04:39:35 01-25 [epoch 52 train] [step 100/114] [eta 0:00:00]: lr 4.6616e-04 | loss 0.1433(0.1464)
04:39:36 01-25 [epoch 52 train] [step 114/114] [eta 0:00:00]: lr 4.6616e-04 | loss 0.1430(0.1464)
04:39:36 01-25 [epoch 53 train] [step 1/114] [eta 0:00:06]: lr 4.6539e-04 | loss 0.1142(0.1462)
04:39:38 01-25 [epoch 53 train] [step 50/114] [eta 0:00:03]: lr 4.2756e-04 | loss 0.1331(0.1331)
04:39:41 01-25 [epoch 53 train] [step 100/114] [eta 0:00:00]: lr 4.2756e-04 | loss 0.1385(0.1439)
04:39:41 01-25 [epoch 53 train] [step 114/114] [eta 0:00:00]: lr 4.2756e-04 | loss 0.1372(0.1380)
04:40:06 01-25 [epoch 54 train] [step 1/114] [eta 0:00:06]: lr 4.2680e-04 | loss 0.1498(0.1384)
04:39:44 01-25 [epoch 54 train] [step 50/114] [eta 0:00:03]: lr 3.8944e-04 | loss 0.1381(0.1381)
04:39:46 01-25 [epoch 54 train] [step 100/114] [eta 0:00:00]: lr 3.8944e-04 | loss 0.1356(0.1332)
04:39:46 01-25 [epoch 54 train] [step 114/114] [eta 0:00:00]: lr 3.8944e-04 | loss 0.1344(0.1260)
04:39:47 01-25 [epoch 55 train] [step 1/114] [eta 0:00:06]: lr 3.8870e-04 | loss 0.1204(0.1260)
04:39:49 01-25 [epoch 55 train] [step 50/114] [eta 0:00:03]: lr 3.5204e-04 | loss 0.1276(0.1276)
04:39:51 01-25 [epoch 55 train] [step 100/114] [eta 0:00:00]: lr 3.5204e-04 | loss 0.1313(0.1351)
04:39:51 01-25 [epoch 55 train] [step 114/114] [eta 0:00:00]: lr 3.5204e-04 | loss 0.1308(0.1345)
04:39:53 01-25 [epoch 55 val]: acc_daxuanniu 100.0000 | acc_fangjian 50.0000 | acc_fangxiangjian 88.8889 | acc_sandianyuanxuanniu 100.0000 | acc_tuoyuanjian 57.1428 | acc_xiaoxuanniu 100.0000 | acc_youjian 87.5000 | acc_yuanpan 66.6667 | acc_avg 83.3333 | Loss 0.4744
04:39:54 01-25 [epoch 56 train] [step 1/114] [eta 0:00:09]: lr 3.5131e-04 | loss 0.1281(0.1347)
04:39:56 01-25 [epoch 56 train] [step 50/114] [eta 0:00:05]: lr 3.1557e-04 | loss 0.1361(0.1361)
04:39:58 01-25 [epoch 56 train] [step 100/114] [eta 0:00:00]: lr 3.1557e-04 | loss 0.1417(0.1473)
04:39:58 01-25 [epoch 56 train] [step 114/114] [eta 0:00:00]: lr 3.1557e-04 | loss 0.1409(0.1478)
04:39:59 01-25 [epoch 57 train] [step 1/114] [eta 0:00:05]: lr 3.1487e-04 | loss 0.1208(0.1448)
04:40:01 01-25 [epoch 57 train] [step 50/114] [eta 0:00:03]: lr 2.8027e-04 | loss 0.1345(0.1345)
04:40:03 01-25 [epoch 57 train] [step 100/114] [eta 0:00:00]: lr 2.8027e-04 | loss 0.1337(0.1328)
04:40:04 01-25 [epoch 57 train] [step 114/114] [eta 0:00:00]: lr 2.8027e-04 | loss 0.1349(0.1353)
04:40:05 01-25 [epoch 58 train] [step 1/114] [eta 0:00:06]: lr 2.7960e-04 | loss 0.1250(0.1354)
04:40:07 01-25 [epoch 58 train] [step 50/114] [eta 0:00:04]: lr 2.4636e-04 | loss 0.1260(0.1260)
04:40:09 01-25 [epoch 58 train] [step 100/114] [eta 0:00:00]: lr 2.4636e-04 | loss 0.1288(0.1316)
04:40:10 01-25 [epoch 58 train] [step 114/114] [eta 0:00:00]: lr 2.4636e-04 | loss 0.1296(0.1331)
04:40:11 01-25 [epoch 59 train] [step 1/114] [eta 0:00:06]: lr 2.4572e-04 | loss 0.1227(0.1334)
04:40:13 01-25 [epoch 59 train] [step 50/114] [eta 0:00:03]: lr 2.1405e-04 | loss 0.1272(0.1272)
04:40:15 01-25 [epoch 59 train] [step 100/114] [eta 0:00:00]: lr 2.1405e-04 | loss 0.1293(0.1313)
04:40:16 01-25 [epoch 59 train] [step 114/114] [eta 0:00:00]: lr 2.1405e-04 | loss 0.1296(0.1347)
04:40:41 01-25 [epoch 60 train] [step 1/114] [eta 0:00:07]: lr 2.1344e-04 | loss 0.1119(0.1346)
04:40:19 01-25 [epoch 60 train] [step 50/114] [eta 0:00:03]: lr 1.8352e-04 | loss 0.1324(0.1324)
04:40:21 01-25 [epoch 60 train] [step 100/114] [eta 0:00:00]: lr 1.8352e-04 | loss 0.1289(0.1254)
04:40:21 01-25 [epoch 60 train] [step 114/114] [eta 0:00:00]: lr 1.8352e-04 | loss 0.1282(0.1251)
04:40:23 01-25 [epoch 60 val]: acc_daxuanniu 100.0000 | acc_fangjian 50.0000 | acc_fangxiangjian 88.8889 | acc_sandianyuanxuanniu 100.0000 | acc_tuoyuanjian 57.1428 | acc_xiaoxuanniu 100.0000 | acc_youjian 87.5000 | acc_yuanpan 83.3333 | acc_avg 85.4167 | Loss 0.4388
04:40:24 01-25 [epoch 61 train] [step 1/114] [eta 0:00:09]: lr 1.8295e-04 | loss 0.1218(0.1252)
04:40:26 01-25 [epoch 61 train] [step 50/114] [eta 0:00:05]: lr 1.5498e-04 | loss 0.1451(0.1451)
04:40:28 01-25 [epoch 61 train] [step 100/114] [eta 0:00:00]: lr 1.5498e-04 | loss 0.1406(0.1360)
04:40:28 01-25 [epoch 61 train] [step 114/114] [eta 0:00:00]: lr 1.5498e-04 | loss 0.1398(0.1382)
04:40:29 01-25 [epoch 62 train] [step 1/114] [eta 0:00:05]: lr 1.5445e-04 | loss 0.1299(0.1385)
04:40:31 01-25 [epoch 62 train] [step 50/114] [eta 0:00:03]: lr 1.2860e-04 | loss 0.1252(0.1252)
04:40:33 01-25 [epoch 62 train] [step 100/114] [eta 0:00:00]: lr 1.2860e-04 | loss 0.1278(0.1303)
04:40:34 01-25 [epoch 62 train] [step 114/114] [eta 0:00:00]: lr 1.2860e-04 | loss 0.1277(0.1252)
04:40:34 01-25 [epoch 63 train] [step 1/114] [eta 0:00:05]: lr 1.2812e-04 | loss 0.1200(0.1254)
04:40:36 01-25 [epoch 63 train] [step 50/114] [eta 0:00:03]: lr 1.0454e-04 | loss 0.1289(0.1289)
04:40:39 01-25 [epoch 63 train] [step 100/114] [eta 0:00:00]: lr 1.0454e-04 | loss 0.1330(0.1370)
04:40:39 01-25 [epoch 63 train] [step 114/114] [eta 0:00:00]: lr 1.0454e-04 | loss 0.1320(0.1322)
04:40:40 01-25 [epoch 64 train] [step 1/114] [eta 0:00:06]: lr 1.0410e-04 | loss 0.1177(0.1323)
04:40:42 01-25 [epoch 64 train] [step 50/114] [eta 0:00:03]: lr 8.2943e-05 | loss 0.1320(0.1320)
04:40:44 01-25 [epoch 64 train] [step 100/114] [eta 0:00:00]: lr 8.2943e-05 | loss 0.1331(0.1341)
04:40:45 01-25 [epoch 64 train] [step 114/114] [eta 0:00:00]: lr 8.2943e-05 | loss 0.1316(0.1300)
04:40:45 01-25 [epoch 65 train] [step 1/114] [eta 0:00:06]: lr 8.2563e-05 | loss 0.1386(0.1305)
04:40:48 01-25 [epoch 65 train] [step 50/114] [eta 0:00:04]: lr 6.3952e-05 | loss 0.1192(0.1192)
04:40:51 01-25 [epoch 65 train] [step 100/114] [eta 0:00:00]: lr 6.3952e-05 | loss 0.1250(0.1308)
04:40:51 01-25 [epoch 65 train] [step 114/114] [eta 0:00:00]: lr 6.3952e-05 | loss 0.1245(0.1245)
04:40:53 01-25 [epoch 65 val]: acc_daxuanniu 100.0000 | acc_fangjian 50.0000 | acc_fangxiangjian 88.8889 | acc_sandianyuanxuanniu 100.0000 | acc_tuoyuanjian 57.1428 | acc_xiaoxuanniu 100.0000 | acc_youjian 87.5000 | acc_yuanpan 66.6667 | acc_avg 83.3333 | Loss 0.4247
04:40:53 01-25 [epoch 66 train] [step 1/114] [eta 0:00:10]: lr 6.3626e-05 | loss 0.1340(0.1249)
04:40:55 01-25 [epoch 66 train] [step 50/114] [eta 0:00:05]: lr 4.7680e-05 | loss 0.1299(0.1299)
04:40:58 01-25 [epoch 66 train] [step 100/114] [eta 0:00:00]: lr 4.7680e-05 | loss 0.1272(0.1245)
04:40:58 01-25 [epoch 66 train] [step 114/114] [eta 0:00:00]: lr 4.7680e-05 | loss 0.1260(0.1232)
04:40:59 01-25 [epoch 67 train] [step 1/114] [eta 0:00:05]: lr 4.7411e-05 | loss 0.1312(0.1232)
04:41:01 01-25 [epoch 67 train] [step 50/114] [eta 0:00:03]: lr 3.4227e-05 | loss 0.1305(0.1305)
04:41:03 01-25 [epoch 67 train] [step 100/114] [eta 0:00:00]: lr 3.4227e-05 | loss 0.1279(0.1253)
04:41:03 01-25 [epoch 67 train] [step 114/114] [eta 0:00:00]: lr 3.4227e-05 | loss 0.1286(0.1285)
04:41:04 01-25 [epoch 68 train] [step 1/114] [eta 0:00:06]: lr 3.4016e-05 | loss 0.1253(0.1283)
04:41:06 01-25 [epoch 68 train] [step 50/114] [eta 0:00:02]: lr 2.3677e-05 | loss 0.1358(0.1358)
04:41:08 01-25 [epoch 68 train] [step 100/114] [eta 0:00:00]: lr 2.3677e-05 | loss 0.1326(0.1294)
04:41:08 01-25 [epoch 68 train] [step 114/114] [eta 0:00:00]: lr 2.3677e-05 | loss 0.1327(0.1261)
04:41:09 01-25 [epoch 69 train] [step 1/114] [eta 0:00:05]: lr 2.3525e-05 | loss 0.2217(0.1275)
04:41:11 01-25 [epoch 69 train] [step 50/114] [eta 0:00:03]: lr 1.6094e-05 | loss 0.1301(0.1301)
04:41:13 01-25 [epoch 69 train] [step 100/114] [eta 0:00:00]: lr 1.6094e-05 | loss 0.1271(0.1242)
04:41:13 01-25 [epoch 69 train] [step 114/114] [eta 0:00:00]: lr 1.6094e-05 | loss 0.1302(0.1326)
04:41:14 01-25 [epoch 70 train] [step 1/114] [eta 0:00:05]: lr 1.6003e-05 | loss 0.1136(0.1326)
04:41:16 01-25 [epoch 70 train] [step 50/114] [eta 0:00:03]: lr 1.1526e-05 | loss 0.1249(0.1249)
04:41:18 01-25 [epoch 70 train] [step 100/114] [eta 0:00:00]: lr 1.1526e-05 | loss 0.1246(0.1243)
04:41:19 01-25 [epoch 70 train] [step 114/114] [eta 0:00:00]: lr 1.1526e-05 | loss 0.1244(0.1252)
04:41:20 01-25 [epoch 70 val]: acc_daxuanniu 100.0000 | acc_fangjian 50.0000 | acc_fangxiangjian 88.8889 | acc_sandianyuanxuanniu 100.0000 | acc_tuoyuanjian 57.1428 | acc_xiaoxuanniu 100.0000 | acc_youjian 87.5000 | acc_yuanpan 83.3333 | acc_avg 85.4167 | Loss 0.4012
04:41:21 01-25 [epoch 71 train] [step 1/114] [eta 0:00:09]: lr 3.1295e-05 | loss 0.1218(0.1252)
04:41:23 01-25 [epoch 71 train] [step 50/114] [eta 0:00:05]: lr 1.0000e-03 | loss 0.1443(0.1443)
04:41:25 01-25 [epoch 71 train] [step 100/114] [eta 0:00:00]: lr 1.0000e-03 | loss 0.1388(0.1333)
04:41:26 01-25 [epoch 71 train] [step 114/114] [eta 0:00:00]: lr 1.0000e-03 | loss 0.1377(0.1358)
04:41:26 01-25 [epoch 72 train] [step 1/114] [eta 0:00:05]: lr 9.9999e-04 | loss 0.1186(0.1359)
04:41:28 01-25 [epoch 72 train] [step 50/114] [eta 0:00:03]: lr 9.9962e-04 | loss 0.1431(0.1431)
04:41:30 01-25 [epoch 72 train] [step 100/114] [eta 0:00:00]: lr 9.9962e-04 | loss 0.1352(0.1273)
04:41:31 01-25 [epoch 72 train] [step 114/114] [eta 0:00:00]: lr 9.9962e-04 | loss 0.1357(0.1290)
04:41:31 01-25 [epoch 73 train] [step 1/114] [eta 0:00:05]: lr 9.9960e-04 | loss 0.1443(0.1297)
04:41:33 01-25 [epoch 73 train] [step 50/114] [eta 0:00:03]: lr 9.9847e-04 | loss 0.1345(0.1345)
04:41:36 01-25 [epoch 73 train] [step 100/114] [eta 0:00:00]: lr 9.9847e-04 | loss 0.1387(0.1429)
04:41:36 01-25 [epoch 73 train] [step 114/114] [eta 0:00:00]: lr 9.9847e-04 | loss 0.1377(0.1419)
04:41:37 01-25 [epoch 74 train] [step 1/114] [eta 0:00:06]: lr 9.9844e-04 | loss 0.1266(0.1412)
04:41:39 01-25 [epoch 74 train] [step 50/114] [eta 0:00:03]: lr 9.9657e-04 | loss 0.1383(0.1383)
04:41:41 01-25 [epoch 74 train] [step 100/114] [eta 0:00:00]: lr 9.9657e-04 | loss 0.1312(0.1242)
04:41:42 01-25 [epoch 74 train] [step 114/114] [eta 0:00:00]: lr 9.9657e-04 | loss 0.1316(0.1259)
04:41:42 01-25 [epoch 75 train] [step 1/114] [eta 0:00:05]: lr 9.9652e-04 | loss 0.1328(0.1257)
04:41:44 01-25 [epoch 75 train] [step 50/114] [eta 0:00:03]: lr 9.9391e-04 | loss 0.1276(0.1276)
04:41:46 01-25 [epoch 75 train] [step 100/114] [eta 0:00:00]: lr 9.9391e-04 | loss 0.1310(0.1344)
04:42:11 01-25 [epoch 75 train] [step 114/114] [eta 0:00:00]: lr 9.9391e-04 | loss 0.1294(0.1299)
04:41:48 01-25 [epoch 75 val]: acc_daxuanniu 100.0000 | acc_fangjian 50.0000 | acc_fangxiangjian 77.7778 | acc_sandianyuanxuanniu 100.0000 | acc_tuoyuanjian 100.0000 | acc_xiaoxuanniu 100.0000 | acc_youjian 87.5000 | acc_yuanpan 33.3333 | acc_avg 83.3333 | Loss 0.3749
04:41:49 01-25 [epoch 76 train] [step 1/114] [eta 0:00:09]: lr 9.9384e-04 | loss 0.1313(0.1302)
04:41:51 01-25 [epoch 76 train] [step 50/114] [eta 0:00:05]: lr 9.9049e-04 | loss 0.1276(0.1276)
04:41:54 01-25 [epoch 76 train] [step 100/114] [eta 0:00:00]: lr 9.9049e-04 | loss 0.1322(0.1368)
04:41:55 01-25 [epoch 76 train] [step 114/114] [eta 0:00:00]: lr 9.9049e-04 | loss 0.1303(0.1291)
04:41:55 01-25 [epoch 77 train] [step 1/114] [eta 0:00:07]: lr 9.9041e-04 | loss 0.1136(0.1292)
04:41:57 01-25 [epoch 77 train] [step 50/114] [eta 0:00:03]: lr 9.8632e-04 | loss 0.1215(0.1215)
04:42:00 01-25 [epoch 77 train] [step 100/114] [eta 0:00:00]: lr 9.8632e-04 | loss 0.1238(0.1261)
04:42:00 01-25 [epoch 77 train] [step 114/114] [eta 0:00:00]: lr 9.8632e-04 | loss 0.1242(0.1283)
04:42:01 01-25 [epoch 78 train] [step 1/114] [eta 0:00:05]: lr 9.8622e-04 | loss 0.1105(0.1281)
04:42:03 01-25 [epoch 78 train] [step 50/114] [eta 0:00:03]: lr 9.8142e-04 | loss 0.1182(0.1182)
04:42:05 01-25 [epoch 78 train] [step 100/114] [eta 0:00:00]: lr 9.8142e-04 | loss 0.1205(0.1228)
04:42:06 01-25 [epoch 78 train] [step 114/114] [eta 0:00:00]: lr 9.8142e-04 | loss 0.1220(0.1245)
04:42:07 01-25 [epoch 79 train] [step 1/114] [eta 0:00:06]: lr 9.8130e-04 | loss 0.1117(0.1237)
04:42:09 01-25 [epoch 79 train] [step 50/114] [eta 0:00:04]: lr 9.7577e-04 | loss 0.1268(0.1268)
04:42:12 01-25 [epoch 79 train] [step 100/114] [eta 0:00:00]: lr 9.7577e-04 | loss 0.1245(0.1221)
04:42:12 01-25 [epoch 79 train] [step 114/114] [eta 0:00:00]: lr 9.7577e-04 | loss 0.1243(0.1228)
04:42:13 01-25 [epoch 80 train] [step 1/114] [eta 0:00:07]: lr 9.7565e-04 | loss 0.1101(0.1227)
04:42:16 01-25 [epoch 80 train] [step 50/114] [eta 0:00:04]: lr 9.6940e-04 | loss 0.1336(0.1336)
04:42:18 01-25 [epoch 80 train] [step 100/114] [eta 0:00:00]: lr 9.6940e-04 | loss 0.1302(0.1268)
04:42:19 01-25 [epoch 80 train] [step 114/114] [eta 0:00:00]: lr 9.6940e-04 | loss 0.1300(0.1304)
04:42:20 01-25 [epoch 80 val]: acc_daxuanniu 100.0000 | acc_fangjian 50.0000 | acc_fangxiangjian 88.8889 | acc_sandianyuanxuanniu 100.0000 | acc_tuoyuanjian 57.1428 | acc_xiaoxuanniu 100.0000 | acc_youjian 87.5000 | acc_yuanpan 83.3333 | acc_avg 85.4167 | Loss 0.6856
04:42:21 01-25 [epoch 81 train] [step 1/114] [eta 0:00:09]: lr 9.6926e-04 | loss 0.1136(0.1302)
04:42:23 01-25 [epoch 81 train] [step 50/114] [eta 0:00:05]: lr 9.6232e-04 | loss 0.1282(0.1282)
04:42:24 01-25 [epoch 81 train] [step 100/114] [eta 0:00:00]: lr 9.6232e-04 | loss 0.1278(0.1275)
04:42:25 01-25 [epoch 81 train] [step 114/114] [eta 0:00:00]: lr 9.6232e-04 | loss 0.1282(0.1317)
04:42:26 01-25 [epoch 82 train] [step 1/114] [eta 0:00:05]: lr 9.6216e-04 | loss 0.1401(0.1323)
04:42:27 01-25 [epoch 82 train] [step 50/114] [eta 0:00:03]: lr 9.5453e-04 | loss 0.1222(0.1222)
04:42:30 01-25 [epoch 82 train] [step 100/114] [eta 0:00:00]: lr 9.5453e-04 | loss 0.1256(0.1291)
04:42:30 01-25 [epoch 82 train] [step 114/114] [eta 0:00:00]: lr 9.5453e-04 | loss 0.1257(0.1302)
04:42:31 01-25 [epoch 83 train] [step 1/114] [eta 0:00:05]: lr 9.5436e-04 | loss 0.1094(0.1297)
04:42:33 01-25 [epoch 83 train] [step 50/114] [eta 0:00:03]: lr 9.4605e-04 | loss 0.1264(0.1264)
04:42:35 01-25 [epoch 83 train] [step 100/114] [eta 0:00:00]: lr 9.4605e-04 | loss 0.1222(0.1180)
04:42:36 01-25 [epoch 83 train] [step 114/114] [eta 0:00:00]: lr 9.4605e-04 | loss 0.1226(0.1214)
04:42:36 01-25 [epoch 84 train] [step 1/114] [eta 0:00:06]: lr 9.4586e-04 | loss 0.1176(0.1215)
04:42:38 01-25 [epoch 84 train] [step 50/114] [eta 0:00:03]: lr 9.3689e-04 | loss 0.1219(0.1219)
04:42:41 01-25 [epoch 84 train] [step 100/114] [eta 0:00:00]: lr 9.3689e-04 | loss 0.1199(0.1179)
04:42:41 01-25 [epoch 84 train] [step 114/114] [eta 0:00:00]: lr 9.3689e-04 | loss 0.1196(0.1190)
04:42:42 01-25 [epoch 85 train] [step 1/114] [eta 0:00:06]: lr 9.3669e-04 | loss 0.1766(0.1203)
04:42:44 01-25 [epoch 85 train] [step 50/114] [eta 0:00:03]: lr 9.2706e-04 | loss 0.1184(0.1184)
04:42:46 01-25 [epoch 85 train] [step 100/114] [eta 0:00:00]: lr 9.2706e-04 | loss 0.1182(0.1179)
04:42:46 01-25 [epoch 85 train] [step 114/114] [eta 0:00:00]: lr 9.2706e-04 | loss 0.1177(0.1150)
04:42:48 01-25 [epoch 85 val]: acc_daxuanniu 100.0000 | acc_fangjian 50.0000 | acc_fangxiangjian 77.7778 | acc_sandianyuanxuanniu 100.0000 | acc_tuoyuanjian 57.1428 | acc_xiaoxuanniu 100.0000 | acc_youjian 87.5000 | acc_yuanpan 83.3333 | acc_avg 83.3333 | Loss 0.3222
04:42:48 01-25 [epoch 86 train] [step 1/114] [eta 0:00:09]: lr 9.2685e-04 | loss 0.1088(0.1149)
04:42:51 01-25 [epoch 86 train] [step 50/114] [eta 0:00:05]: lr 9.1658e-04 | loss 0.1140(0.1140)
04:42:53 01-25 [epoch 86 train] [step 100/114] [eta 0:00:00]: lr 9.1658e-04 | loss 0.1190(0.1239)
04:42:54 01-25 [epoch 86 train] [step 114/114] [eta 0:00:00]: lr 9.1658e-04 | loss 0.1200(0.1280)
04:42:55 01-25 [epoch 87 train] [step 1/114] [eta 0:00:06]: lr 9.1636e-04 | loss 0.1099(0.1279)
04:42:57 01-25 [epoch 87 train] [step 50/114] [eta 0:00:03]: lr 9.0546e-04 | loss 0.1194(0.1194)
04:42:59 01-25 [epoch 87 train] [step 100/114] [eta 0:00:00]: lr 9.0546e-04 | loss 0.1177(0.1161)
04:42:59 01-25 [epoch 87 train] [step 114/114] [eta 0:00:00]: lr 9.0546e-04 | loss 0.1177(0.1163)
04:43:00 01-25 [epoch 88 train] [step 1/114] [eta 0:00:05]: lr 9.0523e-04 | loss 0.1137(0.1163)
04:43:26 01-25 [epoch 88 train] [step 50/114] [eta 0:00:03]: lr 8.9373e-04 | loss 0.1142(0.1142)
04:43:04 01-25 [epoch 88 train] [step 100/114] [eta 0:00:00]: lr 8.9373e-04 | loss 0.1141(0.1140)
04:43:04 01-25 [epoch 88 train] [step 114/114] [eta 0:00:00]: lr 8.9373e-04 | loss 0.1141(0.1142)
04:43:05 01-25 [epoch 89 train] [step 1/114] [eta 0:00:05]: lr 8.9349e-04 | loss 0.1141(0.1142)
04:43:07 01-25 [epoch 89 train] [step 50/114] [eta 0:00:03]: lr 8.8140e-04 | loss 0.1160(0.1160)
04:43:09 01-25 [epoch 89 train] [step 100/114] [eta 0:00:00]: lr 8.8140e-04 | loss 0.1156(0.1152)
04:43:09 01-25 [epoch 89 train] [step 114/114] [eta 0:00:00]: lr 8.8140e-04 | loss 0.1153(0.1156)
04:43:10 01-25 [epoch 90 train] [step 1/114] [eta 0:00:05]: lr 8.8114e-04 | loss 0.1233(0.1158)
04:43:12 01-25 [epoch 90 train] [step 50/114] [eta 0:00:03]: lr 8.6849e-04 | loss 0.1142(0.1142)
04:43:14 01-25 [epoch 90 train] [step 100/114] [eta 0:00:00]: lr 8.6849e-04 | loss 0.1146(0.1149)
04:43:14 01-25 [epoch 90 train] [step 114/114] [eta 0:00:00]: lr 8.6849e-04 | loss 0.1148(0.1161)
04:43:15 01-25 [epoch 90 val]: acc_daxuanniu 100.0000 | acc_fangjian 50.0000 | acc_fangxiangjian 88.8889 | acc_sandianyuanxuanniu 100.0000 | acc_tuoyuanjian 71.4286 | acc_xiaoxuanniu 100.0000 | acc_youjian 87.5000 | acc_yuanpan 66.6667 | acc_avg 85.4167 | Loss 0.3809
04:43:16 01-25 [epoch 91 train] [step 1/114] [eta 0:00:09]: lr 8.6822e-04 | loss 0.1325(0.1165)
04:43:18 01-25 [epoch 91 train] [step 50/114] [eta 0:00:05]: lr 8.5502e-04 | loss 0.1167(0.1167)
04:43:20 01-25 [epoch 91 train] [step 100/114] [eta 0:00:00]: lr 8.5502e-04 | loss 0.1158(0.1148)
04:43:21 01-25 [epoch 91 train] [step 114/114] [eta 0:00:00]: lr 8.5502e-04 | loss 0.1152(0.1139)
04:43:21 01-25 [epoch 92 train] [step 1/114] [eta 0:00:05]: lr 8.5474e-04 | loss 0.1103(0.1137)
04:43:24 01-25 [epoch 92 train] [step 50/114] [eta 0:00:03]: lr 8.4101e-04 | loss 0.1127(0.1127)
04:43:26 01-25 [epoch 92 train] [step 100/114] [eta 0:00:00]: lr 8.4101e-04 | loss 0.1133(0.1139)
04:43:26 01-25 [epoch 92 train] [step 114/114] [eta 0:00:00]: lr 8.4101e-04 | loss 0.1147(0.1166)
04:43:27 01-25 [epoch 93 train] [step 1/114] [eta 0:00:05]: lr 8.4072e-04 | loss 0.1163(0.1167)
04:43:29 01-25 [epoch 93 train] [step 50/114] [eta 0:00:04]: lr 8.2648e-04 | loss 0.1238(0.1238)
04:43:32 01-25 [epoch 93 train] [step 100/114] [eta 0:00:00]: lr 8.2648e-04 | loss 0.1197(0.1157)
04:43:32 01-25 [epoch 93 train] [step 114/114] [eta 0:00:00]: lr 8.2648e-04 | loss 0.1201(0.1184)
04:43:33 01-25 [epoch 94 train] [step 1/114] [eta 0:00:07]: lr 8.2618e-04 | loss 0.1112(0.1158)
04:43:36 01-25 [epoch 94 train] [step 50/114] [eta 0:00:04]: lr 8.1145e-04 | loss 0.1163(0.1163)
04:43:38 01-25 [epoch 94 train] [step 100/114] [eta 0:00:00]: lr 8.1145e-04 | loss 0.1150(0.1137)
04:43:39 01-25 [epoch 94 train] [step 114/114] [eta 0:00:00]: lr 8.1145e-04 | loss 0.1152(0.1146)
04:43:39 01-25 [epoch 95 train] [step 1/114] [eta 0:00:06]: lr 8.1114e-04 | loss 0.1139(0.1147)
04:43:41 01-25 [epoch 95 train] [step 50/114] [eta 0:00:03]: lr 7.9595e-04 | loss 0.1141(0.1141)
04:43:43 01-25 [epoch 95 train] [step 100/114] [eta 0:00:00]: lr 7.9595e-04 | loss 0.1155(0.1169)
04:43:44 01-25 [epoch 95 train] [step 114/114] [eta 0:00:00]: lr 7.9595e-04 | loss 0.1167(0.1181)
04:43:45 01-25 [epoch 95 val]: acc_daxuanniu 100.0000 | acc_fangjian 50.0000 | acc_fangxiangjian 88.8889 | acc_sandianyuanxuanniu 100.0000 | acc_tuoyuanjian 57.1428 | acc_xiaoxuanniu 100.0000 | acc_youjian 87.5000 | acc_yuanpan 83.3333 | acc_avg 85.4167 | Loss 0.4343
04:43:46 01-25 [epoch 96 train] [step 1/114] [eta 0:00:08]: lr 7.9563e-04 | loss 0.1090(0.1181)
04:43:48 01-25 [epoch 96 train] [step 50/114] [eta 0:00:05]: lr 7.8001e-04 | loss 0.1199(0.1199)
04:43:50 01-25 [epoch 96 train] [step 100/114] [eta 0:00:00]: lr 7.8001e-04 | loss 0.1174(0.1149)
04:43:51 01-25 [epoch 96 train] [step 114/114] [eta 0:00:00]: lr 7.8001e-04 | loss 0.1173(0.1147)
04:43:51 01-25 [epoch 97 train] [step 1/114] [eta 0:00:05]: lr 7.7968e-04 | loss 0.1119(0.1147)
04:43:54 01-25 [epoch 97 train] [step 50/114] [eta 0:00:03]: lr 7.6364e-04 | loss 0.1143(0.1143)
04:43:56 01-25 [epoch 97 train] [step 100/114] [eta 0:00:00]: lr 7.6364e-04 | loss 0.1152(0.1160)
04:43:56 01-25 [epoch 97 train] [step 114/114] [eta 0:00:00]: lr 7.6364e-04 | loss 0.1162(0.1189)
04:43:57 01-25 [epoch 98 train] [step 1/114] [eta 0:00:05]: lr 7.6330e-04 | loss 0.1088(0.1189)
04:43:59 01-25 [epoch 98 train] [step 50/114] [eta 0:00:03]: lr 7.4687e-04 | loss 0.1201(0.1201)
04:44:01 01-25 [epoch 98 train] [step 100/114] [eta 0:00:00]: lr 7.4687e-04 | loss 0.1159(0.1117)
04:44:02 01-25 [epoch 98 train] [step 114/114] [eta 0:00:00]: lr 7.4687e-04 | loss 0.1171(0.1157)
04:44:02 01-25 [epoch 99 train] [step 1/114] [eta 0:00:06]: lr 7.4652e-04 | loss 0.1125(0.1158)
04:44:04 01-25 [epoch 99 train] [step 50/114] [eta 0:00:03]: lr 7.2973e-04 | loss 0.1192(0.1192)
04:44:07 01-25 [epoch 99 train] [step 100/114] [eta 0:00:00]: lr 7.2973e-04 | loss 0.1166(0.1139)
04:44:31 01-25 [epoch 99 train] [step 114/114] [eta 0:00:00]: lr 7.2973e-04 | loss 0.1161(0.1123)
04:44:08 01-25 [epoch 100 train] [step 1/114] [eta 0:00:06]: lr 7.2938e-04 | loss 0.1094(0.1123)
04:44:11 01-25 [epoch 100 train] [step 50/114] [eta 0:00:04]: lr 7.1224e-04 | loss 0.1141(0.1141)
04:44:13 01-25 [epoch 100 train] [step 100/114] [eta 0:00:00]: lr 7.1224e-04 | loss 0.1147(0.1152)
04:44:14 01-25 [epoch 100 train] [step 114/114] [eta 0:00:00]: lr 7.1224e-04 | loss 0.1148(0.1157)
04:44:15 01-25 [epoch 100 val]: acc_daxuanniu 100.0000 | acc_fangjian 50.0000 | acc_fangxiangjian 88.8889 | acc_sandianyuanxuanniu 100.0000 | acc_tuoyuanjian 57.1428 | acc_xiaoxuanniu 100.0000 | acc_youjian 87.5000 | acc_yuanpan 83.3333 | acc_avg 85.4167 | Loss 0.6047
04:44:16 01-25 [epoch 101 train] [step 1/114] [eta 0:00:09]: lr 7.1188e-04 | loss 0.1328(0.1162)
04:44:18 01-25 [epoch 101 train] [step 50/114] [eta 0:00:05]: lr 6.9443e-04 | loss 0.1137(0.1137)
04:44:21 01-25 [epoch 101 train] [step 100/114] [eta 0:00:00]: lr 6.9443e-04 | loss 0.1135(0.1133)
04:44:21 01-25 [epoch 101 train] [step 114/114] [eta 0:00:00]: lr 6.9443e-04 | loss 0.1132(0.1133)
04:44:22 01-25 [epoch 102 train] [step 1/114] [eta 0:00:06]: lr 6.9407e-04 | loss 0.1088(0.1133)
04:44:24 01-25 [epoch 102 train] [step 50/114] [eta 0:00:03]: lr 6.7633e-04 | loss 0.1223(0.1223)
04:44:26 01-25 [epoch 102 train] [step 100/114] [eta 0:00:00]: lr 6.7633e-04 | loss 0.1201(0.1179)
04:44:27 01-25 [epoch 102 train] [step 114/114] [eta 0:00:00]: lr 6.7633e-04 | loss 0.1191(0.1141)
04:44:27 01-25 [epoch 103 train] [step 1/114] [eta 0:00:06]: lr 6.7596e-04 | loss 0.1268(0.1144)
04:44:29 01-25 [epoch 103 train] [step 50/114] [eta 0:00:03]: lr 6.5796e-04 | loss 0.1147(0.1147)
04:44:32 01-25 [epoch 103 train] [step 100/114] [eta 0:00:00]: lr 6.5796e-04 | loss 0.1155(0.1164)
04:44:32 01-25 [epoch 103 train] [step 114/114] [eta 0:00:00]: lr 6.5796e-04 | loss 0.1152(0.1153)
04:44:33 01-25 [epoch 104 train] [step 1/114] [eta 0:00:05]: lr 6.5759e-04 | loss 0.1086(0.1124)
04:44:35 01-25 [epoch 104 train] [step 50/114] [eta 0:00:03]: lr 6.3936e-04 | loss 0.1151(0.1151)
04:44:37 01-25 [epoch 104 train] [step 100/114] [eta 0:00:00]: lr 6.3936e-04 | loss 0.1142(0.1133)
04:44:38 01-25 [epoch 104 train] [step 114/114] [eta 0:00:00]: lr 6.3936e-04 | loss 0.1138(0.1128)
04:44:38 01-25 [epoch 105 train] [step 1/114] [eta 0:00:06]: lr 6.3899e-04 | loss 0.1092(0.1126)
04:44:40 01-25 [epoch 105 train] [step 50/114] [eta 0:00:03]: lr 6.2056e-04 | loss 0.1131(0.1131)
04:44:43 01-25 [epoch 105 train] [step 100/114] [eta 0:00:00]: lr 6.2056e-04 | loss 0.1144(0.1157)
04:44:44 01-25 [epoch 105 train] [step 114/114] [eta 0:00:00]: lr 6.2056e-04 | loss 0.1139(0.1158)
04:44:45 01-25 [epoch 105 val]: acc_daxuanniu 100.0000 | acc_fangjian 50.0000 | acc_fangxiangjian 88.8889 | acc_sandianyuanxuanniu 100.0000 | acc_tuoyuanjian 57.1428 | acc_xiaoxuanniu 100.0000 | acc_youjian 87.5000 | acc_yuanpan 83.3333 | acc_avg 85.4167 | Loss 0.4747
04:44:46 01-25 [epoch 106 train] [step 1/114] [eta 0:00:11]: lr 6.2018e-04 | loss 0.1095(0.1158)
04:44:49 01-25 [epoch 106 train] [step 50/114] [eta 0:00:06]: lr 6.0157e-04 | loss 0.1208(0.1208)
04:44:52 01-25 [epoch 106 train] [step 100/114] [eta 0:00:00]: lr 6.0157e-04 | loss 0.1187(0.1166)
04:44:52 01-25 [epoch 106 train] [step 114/114] [eta 0:00:00]: lr 6.0157e-04 | loss 0.1177(0.1150)
04:44:53 01-25 [epoch 107 train] [step 1/114] [eta 0:00:07]: lr 6.0119e-04 | loss 0.1512(0.1157)
04:44:55 01-25 [epoch 107 train] [step 50/114] [eta 0:00:03]: lr 5.8244e-04 | loss 0.1141(0.1141)
04:45:21 01-25 [epoch 107 train] [step 100/114] [eta 0:00:00]: lr 5.8244e-04 | loss 0.1159(0.1177)
04:44:58 01-25 [epoch 107 train] [step 114/114] [eta 0:00:00]: lr 5.8244e-04 | loss 0.1152(0.1170)
04:44:58 01-25 [epoch 108 train] [step 1/114] [eta 0:00:05]: lr 5.8205e-04 | loss 0.1087(0.1170)
04:45:00 01-25 [epoch 108 train] [step 50/114] [eta 0:00:03]: lr 5.6318e-04 | loss 0.1151(0.1151)
04:45:02 01-25 [epoch 108 train] [step 100/114] [eta 0:00:00]: lr 5.6318e-04 | loss 0.1158(0.1165)
04:45:03 01-25 [epoch 108 train] [step 114/114] [eta 0:00:00]: lr 5.6318e-04 | loss 0.1154(0.1168)
04:45:03 01-25 [epoch 109 train] [step 1/114] [eta 0:00:05]: lr 5.6279e-04 | loss 0.1097(0.1168)
04:45:05 01-25 [epoch 109 train] [step 50/114] [eta 0:00:03]: lr 5.4384e-04 | loss 0.1144(0.1144)
04:45:31 01-25 [epoch 109 train] [step 100/114] [eta 0:00:00]: lr 5.4384e-04 | loss 0.1142(0.1139)
04:45:08 01-25 [epoch 109 train] [step 114/114] [eta 0:00:00]: lr 5.4384e-04 | loss 0.1137(0.1128)
04:45:08 01-25 [epoch 110 train] [step 1/114] [eta 0:00:05]: lr 5.4345e-04 | loss 0.1126(0.1129)
04:45:11 01-25 [epoch 110 train] [step 50/114] [eta 0:00:03]: lr 5.2443e-04 | loss 0.1133(0.1133)
04:45:13 01-25 [epoch 110 train] [step 100/114] [eta 0:00:00]: lr 5.2443e-04 | loss 0.1127(0.1120)
04:45:13 01-25 [epoch 110 train] [step 114/114] [eta 0:00:00]: lr 5.2443e-04 | loss 0.1128(0.1130)
04:45:15 01-25 [epoch 110 val]: acc_daxuanniu 100.0000 | acc_fangjian 50.0000 | acc_fangxiangjian 88.8889 | acc_sandianyuanxuanniu 100.0000 | acc_tuoyuanjian 57.1428 | acc_xiaoxuanniu 100.0000 | acc_youjian 87.5000 | acc_yuanpan 66.6667 | acc_avg 83.3333 | Loss 0.3699
04:45:15 01-25 [epoch 111 train] [step 1/114] [eta 0:00:09]: lr 5.2404e-04 | loss 0.1101(0.1130)
04:45:17 01-25 [epoch 111 train] [step 50/114] [eta 0:00:05]: lr 5.0500e-04 | loss 0.1130(0.1130)
04:45:20 01-25 [epoch 111 train] [step 100/114] [eta 0:00:00]: lr 5.0500e-04 | loss 0.1122(0.1114)
04:45:21 01-25 [epoch 111 train] [step 114/114] [eta 0:00:00]: lr 5.0500e-04 | loss 0.1129(0.1133)
04:45:21 01-25 [epoch 112 train] [step 1/114] [eta 0:00:06]: lr 5.0461e-04 | loss 0.1094(0.1133)
04:45:23 01-25 [epoch 112 train] [step 50/114] [eta 0:00:03]: lr 4.8557e-04 | loss 0.1159(0.1159)
04:45:26 01-25 [epoch 112 train] [step 100/114] [eta 0:00:00]: lr 4.8557e-04 | loss 0.1143(0.1127)
04:45:27 01-25 [epoch 112 train] [step 114/114] [eta 0:00:00]: lr 4.8557e-04 | loss 0.1137(0.1119)
04:45:52 01-25 [epoch 113 train] [step 1/114] [eta 0:00:07]: lr 4.8518e-04 | loss 0.1094(0.1119)
04:45:30 01-25 [epoch 113 train] [step 50/114] [eta 0:00:03]: lr 4.6616e-04 | loss 0.1126(0.1126)
04:45:56 01-25 [epoch 113 train] [step 100/114] [eta 0:00:00]: lr 4.6616e-04 | loss 0.1147(0.1169)
04:45:33 01-25 [epoch 113 train] [step 114/114] [eta 0:00:00]: lr 4.6616e-04 | loss 0.1146(0.1128)
04:45:33 01-25 [epoch 114 train] [step 1/114] [eta 0:00:06]: lr 4.6578e-04 | loss 0.1099(0.1118)
04:45:36 01-25 [epoch 114 train] [step 50/114] [eta 0:00:03]: lr 4.4682e-04 | loss 0.1130(0.1130)
04:45:38 01-25 [epoch 114 train] [step 100/114] [eta 0:00:00]: lr 4.4682e-04 | loss 0.1131(0.1132)
04:45:38 01-25 [epoch 114 train] [step 114/114] [eta 0:00:00]: lr 4.4682e-04 | loss 0.1136(0.1152)
04:45:39 01-25 [epoch 115 train] [step 1/114] [eta 0:00:06]: lr 4.4643e-04 | loss 0.1085(0.1152)
04:45:41 01-25 [epoch 115 train] [step 50/114] [eta 0:00:03]: lr 4.2756e-04 | loss 0.1117(0.1117)
04:45:43 01-25 [epoch 115 train] [step 100/114] [eta 0:00:00]: lr 4.2756e-04 | loss 0.1126(0.1136)
04:45:44 01-25 [epoch 115 train] [step 114/114] [eta 0:00:00]: lr 4.2756e-04 | loss 0.1123(0.1124)
04:45:45 01-25 [epoch 115 val]: acc_daxuanniu 100.0000 | acc_fangjian 50.0000 | acc_fangxiangjian 88.8889 | acc_sandianyuanxuanniu 100.0000 | acc_tuoyuanjian 57.1428 | acc_xiaoxuanniu 100.0000 | acc_youjian 87.5000 | acc_yuanpan 83.3333 | acc_avg 85.4167 | Loss 0.4200
04:45:46 01-25 [epoch 116 train] [step 1/114] [eta 0:00:08]: lr 4.2718e-04 | loss 0.1088(0.1124)
04:45:48 01-25 [epoch 116 train] [step 50/114] [eta 0:00:05]: lr 4.0843e-04 | loss 0.1110(0.1110)
04:45:50 01-25 [epoch 116 train] [step 100/114] [eta 0:00:00]: lr 4.0843e-04 | loss 0.1115(0.1119)
04:45:50 01-25 [epoch 116 train] [step 114/114] [eta 0:00:00]: lr 4.0843e-04 | loss 0.1113(0.1112)
04:45:51 01-25 [epoch 117 train] [step 1/114] [eta 0:00:05]: lr 4.0805e-04 | loss 0.1089(0.1112)
04:45:53 01-25 [epoch 117 train] [step 50/114] [eta 0:00:03]: lr 3.8944e-04 | loss 0.1269(0.1269)
04:45:55 01-25 [epoch 117 train] [step 100/114] [eta 0:00:00]: lr 3.8944e-04 | loss 0.1190(0.1112)
04:45:55 01-25 [epoch 117 train] [step 114/114] [eta 0:00:00]: lr 3.8944e-04 | loss 0.1186(0.1123)
04:45:56 01-25 [epoch 118 train] [step 1/114] [eta 0:00:05]: lr 3.8907e-04 | loss 0.1106(0.1123)
04:45:58 01-25 [epoch 118 train] [step 50/114] [eta 0:00:03]: lr 3.7064e-04 | loss 0.1100(0.1100)
04:46:00 01-25 [epoch 118 train] [step 100/114] [eta 0:00:00]: lr 3.7064e-04 | loss 0.1108(0.1116)
04:46:00 01-25 [epoch 118 train] [step 114/114] [eta 0:00:00]: lr 3.7064e-04 | loss 0.1108(0.1109)
04:46:01 01-25 [epoch 119 train] [step 1/114] [eta 0:00:05]: lr 3.7026e-04 | loss 0.1086(0.1109)
04:46:03 01-25 [epoch 119 train] [step 50/114] [eta 0:00:03]: lr 3.5204e-04 | loss 0.1145(0.1145)
04:46:05 01-25 [epoch 119 train] [step 100/114] [eta 0:00:00]: lr 3.5204e-04 | loss 0.1129(0.1114)
04:46:06 01-25 [epoch 119 train] [step 114/114] [eta 0:00:00]: lr 3.5204e-04 | loss 0.1130(0.1124)
04:46:06 01-25 [epoch 120 train] [step 1/114] [eta 0:00:05]: lr 3.5167e-04 | loss 0.1215(0.1126)
04:46:08 01-25 [epoch 120 train] [step 50/114] [eta 0:00:03]: lr 3.3367e-04 | loss 0.1100(0.1100)
04:46:11 01-25 [epoch 120 train] [step 100/114] [eta 0:00:00]: lr 3.3367e-04 | loss 0.1109(0.1118)
04:46:12 01-25 [epoch 120 train] [step 114/114] [eta 0:00:00]: lr 3.3367e-04 | loss 0.1117(0.1129)
04:46:13 01-25 [epoch 120 val]: acc_daxuanniu 100.0000 | acc_fangjian 50.0000 | acc_fangxiangjian 88.8889 | acc_sandianyuanxuanniu 100.0000 | acc_tuoyuanjian 71.4286 | acc_xiaoxuanniu 100.0000 | acc_youjian 87.5000 | acc_yuanpan 83.3333 | acc_avg 87.5000 | Loss 0.4050
04:46:14 01-25 [epoch 121 train] [step 1/114] [eta 0:00:09]: lr 3.3331e-04 | loss 0.1090(0.1129)
04:46:16 01-25 [epoch 121 train] [step 50/114] [eta 0:00:05]: lr 3.1557e-04 | loss 0.1120(0.1120)
04:46:19 01-25 [epoch 121 train] [step 100/114] [eta 0:00:00]: lr 3.1557e-04 | loss 0.1116(0.1112)
04:46:19 01-25 [epoch 121 train] [step 114/114] [eta 0:00:00]: lr 3.1557e-04 | loss 0.1115(0.1111)
04:46:20 01-25 [epoch 122 train] [step 1/114] [eta 0:00:06]: lr 3.1522e-04 | loss 0.1088(0.1111)
04:46:22 01-25 [epoch 122 train] [step 50/114] [eta 0:00:03]: lr 2.9776e-04 | loss 0.1101(0.1101)
04:46:24 01-25 [epoch 122 train] [step 100/114] [eta 0:00:00]: lr 2.9776e-04 | loss 0.1104(0.1108)
04:46:25 01-25 [epoch 122 train] [step 114/114] [eta 0:00:00]: lr 2.9776e-04 | loss 0.1112(0.1123)
04:46:25 01-25 [epoch 123 train] [step 1/114] [eta 0:00:06]: lr 2.9741e-04 | loss 0.1138(0.1124)
04:46:27 01-25 [epoch 123 train] [step 50/114] [eta 0:00:03]: lr 2.8027e-04 | loss 0.1112(0.1112)
04:46:29 01-25 [epoch 123 train] [step 100/114] [eta 0:00:00]: lr 2.8027e-04 | loss 0.1113(0.1114)
04:46:30 01-25 [epoch 123 train] [step 114/114] [eta 0:00:00]: lr 2.8027e-04 | loss 0.1124(0.1134)
04:46:30 01-25 [epoch 124 train] [step 1/114] [eta 0:00:05]: lr 2.7993e-04 | loss 0.1111(0.1135)
04:46:56 01-25 [epoch 124 train] [step 50/114] [eta 0:00:03]: lr 2.6313e-04 | loss 0.1105(0.1105)
04:46:34 01-25 [epoch 124 train] [step 100/114] [eta 0:00:00]: lr 2.6313e-04 | loss 0.1117(0.1129)
04:46:35 01-25 [epoch 124 train] [step 114/114] [eta 0:00:00]: lr 2.6313e-04 | loss 0.1114(0.1124)
04:46:36 01-25 [epoch 125 train] [step 1/114] [eta 0:00:05]: lr 2.6280e-04 | loss 0.1086(0.1124)
04:46:38 01-25 [epoch 125 train] [step 50/114] [eta 0:00:03]: lr 2.4636e-04 | loss 0.1099(0.1099)
04:46:40 01-25 [epoch 125 train] [step 100/114] [eta 0:00:00]: lr 2.4636e-04 | loss 0.1111(0.1122)
04:46:40 01-25 [epoch 125 train] [step 114/114] [eta 0:00:00]: lr 2.4636e-04 | loss 0.1113(0.1131)
04:46:42 01-25 [epoch 125 val]: acc_daxuanniu 100.0000 | acc_fangjian 50.0000 | acc_fangxiangjian 88.8889 | acc_sandianyuanxuanniu 100.0000 | acc_tuoyuanjian 57.1428 | acc_xiaoxuanniu 100.0000 | acc_youjian 87.5000 | acc_yuanpan 83.3333 | acc_avg 85.4167 | Loss 0.5999
04:46:43 01-25 [epoch 126 train] [step 1/114] [eta 0:00:09]: lr 2.4604e-04 | loss 0.1091(0.1131)
04:46:45 01-25 [epoch 126 train] [step 50/114] [eta 0:00:05]: lr 2.2999e-04 | loss 0.1136(0.1136)
04:46:47 01-25 [epoch 126 train] [step 100/114] [eta 0:00:00]: lr 2.2999e-04 | loss 0.1126(0.1117)
04:47:11 01-25 [epoch 126 train] [step 114/114] [eta 0:00:00]: lr 2.2999e-04 | loss 0.1124(0.1111)
04:46:48 01-25 [epoch 127 train] [step 1/114] [eta 0:00:05]: lr 2.2967e-04 | loss 0.1101(0.1111)
04:46:50 01-25 [epoch 127 train] [step 50/114] [eta 0:00:03]: lr 2.1405e-04 | loss 0.1148(0.1148)
04:47:16 01-25 [epoch 127 train] [step 100/114] [eta 0:00:00]: lr 2.1405e-04 | loss 0.1137(0.1126)
04:46:53 01-25 [epoch 127 train] [step 114/114] [eta 0:00:00]: lr 2.1405e-04 | loss 0.1136(0.1128)
04:46:53 01-25 [epoch 128 train] [step 1/114] [eta 0:00:06]: lr 2.1374e-04 | loss 0.1098(0.1128)
04:46:56 01-25 [epoch 128 train] [step 50/114] [eta 0:00:03]: lr 1.9855e-04 | loss 0.1130(0.1130)
04:46:58 01-25 [epoch 128 train] [step 100/114] [eta 0:00:00]: lr 1.9855e-04 | loss 0.1139(0.1148)
04:46:58 01-25 [epoch 128 train] [step 114/114] [eta 0:00:00]: lr 1.9855e-04 | loss 0.1134(0.1145)
04:46:59 01-25 [epoch 129 train] [step 1/114] [eta 0:00:06]: lr 1.9825e-04 | loss 0.1092(0.1145)
04:47:01 01-25 [epoch 129 train] [step 50/114] [eta 0:00:03]: lr 1.8352e-04 | loss 0.1112(0.1112)
04:47:03 01-25 [epoch 129 train] [step 100/114] [eta 0:00:00]: lr 1.8352e-04 | loss 0.1131(0.1149)
04:47:04 01-25 [epoch 129 train] [step 114/114] [eta 0:00:00]: lr 1.8352e-04 | loss 0.1130(0.1156)
04:47:04 01-25 [epoch 130 train] [step 1/114] [eta 0:00:05]: lr 1.8323e-04 | loss 0.1087(0.1156)
04:47:07 01-25 [epoch 130 train] [step 50/114] [eta 0:00:03]: lr 1.6899e-04 | loss 0.1118(0.1118)
04:47:09 01-25 [epoch 130 train] [step 100/114] [eta 0:00:00]: lr 1.6899e-04 | loss 0.1137(0.1157)
04:47:09 01-25 [epoch 130 train] [step 114/114] [eta 0:00:00]: lr 1.6899e-04 | loss 0.1133(0.1126)
04:47:11 01-25 [epoch 130 val]: acc_daxuanniu 100.0000 | acc_fangjian 50.0000 | acc_fangxiangjian 88.8889 | acc_sandianyuanxuanniu 100.0000 | acc_tuoyuanjian 57.1428 | acc_xiaoxuanniu 100.0000 | acc_youjian 87.5000 | acc_yuanpan 83.3333 | acc_avg 85.4167 | Loss 0.4980
04:47:12 01-25 [epoch 131 train] [step 1/114] [eta 0:00:09]: lr 1.6871e-04 | loss 0.1088(0.1125)
04:47:13 01-25 [epoch 131 train] [step 50/114] [eta 0:00:05]: lr 1.5498e-04 | loss 0.1104(0.1104)
04:47:15 01-25 [epoch 131 train] [step 100/114] [eta 0:00:00]: lr 1.5498e-04 | loss 0.1110(0.1116)
04:47:16 01-25 [epoch 131 train] [step 114/114] [eta 0:00:00]: lr 1.5498e-04 | loss 0.1113(0.1109)
04:47:16 01-25 [epoch 132 train] [step 1/114] [eta 0:00:05]: lr 1.5471e-04 | loss 0.1085(0.1108)
04:47:18 01-25 [epoch 132 train] [step 50/114] [eta 0:00:03]: lr 1.4151e-04 | loss 0.1132(0.1132)
04:47:21 01-25 [epoch 132 train] [step 100/114] [eta 0:00:00]: lr 1.4151e-04 | loss 0.1116(0.1101)
04:47:21 01-25 [epoch 132 train] [step 114/114] [eta 0:00:00]: lr 1.4151e-04 | loss 0.1115(0.1099)
04:47:22 01-25 [epoch 133 train] [step 1/114] [eta 0:00:05]: lr 1.4125e-04 | loss 0.1088(0.1099)
04:47:24 01-25 [epoch 133 train] [step 50/114] [eta 0:00:03]: lr 1.2860e-04 | loss 0.1130(0.1130)
04:47:26 01-25 [epoch 133 train] [step 100/114] [eta 0:00:00]: lr 1.2860e-04 | loss 0.1123(0.1115)
04:47:26 01-25 [epoch 133 train] [step 114/114] [eta 0:00:00]: lr 1.2860e-04 | loss 0.1120(0.1107)
04:47:27 01-25 [epoch 134 train] [step 1/114] [eta 0:00:05]: lr 1.2835e-04 | loss 0.1143(0.1108)
04:47:29 01-25 [epoch 134 train] [step 50/114] [eta 0:00:03]: lr 1.1627e-04 | loss 0.1121(0.1121)
04:47:31 01-25 [epoch 134 train] [step 100/114] [eta 0:00:00]: lr 1.1627e-04 | loss 0.1112(0.1103)
04:47:31 01-25 [epoch 134 train] [step 114/114] [eta 0:00:00]: lr 1.1627e-04 | loss 0.1111(0.1099)
04:47:32 01-25 [epoch 135 train] [step 1/114] [eta 0:00:05]: lr 1.1603e-04 | loss 0.1092(0.1099)
04:47:34 01-25 [epoch 135 train] [step 50/114] [eta 0:00:03]: lr 1.0454e-04 | loss 0.1112(0.1112)
04:47:36 01-25 [epoch 135 train] [step 100/114] [eta 0:00:00]: lr 1.0454e-04 | loss 0.1145(0.1177)
04:47:37 01-25 [epoch 135 train] [step 114/114] [eta 0:00:00]: lr 1.0454e-04 | loss 0.1142(0.1186)
04:47:38 01-25 [epoch 135 val]: acc_daxuanniu 100.0000 | acc_fangjian 50.0000 | acc_fangxiangjian 88.8889 | acc_sandianyuanxuanniu 100.0000 | acc_tuoyuanjian 57.1428 | acc_xiaoxuanniu 100.0000 | acc_youjian 87.5000 | acc_yuanpan 83.3333 | acc_avg 85.4167 | Loss 0.5367
04:47:39 01-25 [epoch 136 train] [step 1/114] [eta 0:00:09]: lr 1.0431e-04 | loss 0.1100(0.1185)
04:47:41 01-25 [epoch 136 train] [step 50/114] [eta 0:00:05]: lr 9.3423e-05 | loss 0.1107(0.1107)
04:47:43 01-25 [epoch 136 train] [step 100/114] [eta 0:00:00]: lr 9.3423e-05 | loss 0.1108(0.1110)
04:47:44 01-25 [epoch 136 train] [step 114/114] [eta 0:00:00]: lr 9.3423e-05 | loss 0.1107(0.1106)
04:47:44 01-25 [epoch 137 train] [step 1/114] [eta 0:00:06]: lr 9.3213e-05 | loss 0.1088(0.1105)
04:47:46 01-25 [epoch 137 train] [step 50/114] [eta 0:00:03]: lr 8.2943e-05 | loss 0.1114(0.1114)
04:47:48 01-25 [epoch 137 train] [step 100/114] [eta 0:00:00]: lr 8.2943e-05 | loss 0.1131(0.1148)
04:47:49 01-25 [epoch 137 train] [step 114/114] [eta 0:00:00]: lr 8.2943e-05 | loss 0.1145(0.1158)
04:47:50 01-25 [epoch 138 train] [step 1/114] [eta 0:00:06]: lr 8.2747e-05 | loss 0.1109(0.1158)
04:47:52 01-25 [epoch 138 train] [step 50/114] [eta 0:00:03]: lr 7.3114e-05 | loss 0.1101(0.1101)
04:47:55 01-25 [epoch 138 train] [step 100/114] [eta 0:00:00]: lr 7.3114e-05 | loss 0.1127(0.1153)
04:47:56 01-25 [epoch 138 train] [step 114/114] [eta 0:00:00]: lr 7.3114e-05 | loss 0.1127(0.1143)
04:47:56 01-25 [epoch 139 train] [step 1/114] [eta 0:00:07]: lr 7.2931e-05 | loss 0.1125(0.1143)
04:47:58 01-25 [epoch 139 train] [step 50/114] [eta 0:00:03]: lr 6.3952e-05 | loss 0.1108(0.1108)
04:48:01 01-25 [epoch 139 train] [step 100/114] [eta 0:00:00]: lr 6.3952e-05 | loss 0.1114(0.1120)
04:48:01 01-25 [epoch 139 train] [step 114/114] [eta 0:00:00]: lr 6.3952e-05 | loss 0.1113(0.1120)
04:48:02 01-25 [epoch 140 train] [step 1/114] [eta 0:00:06]: lr 6.3782e-05 | loss 0.1086(0.1120)
04:48:04 01-25 [epoch 140 train] [step 50/114] [eta 0:00:03]: lr 5.5469e-05 | loss 0.1119(0.1119)
04:48:07 01-25 [epoch 140 train] [step 100/114] [eta 0:00:00]: lr 5.5469e-05 | loss 0.1123(0.1127)
04:48:08 01-25 [epoch 140 train] [step 114/114] [eta 0:00:00]: lr 5.5469e-05 | loss 0.1123(0.1116)
04:48:09 01-25 [epoch 140 val]: acc_daxuanniu 100.0000 | acc_fangjian 50.0000 | acc_fangxiangjian 88.8889 | acc_sandianyuanxuanniu 100.0000 | acc_tuoyuanjian 57.1428 | acc_xiaoxuanniu 100.0000 | acc_youjian 87.5000 | acc_yuanpan 83.3333 | acc_avg 85.4167 | Loss 0.4936
04:48:10 01-25 [epoch 141 train] [step 1/114] [eta 0:00:09]: lr 5.5313e-05 | loss 0.1092(0.1115)
04:48:12 01-25 [epoch 141 train] [step 50/114] [eta 0:00:05]: lr 4.7680e-05 | loss 0.1128(0.1128)
04:48:14 01-25 [epoch 141 train] [step 100/114] [eta 0:00:00]: lr 4.7680e-05 | loss 0.1138(0.1148)
04:48:14 01-25 [epoch 141 train] [step 114/114] [eta 0:00:00]: lr 4.7680e-05 | loss 0.1142(0.1160)
04:48:15 01-25 [epoch 142 train] [step 1/114] [eta 0:00:05]: lr 4.7538e-05 | loss 0.1105(0.1160)
04:48:17 01-25 [epoch 142 train] [step 50/114] [eta 0:00:03]: lr 4.0595e-05 | loss 0.1103(0.1103)
04:48:19 01-25 [epoch 142 train] [step 100/114] [eta 0:00:00]: lr 4.0595e-05 | loss 0.1110(0.1116)
04:48:19 01-25 [epoch 142 train] [step 114/114] [eta 0:00:00]: lr 4.0595e-05 | loss 0.1122(0.1136)
04:48:20 01-25 [epoch 143 train] [step 1/114] [eta 0:00:05]: lr 4.0468e-05 | loss 0.1099(0.1136)
04:48:22 01-25 [epoch 143 train] [step 50/114] [eta 0:00:03]: lr 3.4227e-05 | loss 0.1107(0.1107)
04:48:24 01-25 [epoch 143 train] [step 100/114] [eta 0:00:00]: lr 3.4227e-05 | loss 0.1105(0.1102)
04:48:24 01-25 [epoch 143 train] [step 114/114] [eta 0:00:00]: lr 3.4227e-05 | loss 0.1104(0.1102)
04:48:25 01-25 [epoch 144 train] [step 1/114] [eta 0:00:05]: lr 3.4114e-05 | loss 0.1085(0.1102)
04:48:27 01-25 [epoch 144 train] [step 50/114] [eta 0:00:03]: lr 2.8585e-05 | loss 0.1108(0.1108)
04:48:29 01-25 [epoch 144 train] [step 100/114] [eta 0:00:00]: lr 2.8585e-05 | loss 0.1121(0.1133)
04:48:30 01-25 [epoch 144 train] [step 114/114] [eta 0:00:00]: lr 2.8585e-05 | loss 0.1120(0.1134)
04:48:31 01-25 [epoch 145 train] [step 1/114] [eta 0:00:05]: lr 2.8487e-05 | loss 0.1090(0.1133)
04:48:57 01-25 [epoch 145 train] [step 50/114] [eta 0:00:03]: lr 2.3677e-05 | loss 0.1117(0.1117)
04:48:35 01-25 [epoch 145 train] [step 100/114] [eta 0:00:00]: lr 2.3677e-05 | loss 0.1108(0.1099)
04:48:35 01-25 [epoch 145 train] [step 114/114] [eta 0:00:00]: lr 2.3677e-05 | loss 0.1108(0.1103)
04:48:37 01-25 [epoch 145 val]: acc_daxuanniu 100.0000 | acc_fangjian 50.0000 | acc_fangxiangjian 88.8889 | acc_sandianyuanxuanniu 100.0000 | acc_tuoyuanjian 57.1428 | acc_xiaoxuanniu 100.0000 | acc_youjian 87.5000 | acc_yuanpan 83.3333 | acc_avg 85.4167 | Loss 0.4176
04:49:02 01-25 [epoch 146 train] [step 1/114] [eta 0:00:09]: lr 2.3594e-05 | loss 0.1088(0.1103)
04:48:40 01-25 [epoch 146 train] [step 50/114] [eta 0:00:05]: lr 1.9511e-05 | loss 0.1109(0.1109)
04:48:42 01-25 [epoch 146 train] [step 100/114] [eta 0:00:00]: lr 1.9511e-05 | loss 0.1108(0.1107)
04:49:07 01-25 [epoch 146 train] [step 114/114] [eta 0:00:00]: lr 1.9511e-05 | loss 0.1109(0.1112)
04:48:43 01-25 [epoch 147 train] [step 1/114] [eta 0:00:06]: lr 1.9443e-05 | loss 0.1106(0.1113)
04:48:45 01-25 [epoch 147 train] [step 50/114] [eta 0:00:03]: lr 1.6094e-05 | loss 0.1159(0.1159)
04:48:47 01-25 [epoch 147 train] [step 100/114] [eta 0:00:00]: lr 1.6094e-05 | loss 0.1133(0.1106)
04:48:48 01-25 [epoch 147 train] [step 114/114] [eta 0:00:00]: lr 1.6094e-05 | loss 0.1133(0.1116)
04:48:48 01-25 [epoch 148 train] [step 1/114] [eta 0:00:05]: lr 1.6041e-05 | loss 0.1086(0.1113)
04:48:50 01-25 [epoch 148 train] [step 50/114] [eta 0:00:03]: lr 1.3431e-05 | loss 0.1106(0.1106)
04:48:52 01-25 [epoch 148 train] [step 100/114] [eta 0:00:00]: lr 1.3431e-05 | loss 0.1109(0.1112)
04:48:53 01-25 [epoch 148 train] [step 114/114] [eta 0:00:00]: lr 1.3431e-05 | loss 0.1116(0.1123)
04:48:53 01-25 [epoch 149 train] [step 1/114] [eta 0:00:05]: lr 1.3393e-05 | loss 0.1089(0.1124)
04:48:56 01-25 [epoch 149 train] [step 50/114] [eta 0:00:03]: lr 1.1526e-05 | loss 0.1101(0.1101)
04:48:58 01-25 [epoch 149 train] [step 100/114] [eta 0:00:00]: lr 1.1526e-05 | loss 0.1105(0.1110)
04:48:58 01-25 [epoch 149 train] [step 114/114] [eta 0:00:00]: lr 1.1526e-05 | loss 0.1120(0.1135)
04:48:59 01-25 [epoch 150 train] [step 1/114] [eta 0:00:05]: lr 1.1503e-05 | loss 0.1108(0.1135)
04:49:01 01-25 [epoch 150 train] [step 50/114] [eta 0:00:03]: lr 1.0382e-05 | loss 0.1099(0.1099)
04:49:03 01-25 [epoch 150 train] [step 100/114] [eta 0:00:00]: lr 1.0382e-05 | loss 0.1101(0.1103)
04:49:04 01-25 [epoch 150 train] [step 114/114] [eta 0:00:00]: lr 1.0382e-05 | loss 0.1107(0.1118)
04:49:05 01-25 [epoch 150 val]: acc_daxuanniu 100.0000 | acc_fangjian 50.0000 | acc_fangxiangjian 88.8889 | acc_sandianyuanxuanniu 100.0000 | acc_tuoyuanjian 57.1428 | acc_xiaoxuanniu 100.0000 | acc_youjian 87.5000 | acc_yuanpan 83.3333 | acc_avg 85.4167 | Loss 0.4806
