Log file created at 04:18:26 01-25 with path: logs/resnet18_150e_8b_complex_sgd_1e-3_0.95_wd_1e-4_focalloss_5.0_2.0.log
System information:
+-----------------------+------------------------------------+
|    CPU Physical Cores |                                 16 |
+-----------------------+------------------------------------+
|     CPU Logical Cores |                                 32 |
+-----------------------+------------------------------------+
|     CPU Max Frequency |                           0.00 MHz |
+-----------------------+------------------------------------+
| CPU Current Frequency |                        2419.20 MHz |
+-----------------------+------------------------------------+
|             RAM Total |                           10.70 GB |
+-----------------------+------------------------------------+
|         RAM Available |                            8.04 GB |
+-----------------------+------------------------------------+
|              RAM Used |                            2.38 GB |
+-----------------------+------------------------------------+
|            GPU Device | NVIDIA GeForce RTX 4060 Laptop GPU |
+-----------------------+------------------------------------+
|             GPU Count |                                  1 |
+-----------------------+------------------------------------+
|      GPU Memory Total |                            8.00 GB |
+-----------------------+------------------------------------+
|   GPU Memory Reserved |                            0.00 GB |
+-----------------------+------------------------------------+
|          CUDA Version |                               12.1 |
+-----------------------+------------------------------------+
|              Hostname |                            AmadFat |
+-----------------------+------------------------------------+
|                    OS |                              Linux |
+-----------------------+------------------------------------+
|            OS Release | 5.15.167.4-microsoft-standard-WSL2 |
+-----------------------+------------------------------------+
|            OS Version | #1 SMP Tue Nov 5 00:21:55 UTC 2024 |
+-----------------------+------------------------------------+
|        Python Version |                             3.9.21 |
+-----------------------+------------------------------------+
|       PyTorch Version |                        2.4.1+cu121 |
+-----------------------+------------------------------------+
|   TorchVision Version |                       0.19.1+cu121 |
+-----------------------+------------------------------------+
|    TorchAudio Version |                        2.4.1+cu121 |
+-----------------------+------------------------------------+
Experiment settings:
{'criterion': {'alpha': 5.0, 'criterion_name': 'focalloss', 'gamma': 2.0},
 'data': {'batch_size': 8,
          'num_workers': 8,
          'root': 'dataset',
          'split_ratio': [0.95, 0.05]},
 'evaluator': {'acc': True, 'loss': True},
 'experiment': {'ckpt_save_dir': PosixPath('ckpts/resnet18_150e_8b_complex_sgd_1e-3_0.95_wd_1e-4_focalloss_5.0_2.0'),
                'deterministic': False,
                'device': 'cuda',
                'experiment_name': 'resnet18_150e_8b_complex_sgd_1e-3_0.95_wd_1e-4_focalloss_5.0_2.0',
                'max_epochs': 150,
                'save': True,
                'seed': 3407,
                'val': True,
                'val_interval': 5},
 'logger': {'log_save_path': PosixPath('logs/resnet18_150e_8b_complex_sgd_1e-3_0.95_wd_1e-4_focalloss_5.0_2.0.log'),
            'tb_save_path': PosixPath('tbevents/resnet18_150e_8b_complex_sgd_1e-3_0.95_wd_1e-4_focalloss_5.0_2.0'),
            'train_print_interval': 50,
            'use_tensorboard': True,
            'window_metric': 50,
            'window_time_stamp': 50},
 'model': {'last_fc_bias_init': 'const',
           'last_fc_weight_init': 'const',
           'model_name': 'resnet18',
           'norm_layer': 'batchnorm',
           'weights': 'default'},
 'optimizer': {'grad_clip': 1.0,
               'lr': 0.001,
               'momentum': 0.95,
               'optimizer_name': 'sgd',
               'weight_decay': 0.0001},
 'scheduler': {'T_0': 10,
               'T_mult': 2,
               'eta_min': 1e-05,
               'scheduler_name': 'cosinelr'},
 'transform': {'train': {'compose': {'transforms': [{'autoaugment': {'interpolation': 'nearest',
                                                                     'policy': 'imagenet'}},
                                                    {'totensor': {}},
                                                    {'randomflip': {'prob_hflip': 0.5,
                                                                    'prob_vflip': 0.5}},
                                                    {'colorjitter': {'contrast': 0.3}}]}},
               'val': {'totensor': {}}}}
04:18:37 01-25 [epoch 1 train] [step 1/114] [eta N/A]: lr 1.0000e-03 | loss 1.0800(1.0800)
04:18:39 01-25 [epoch 1 train] [step 50/114] [eta 0:00:02]: lr 1.0000e-03 | loss 1.0653(1.0653)
04:18:41 01-25 [epoch 1 train] [step 100/114] [eta 0:00:00]: lr 1.0000e-03 | loss 1.0249(0.9845)
04:18:42 01-25 [epoch 1 train] [step 114/114] [eta 0:00:00]: lr 1.0000e-03 | loss 1.0233(0.9809)
04:18:42 01-25 [epoch 2 train] [step 1/114] [eta 0:00:06]: lr 9.9952e-04 | loss 1.0528(0.9823)
04:18:44 01-25 [epoch 2 train] [step 50/114] [eta 0:00:03]: lr 9.7577e-04 | loss 0.9070(0.9070)
04:18:47 01-25 [epoch 2 train] [step 100/114] [eta 0:00:00]: lr 9.7577e-04 | loss 0.8764(0.8458)
04:18:47 01-25 [epoch 2 train] [step 114/114] [eta 0:00:00]: lr 9.7577e-04 | loss 0.8625(0.8227)
04:18:48 01-25 [epoch 3 train] [step 1/114] [eta 0:00:06]: lr 9.7437e-04 | loss 0.8383(0.8251)
04:18:50 01-25 [epoch 3 train] [step 50/114] [eta 0:00:03]: lr 9.0546e-04 | loss 0.7121(0.7121)
04:18:53 01-25 [epoch 3 train] [step 100/114] [eta 0:00:00]: lr 9.0546e-04 | loss 0.6888(0.6656)
04:18:53 01-25 [epoch 3 train] [step 114/114] [eta 0:00:00]: lr 9.0546e-04 | loss 0.6851(0.6608)
04:18:54 01-25 [epoch 4 train] [step 1/114] [eta 0:00:06]: lr 9.0327e-04 | loss 0.6818(0.6618)
04:18:56 01-25 [epoch 4 train] [step 50/114] [eta 0:00:03]: lr 7.9595e-04 | loss 0.6109(0.6109)
04:18:59 01-25 [epoch 4 train] [step 100/114] [eta 0:00:00]: lr 7.9595e-04 | loss 0.5763(0.5416)
04:18:59 01-25 [epoch 4 train] [step 114/114] [eta 0:00:00]: lr 7.9595e-04 | loss 0.5754(0.5472)
04:19:00 01-25 [epoch 5 train] [step 1/114] [eta 0:00:07]: lr 7.9319e-04 | loss 0.5913(0.5504)
04:19:02 01-25 [epoch 5 train] [step 50/114] [eta 0:00:04]: lr 6.5796e-04 | loss 0.5189(0.5189)
04:19:05 01-25 [epoch 5 train] [step 100/114] [eta 0:00:00]: lr 6.5796e-04 | loss 0.5163(0.5136)
04:19:06 01-25 [epoch 5 train] [step 114/114] [eta 0:00:00]: lr 6.5796e-04 | loss 0.5133(0.5101)
04:19:07 01-25 [epoch 5 val]: acc_daxuanniu 100.0000 | acc_fangjian 50.0000 | acc_fangxiangjian 100.0000 | acc_sandianyuanxuanniu 83.3333 | acc_tuoyuanjian 57.1428 | acc_xiaoxuanniu 100.0000 | acc_youjian 75.0000 | acc_yuanpan 33.3333 | acc_avg 77.0833 | Loss 0.4336
04:19:08 01-25 [epoch 6 train] [step 1/114] [eta 0:00:11]: lr 6.5490e-04 | loss 0.6559(0.5110)
04:19:11 01-25 [epoch 6 train] [step 50/114] [eta 0:00:06]: lr 5.0500e-04 | loss 0.4849(0.4849)
04:19:13 01-25 [epoch 6 train] [step 100/114] [eta 0:00:00]: lr 5.0500e-04 | loss 0.4798(0.4748)
04:19:14 01-25 [epoch 6 train] [step 114/114] [eta 0:00:00]: lr 5.0500e-04 | loss 0.4847(0.4852)
04:19:15 01-25 [epoch 7 train] [step 1/114] [eta 0:00:06]: lr 5.0194e-04 | loss 0.2457(0.4795)
04:19:17 01-25 [epoch 7 train] [step 50/114] [eta 0:00:03]: lr 3.5204e-04 | loss 0.4522(0.4522)
04:19:20 01-25 [epoch 7 train] [step 100/114] [eta 0:00:00]: lr 3.5204e-04 | loss 0.4536(0.4549)
04:19:20 01-25 [epoch 7 train] [step 114/114] [eta 0:00:00]: lr 3.5204e-04 | loss 0.4463(0.4464)
04:19:21 01-25 [epoch 8 train] [step 1/114] [eta 0:00:06]: lr 3.4928e-04 | loss 0.4890(0.4439)
04:19:24 01-25 [epoch 8 train] [step 50/114] [eta 0:00:04]: lr 2.1405e-04 | loss 0.4122(0.4122)
04:19:26 01-25 [epoch 8 train] [step 100/114] [eta 0:00:00]: lr 2.1405e-04 | loss 0.4276(0.4431)
04:19:27 01-25 [epoch 8 train] [step 114/114] [eta 0:00:00]: lr 2.1405e-04 | loss 0.4265(0.4480)
04:19:27 01-25 [epoch 9 train] [step 1/114] [eta 0:00:06]: lr 2.1186e-04 | loss 0.4149(0.4507)
04:19:30 01-25 [epoch 9 train] [step 50/114] [eta 0:00:04]: lr 1.0454e-04 | loss 0.4106(0.4106)
04:19:32 01-25 [epoch 9 train] [step 100/114] [eta 0:00:00]: lr 1.0454e-04 | loss 0.4154(0.4202)
04:19:33 01-25 [epoch 9 train] [step 114/114] [eta 0:00:00]: lr 1.0454e-04 | loss 0.4128(0.4146)
04:19:34 01-25 [epoch 10 train] [step 1/114] [eta 0:00:07]: lr 1.0313e-04 | loss 0.3085(0.4133)
04:19:36 01-25 [epoch 10 train] [step 50/114] [eta 0:00:03]: lr 3.4227e-05 | loss 0.4266(0.4266)
04:19:39 01-25 [epoch 10 train] [step 100/114] [eta 0:00:00]: lr 3.4227e-05 | loss 0.4292(0.4317)
04:19:40 01-25 [epoch 10 train] [step 114/114] [eta 0:00:00]: lr 3.4227e-05 | loss 0.4242(0.4253)
04:19:41 01-25 [epoch 10 val]: acc_daxuanniu 100.0000 | acc_fangjian 50.0000 | acc_fangxiangjian 100.0000 | acc_sandianyuanxuanniu 83.3333 | acc_tuoyuanjian 57.1428 | acc_xiaoxuanniu 100.0000 | acc_youjian 75.0000 | acc_yuanpan 33.3333 | acc_avg 77.0833 | Loss 0.3624
04:19:42 01-25 [epoch 11 train] [step 1/114] [eta 0:00:11]: lr 5.3542e-05 | loss 0.3590(0.4243)
04:19:45 01-25 [epoch 11 train] [step 50/114] [eta 0:00:06]: lr 1.0000e-03 | loss 0.4107(0.4107)
04:19:47 01-25 [epoch 11 train] [step 100/114] [eta 0:00:00]: lr 1.0000e-03 | loss 0.4187(0.4267)
04:19:48 01-25 [epoch 11 train] [step 114/114] [eta 0:00:00]: lr 1.0000e-03 | loss 0.4197(0.4274)
04:19:49 01-25 [epoch 12 train] [step 1/114] [eta 0:00:07]: lr 9.9988e-04 | loss 0.2675(0.4253)
04:19:51 01-25 [epoch 12 train] [step 50/114] [eta 0:00:04]: lr 9.9391e-04 | loss 0.3782(0.3782)
04:19:54 01-25 [epoch 12 train] [step 100/114] [eta 0:00:00]: lr 9.9391e-04 | loss 0.3738(0.3695)
04:19:54 01-25 [epoch 12 train] [step 114/114] [eta 0:00:00]: lr 9.9391e-04 | loss 0.3720(0.3598)
04:19:55 01-25 [epoch 13 train] [step 1/114] [eta 0:00:06]: lr 9.9354e-04 | loss 0.2808(0.3567)
04:19:58 01-25 [epoch 13 train] [step 50/114] [eta 0:00:04]: lr 9.7577e-04 | loss 0.3518(0.3518)
04:20:00 01-25 [epoch 13 train] [step 100/114] [eta 0:00:00]: lr 9.7577e-04 | loss 0.3504(0.3490)
04:20:01 01-25 [epoch 13 train] [step 114/114] [eta 0:00:00]: lr 9.7577e-04 | loss 0.3481(0.3491)
04:20:01 01-25 [epoch 14 train] [step 1/114] [eta 0:00:06]: lr 9.7518e-04 | loss 0.3033(0.3459)
04:20:04 01-25 [epoch 14 train] [step 50/114] [eta 0:00:04]: lr 9.4605e-04 | loss 0.3271(0.3271)
04:20:07 01-25 [epoch 14 train] [step 100/114] [eta 0:00:00]: lr 9.4605e-04 | loss 0.3160(0.3049)
04:20:07 01-25 [epoch 14 train] [step 114/114] [eta 0:00:00]: lr 9.4605e-04 | loss 0.3201(0.3196)
04:20:08 01-25 [epoch 15 train] [step 1/114] [eta 0:00:07]: lr 9.4524e-04 | loss 0.4733(0.3258)
04:20:11 01-25 [epoch 15 train] [step 50/114] [eta 0:00:04]: lr 9.0546e-04 | loss 0.2979(0.2979)
04:20:14 01-25 [epoch 15 train] [step 100/114] [eta 0:00:00]: lr 9.0546e-04 | loss 0.2940(0.2902)
04:20:14 01-25 [epoch 15 train] [step 114/114] [eta 0:00:00]: lr 9.0546e-04 | loss 0.2921(0.2867)
04:20:16 01-25 [epoch 15 val]: acc_daxuanniu 100.0000 | acc_fangjian 50.0000 | acc_fangxiangjian 100.0000 | acc_sandianyuanxuanniu 100.0000 | acc_tuoyuanjian 57.1428 | acc_xiaoxuanniu 100.0000 | acc_youjian 75.0000 | acc_yuanpan 33.3333 | acc_avg 79.1667 | Loss 0.3524
04:20:17 01-25 [epoch 16 train] [step 1/114] [eta 0:00:11]: lr 9.0445e-04 | loss 0.2644(0.2880)
04:20:19 01-25 [epoch 16 train] [step 50/114] [eta 0:00:06]: lr 8.5502e-04 | loss 0.2630(0.2630)
04:20:22 01-25 [epoch 16 train] [step 100/114] [eta 0:00:00]: lr 8.5502e-04 | loss 0.2591(0.2551)
04:20:23 01-25 [epoch 16 train] [step 114/114] [eta 0:00:00]: lr 8.5502e-04 | loss 0.2600(0.2610)
04:20:24 01-25 [epoch 17 train] [step 1/114] [eta 0:00:07]: lr 8.5384e-04 | loss 0.1952(0.2569)
04:20:26 01-25 [epoch 17 train] [step 50/114] [eta 0:00:04]: lr 7.9595e-04 | loss 0.2472(0.2472)
04:20:29 01-25 [epoch 17 train] [step 100/114] [eta 0:00:00]: lr 7.9595e-04 | loss 0.2455(0.2438)
04:20:30 01-25 [epoch 17 train] [step 114/114] [eta 0:00:00]: lr 7.9595e-04 | loss 0.2422(0.2334)
04:20:30 01-25 [epoch 18 train] [step 1/114] [eta 0:00:07]: lr 7.9463e-04 | loss 0.2001(0.2346)
04:20:33 01-25 [epoch 18 train] [step 50/114] [eta 0:00:04]: lr 7.2973e-04 | loss 0.2249(0.2249)
04:20:35 01-25 [epoch 18 train] [step 100/114] [eta 0:00:00]: lr 7.2973e-04 | loss 0.2296(0.2342)
04:20:36 01-25 [epoch 18 train] [step 114/114] [eta 0:00:00]: lr 7.2973e-04 | loss 0.2258(0.2196)
04:20:37 01-25 [epoch 19 train] [step 1/114] [eta 0:00:07]: lr 7.2829e-04 | loss 0.1695(0.2191)
04:20:39 01-25 [epoch 19 train] [step 50/114] [eta 0:00:03]: lr 6.5796e-04 | loss 0.1931(0.1931)
04:20:42 01-25 [epoch 19 train] [step 100/114] [eta 0:00:00]: lr 6.5796e-04 | loss 0.1991(0.2051)
04:20:43 01-25 [epoch 19 train] [step 114/114] [eta 0:00:00]: lr 6.5796e-04 | loss 0.1989(0.2026)
04:20:43 01-25 [epoch 20 train] [step 1/114] [eta 0:00:07]: lr 6.5645e-04 | loss 0.2496(0.2041)
04:20:46 01-25 [epoch 20 train] [step 50/114] [eta 0:00:04]: lr 5.8244e-04 | loss 0.2045(0.2045)
04:20:49 01-25 [epoch 20 train] [step 100/114] [eta 0:00:00]: lr 5.8244e-04 | loss 0.1940(0.1836)
04:20:50 01-25 [epoch 20 train] [step 114/114] [eta 0:00:00]: lr 5.8244e-04 | loss 0.1954(0.1778)
04:20:51 01-25 [epoch 20 val]: acc_daxuanniu 87.5000 | acc_fangjian 50.0000 | acc_fangxiangjian 88.8889 | acc_sandianyuanxuanniu 100.0000 | acc_tuoyuanjian 57.1428 | acc_xiaoxuanniu 100.0000 | acc_youjian 87.5000 | acc_yuanpan 33.3333 | acc_avg 77.0833 | Loss 0.4012
04:20:52 01-25 [epoch 21 train] [step 1/114] [eta 0:00:11]: lr 5.8089e-04 | loss 0.2051(0.1791)
04:20:55 01-25 [epoch 21 train] [step 50/114] [eta 0:00:06]: lr 5.0500e-04 | loss 0.1966(0.1966)
04:20:57 01-25 [epoch 21 train] [step 100/114] [eta 0:00:00]: lr 5.0500e-04 | loss 0.1916(0.1867)
04:20:58 01-25 [epoch 21 train] [step 114/114] [eta 0:00:00]: lr 5.0500e-04 | loss 0.1926(0.1970)
04:20:59 01-25 [epoch 22 train] [step 1/114] [eta 0:00:07]: lr 5.0345e-04 | loss 0.1596(0.1969)
04:21:02 01-25 [epoch 22 train] [step 50/114] [eta 0:00:04]: lr 4.2756e-04 | loss 0.1627(0.1627)
04:21:04 01-25 [epoch 22 train] [step 100/114] [eta 0:00:00]: lr 4.2756e-04 | loss 0.1684(0.1740)
04:21:05 01-25 [epoch 22 train] [step 114/114] [eta 0:00:00]: lr 4.2756e-04 | loss 0.1680(0.1742)
04:21:06 01-25 [epoch 23 train] [step 1/114] [eta 0:00:07]: lr 4.2605e-04 | loss 0.2911(0.1775)
04:21:08 01-25 [epoch 23 train] [step 50/114] [eta 0:00:04]: lr 3.5204e-04 | loss 0.1559(0.1559)
04:21:11 01-25 [epoch 23 train] [step 100/114] [eta 0:00:00]: lr 3.5204e-04 | loss 0.1628(0.1697)
04:21:12 01-25 [epoch 23 train] [step 114/114] [eta 0:00:00]: lr 3.5204e-04 | loss 0.1638(0.1751)
04:21:12 01-25 [epoch 24 train] [step 1/114] [eta 0:00:07]: lr 3.5060e-04 | loss 0.1412(0.1754)
04:21:15 01-25 [epoch 24 train] [step 50/114] [eta 0:00:04]: lr 2.8027e-04 | loss 0.1485(0.1485)
04:21:18 01-25 [epoch 24 train] [step 100/114] [eta 0:00:00]: lr 2.8027e-04 | loss 0.1585(0.1685)
04:21:19 01-25 [epoch 24 train] [step 114/114] [eta 0:00:00]: lr 2.8027e-04 | loss 0.1596(0.1646)
04:21:19 01-25 [epoch 25 train] [step 1/114] [eta 0:00:07]: lr 2.7895e-04 | loss 0.1195(0.1625)
04:21:22 01-25 [epoch 25 train] [step 50/114] [eta 0:00:04]: lr 2.1405e-04 | loss 0.1487(0.1487)
04:21:25 01-25 [epoch 25 train] [step 100/114] [eta 0:00:00]: lr 2.1405e-04 | loss 0.1522(0.1557)
04:21:26 01-25 [epoch 25 train] [step 114/114] [eta 0:00:00]: lr 2.1405e-04 | loss 0.1523(0.1534)
04:21:27 01-25 [epoch 25 val]: acc_daxuanniu 100.0000 | acc_fangjian 50.0000 | acc_fangxiangjian 100.0000 | acc_sandianyuanxuanniu 100.0000 | acc_tuoyuanjian 71.4286 | acc_xiaoxuanniu 100.0000 | acc_youjian 75.0000 | acc_yuanpan 50.0000 | acc_avg 83.3333 | Loss 0.3041
04:21:28 01-25 [epoch 26 train] [step 1/114] [eta 0:00:12]: lr 2.1287e-04 | loss 0.1947(0.1544)
04:21:31 01-25 [epoch 26 train] [step 50/114] [eta 0:00:06]: lr 1.5498e-04 | loss 0.1461(0.1461)
04:21:34 01-25 [epoch 26 train] [step 100/114] [eta 0:00:00]: lr 1.5498e-04 | loss 0.1404(0.1346)
04:21:34 01-25 [epoch 26 train] [step 114/114] [eta 0:00:00]: lr 1.5498e-04 | loss 0.1417(0.1400)
04:21:35 01-25 [epoch 27 train] [step 1/114] [eta 0:00:06]: lr 1.5397e-04 | loss 0.1340(0.1400)
04:21:37 01-25 [epoch 27 train] [step 50/114] [eta 0:00:04]: lr 1.0454e-04 | loss 0.1398(0.1398)
04:21:40 01-25 [epoch 27 train] [step 100/114] [eta 0:00:00]: lr 1.0454e-04 | loss 0.1430(0.1463)
04:21:41 01-25 [epoch 27 train] [step 114/114] [eta 0:00:00]: lr 1.0454e-04 | loss 0.1441(0.1463)
04:21:41 01-25 [epoch 28 train] [step 1/114] [eta 0:00:07]: lr 1.0372e-04 | loss 0.2174(0.1473)
04:21:44 01-25 [epoch 28 train] [step 50/114] [eta 0:00:04]: lr 6.3952e-05 | loss 0.1641(0.1641)
04:21:47 01-25 [epoch 28 train] [step 100/114] [eta 0:00:00]: lr 6.3952e-05 | loss 0.1560(0.1479)
04:21:47 01-25 [epoch 28 train] [step 114/114] [eta 0:00:00]: lr 6.3952e-05 | loss 0.1554(0.1497)
04:21:48 01-25 [epoch 29 train] [step 1/114] [eta 0:00:07]: lr 6.3357e-05 | loss 0.1758(0.1508)
04:21:51 01-25 [epoch 29 train] [step 50/114] [eta 0:00:04]: lr 3.4227e-05 | loss 0.1620(0.1620)
04:21:53 01-25 [epoch 29 train] [step 100/114] [eta 0:00:00]: lr 3.4227e-05 | loss 0.1629(0.1638)
04:21:54 01-25 [epoch 29 train] [step 114/114] [eta 0:00:00]: lr 3.4227e-05 | loss 0.1608(0.1612)
04:21:55 01-25 [epoch 30 train] [step 1/114] [eta 0:00:07]: lr 3.3864e-05 | loss 0.1638(0.1620)
04:21:57 01-25 [epoch 30 train] [step 50/114] [eta 0:00:03]: lr 1.6094e-05 | loss 0.1438(0.1438)
04:21:59 01-25 [epoch 30 train] [step 100/114] [eta 0:00:00]: lr 1.6094e-05 | loss 0.1474(0.1511)
04:22:00 01-25 [epoch 30 train] [step 114/114] [eta 0:00:00]: lr 1.6094e-05 | loss 0.1474(0.1479)
04:22:01 01-25 [epoch 30 val]: acc_daxuanniu 100.0000 | acc_fangjian 50.0000 | acc_fangxiangjian 100.0000 | acc_sandianyuanxuanniu 100.0000 | acc_tuoyuanjian 57.1428 | acc_xiaoxuanniu 100.0000 | acc_youjian 75.0000 | acc_yuanpan 66.6667 | acc_avg 83.3333 | Loss 0.3086
04:22:02 01-25 [epoch 31 train] [step 1/114] [eta 0:00:10]: lr 3.5772e-05 | loss 0.1173(0.1479)
04:22:04 01-25 [epoch 31 train] [step 50/114] [eta 0:00:05]: lr 1.0000e-03 | loss 0.1469(0.1469)
04:22:07 01-25 [epoch 31 train] [step 100/114] [eta 0:00:00]: lr 1.0000e-03 | loss 0.1552(0.1635)
04:22:07 01-25 [epoch 31 train] [step 114/114] [eta 0:00:00]: lr 1.0000e-03 | loss 0.1565(0.1642)
04:22:08 01-25 [epoch 32 train] [step 1/114] [eta 0:00:06]: lr 9.9997e-04 | loss 0.1222(0.1643)
04:22:10 01-25 [epoch 32 train] [step 50/114] [eta 0:00:03]: lr 9.9847e-04 | loss 0.1516(0.1516)
04:22:12 01-25 [epoch 32 train] [step 100/114] [eta 0:00:00]: lr 9.9847e-04 | loss 0.1494(0.1472)
04:22:13 01-25 [epoch 32 train] [step 114/114] [eta 0:00:00]: lr 9.9847e-04 | loss 0.1505(0.1526)
04:22:14 01-25 [epoch 33 train] [step 1/114] [eta 0:00:06]: lr 9.9838e-04 | loss 0.1538(0.1530)
04:22:16 01-25 [epoch 33 train] [step 50/114] [eta 0:00:03]: lr 9.9391e-04 | loss 0.1623(0.1623)
04:22:18 01-25 [epoch 33 train] [step 100/114] [eta 0:00:00]: lr 9.9391e-04 | loss 0.1575(0.1528)
04:22:19 01-25 [epoch 33 train] [step 114/114] [eta 0:00:00]: lr 9.9391e-04 | loss 0.1540(0.1378)
04:22:20 01-25 [epoch 34 train] [step 1/114] [eta 0:00:06]: lr 9.9375e-04 | loss 0.1174(0.1378)
04:22:22 01-25 [epoch 34 train] [step 50/114] [eta 0:00:03]: lr 9.8632e-04 | loss 0.1423(0.1423)
04:22:24 01-25 [epoch 34 train] [step 100/114] [eta 0:00:00]: lr 9.8632e-04 | loss 0.1396(0.1369)
04:22:25 01-25 [epoch 34 train] [step 114/114] [eta 0:00:00]: lr 9.8632e-04 | loss 0.1393(0.1380)
04:22:25 01-25 [epoch 35 train] [step 1/114] [eta 0:00:06]: lr 9.8611e-04 | loss 0.1528(0.1384)
04:22:28 01-25 [epoch 35 train] [step 50/114] [eta 0:00:03]: lr 9.7577e-04 | loss 0.1319(0.1319)
04:22:30 01-25 [epoch 35 train] [step 100/114] [eta 0:00:00]: lr 9.7577e-04 | loss 0.1353(0.1387)
04:22:31 01-25 [epoch 35 train] [step 114/114] [eta 0:00:00]: lr 9.7577e-04 | loss 0.1356(0.1408)
04:22:32 01-25 [epoch 35 val]: acc_daxuanniu 100.0000 | acc_fangjian 50.0000 | acc_fangxiangjian 88.8889 | acc_sandianyuanxuanniu 100.0000 | acc_tuoyuanjian 85.7143 | acc_xiaoxuanniu 100.0000 | acc_youjian 87.5000 | acc_yuanpan 33.3333 | acc_avg 83.3333 | Loss 0.3718
04:22:33 01-25 [epoch 36 train] [step 1/114] [eta 0:00:10]: lr 9.7550e-04 | loss 0.1181(0.1405)
04:22:35 01-25 [epoch 36 train] [step 50/114] [eta 0:00:05]: lr 9.6232e-04 | loss 0.1275(0.1275)
04:22:37 01-25 [epoch 36 train] [step 100/114] [eta 0:00:00]: lr 9.6232e-04 | loss 0.1281(0.1286)
04:22:38 01-25 [epoch 36 train] [step 114/114] [eta 0:00:00]: lr 9.6232e-04 | loss 0.1277(0.1299)
04:22:39 01-25 [epoch 37 train] [step 1/114] [eta 0:00:06]: lr 9.6199e-04 | loss 0.1128(0.1297)
04:22:41 01-25 [epoch 37 train] [step 50/114] [eta 0:00:03]: lr 9.4605e-04 | loss 0.1311(0.1311)
04:22:43 01-25 [epoch 37 train] [step 100/114] [eta 0:00:00]: lr 9.4605e-04 | loss 0.1341(0.1371)
04:22:44 01-25 [epoch 37 train] [step 114/114] [eta 0:00:00]: lr 9.4605e-04 | loss 0.1343(0.1392)
04:22:44 01-25 [epoch 38 train] [step 1/114] [eta 0:00:06]: lr 9.4567e-04 | loss 0.1239(0.1394)
04:22:46 01-25 [epoch 38 train] [step 50/114] [eta 0:00:03]: lr 9.2706e-04 | loss 0.1229(0.1229)
04:22:49 01-25 [epoch 38 train] [step 100/114] [eta 0:00:00]: lr 9.2706e-04 | loss 0.1214(0.1199)
04:22:49 01-25 [epoch 38 train] [step 114/114] [eta 0:00:00]: lr 9.2706e-04 | loss 0.1212(0.1196)
04:22:50 01-25 [epoch 39 train] [step 1/114] [eta 0:00:06]: lr 9.2663e-04 | loss 0.1097(0.1194)
04:22:52 01-25 [epoch 39 train] [step 50/114] [eta 0:00:03]: lr 9.0546e-04 | loss 0.1295(0.1295)
04:22:55 01-25 [epoch 39 train] [step 100/114] [eta 0:00:00]: lr 9.0546e-04 | loss 0.1262(0.1228)
04:22:55 01-25 [epoch 39 train] [step 114/114] [eta 0:00:00]: lr 9.0546e-04 | loss 0.1304(0.1341)
04:22:56 01-25 [epoch 40 train] [step 1/114] [eta 0:00:06]: lr 9.0498e-04 | loss 0.1377(0.1346)
04:22:58 01-25 [epoch 40 train] [step 50/114] [eta 0:00:03]: lr 8.8140e-04 | loss 0.1252(0.1252)
04:23:00 01-25 [epoch 40 train] [step 100/114] [eta 0:00:00]: lr 8.8140e-04 | loss 0.1304(0.1355)
04:23:01 01-25 [epoch 40 train] [step 114/114] [eta 0:00:00]: lr 8.8140e-04 | loss 0.1317(0.1358)
04:23:02 01-25 [epoch 40 val]: acc_daxuanniu 100.0000 | acc_fangjian 50.0000 | acc_fangxiangjian 88.8889 | acc_sandianyuanxuanniu 100.0000 | acc_tuoyuanjian 57.1428 | acc_xiaoxuanniu 100.0000 | acc_youjian 87.5000 | acc_yuanpan 50.0000 | acc_avg 81.2500 | Loss 0.4981
04:23:03 01-25 [epoch 41 train] [step 1/114] [eta 0:00:10]: lr 8.8087e-04 | loss 0.1113(0.1352)
04:23:05 01-25 [epoch 41 train] [step 50/114] [eta 0:00:05]: lr 8.5502e-04 | loss 0.1187(0.1187)
04:23:08 01-25 [epoch 41 train] [step 100/114] [eta 0:00:00]: lr 8.5502e-04 | loss 0.1192(0.1197)
04:23:09 01-25 [epoch 41 train] [step 114/114] [eta 0:00:00]: lr 8.5502e-04 | loss 0.1188(0.1187)
04:23:09 01-25 [epoch 42 train] [step 1/114] [eta 0:00:06]: lr 8.5445e-04 | loss 0.1121(0.1187)
04:23:11 01-25 [epoch 42 train] [step 50/114] [eta 0:00:03]: lr 8.2648e-04 | loss 0.1176(0.1176)
04:23:14 01-25 [epoch 42 train] [step 100/114] [eta 0:00:00]: lr 8.2648e-04 | loss 0.1166(0.1157)
04:23:14 01-25 [epoch 42 train] [step 114/114] [eta 0:00:00]: lr 8.2648e-04 | loss 0.1181(0.1190)
04:23:15 01-25 [epoch 43 train] [step 1/114] [eta 0:00:06]: lr 8.2587e-04 | loss 0.1115(0.1189)
04:23:17 01-25 [epoch 43 train] [step 50/114] [eta 0:00:03]: lr 7.9595e-04 | loss 0.1163(0.1163)
04:23:19 01-25 [epoch 43 train] [step 100/114] [eta 0:00:00]: lr 7.9595e-04 | loss 0.1168(0.1172)
04:23:20 01-25 [epoch 43 train] [step 114/114] [eta 0:00:00]: lr 7.9595e-04 | loss 0.1169(0.1162)
04:23:21 01-25 [epoch 44 train] [step 1/114] [eta 0:00:06]: lr 7.9531e-04 | loss 0.1105(0.1162)
04:23:23 01-25 [epoch 44 train] [step 50/114] [eta 0:00:03]: lr 7.6364e-04 | loss 0.1200(0.1200)
04:23:25 01-25 [epoch 44 train] [step 100/114] [eta 0:00:00]: lr 7.6364e-04 | loss 0.1199(0.1197)
04:23:26 01-25 [epoch 44 train] [step 114/114] [eta 0:00:00]: lr 7.6364e-04 | loss 0.1261(0.1336)
04:23:26 01-25 [epoch 45 train] [step 1/114] [eta 0:00:06]: lr 7.6296e-04 | loss 0.1362(0.1340)
04:23:29 01-25 [epoch 45 train] [step 50/114] [eta 0:00:03]: lr 7.2973e-04 | loss 0.1223(0.1223)
04:23:31 01-25 [epoch 45 train] [step 100/114] [eta 0:00:00]: lr 7.2973e-04 | loss 0.1192(0.1161)
04:23:32 01-25 [epoch 45 train] [step 114/114] [eta 0:00:00]: lr 7.2973e-04 | loss 0.1186(0.1166)
04:23:33 01-25 [epoch 45 val]: acc_daxuanniu 100.0000 | acc_fangjian 50.0000 | acc_fangxiangjian 88.8889 | acc_sandianyuanxuanniu 100.0000 | acc_tuoyuanjian 57.1428 | acc_xiaoxuanniu 100.0000 | acc_youjian 75.0000 | acc_yuanpan 33.3333 | acc_avg 77.0833 | Loss 0.4887
04:23:34 01-25 [epoch 46 train] [step 1/114] [eta 0:00:10]: lr 7.2902e-04 | loss 0.1093(0.1164)
04:23:36 01-25 [epoch 46 train] [step 50/114] [eta 0:00:05]: lr 6.9443e-04 | loss 0.1160(0.1160)
04:23:38 01-25 [epoch 46 train] [step 100/114] [eta 0:00:00]: lr 6.9443e-04 | loss 0.1210(0.1259)
04:23:39 01-25 [epoch 46 train] [step 114/114] [eta 0:00:00]: lr 6.9443e-04 | loss 0.1201(0.1262)
04:23:40 01-25 [epoch 47 train] [step 1/114] [eta 0:00:06]: lr 6.9370e-04 | loss 0.1169(0.1263)
04:23:42 01-25 [epoch 47 train] [step 50/114] [eta 0:00:03]: lr 6.5796e-04 | loss 0.1186(0.1186)
04:23:44 01-25 [epoch 47 train] [step 100/114] [eta 0:00:00]: lr 6.5796e-04 | loss 0.1157(0.1129)
04:23:45 01-25 [epoch 47 train] [step 114/114] [eta 0:00:00]: lr 6.5796e-04 | loss 0.1156(0.1126)
04:23:45 01-25 [epoch 48 train] [step 1/114] [eta 0:00:06]: lr 6.5722e-04 | loss 0.1129(0.1127)
04:23:48 01-25 [epoch 48 train] [step 50/114] [eta 0:00:03]: lr 6.2056e-04 | loss 0.1165(0.1165)
04:23:50 01-25 [epoch 48 train] [step 100/114] [eta 0:00:00]: lr 6.2056e-04 | loss 0.1166(0.1166)
04:23:51 01-25 [epoch 48 train] [step 114/114] [eta 0:00:00]: lr 6.2056e-04 | loss 0.1163(0.1172)
04:23:51 01-25 [epoch 49 train] [step 1/114] [eta 0:00:06]: lr 6.1979e-04 | loss 0.1235(0.1174)
04:23:53 01-25 [epoch 49 train] [step 50/114] [eta 0:00:03]: lr 5.8244e-04 | loss 0.1164(0.1164)
04:23:56 01-25 [epoch 49 train] [step 100/114] [eta 0:00:00]: lr 5.8244e-04 | loss 0.1149(0.1134)
04:23:56 01-25 [epoch 49 train] [step 114/114] [eta 0:00:00]: lr 5.8244e-04 | loss 0.1145(0.1119)
04:23:57 01-25 [epoch 50 train] [step 1/114] [eta 0:00:06]: lr 5.8166e-04 | loss 0.1111(0.1119)
04:23:59 01-25 [epoch 50 train] [step 50/114] [eta 0:00:03]: lr 5.4384e-04 | loss 0.1129(0.1129)
04:24:01 01-25 [epoch 50 train] [step 100/114] [eta 0:00:00]: lr 5.4384e-04 | loss 0.1170(0.1210)
04:24:02 01-25 [epoch 50 train] [step 114/114] [eta 0:00:00]: lr 5.4384e-04 | loss 0.1168(0.1133)
04:24:03 01-25 [epoch 50 val]: acc_daxuanniu 100.0000 | acc_fangjian 50.0000 | acc_fangxiangjian 88.8889 | acc_sandianyuanxuanniu 100.0000 | acc_tuoyuanjian 57.1428 | acc_xiaoxuanniu 100.0000 | acc_youjian 75.0000 | acc_yuanpan 66.6667 | acc_avg 81.2500 | Loss 0.3792
04:24:04 01-25 [epoch 51 train] [step 1/114] [eta 0:00:10]: lr 5.4306e-04 | loss 0.1090(0.1130)
04:24:07 01-25 [epoch 51 train] [step 50/114] [eta 0:00:06]: lr 5.0500e-04 | loss 0.1146(0.1146)
04:24:09 01-25 [epoch 51 train] [step 100/114] [eta 0:00:00]: lr 5.0500e-04 | loss 0.1204(0.1263)
04:24:10 01-25 [epoch 51 train] [step 114/114] [eta 0:00:00]: lr 5.0500e-04 | loss 0.1197(0.1128)
04:24:10 01-25 [epoch 52 train] [step 1/114] [eta 0:00:06]: lr 5.0422e-04 | loss 0.1103(0.1128)
04:24:13 01-25 [epoch 52 train] [step 50/114] [eta 0:00:03]: lr 4.6616e-04 | loss 0.1160(0.1160)
04:24:15 01-25 [epoch 52 train] [step 100/114] [eta 0:00:00]: lr 4.6616e-04 | loss 0.1140(0.1119)
04:24:16 01-25 [epoch 52 train] [step 114/114] [eta 0:00:00]: lr 4.6616e-04 | loss 0.1151(0.1142)
04:24:17 01-25 [epoch 53 train] [step 1/114] [eta 0:00:07]: lr 4.6539e-04 | loss 0.1163(0.1143)
04:24:19 01-25 [epoch 53 train] [step 50/114] [eta 0:00:03]: lr 4.2756e-04 | loss 0.1135(0.1135)
04:24:21 01-25 [epoch 53 train] [step 100/114] [eta 0:00:00]: lr 4.2756e-04 | loss 0.1123(0.1110)
04:24:22 01-25 [epoch 53 train] [step 114/114] [eta 0:00:00]: lr 4.2756e-04 | loss 0.1127(0.1120)
04:24:23 01-25 [epoch 54 train] [step 1/114] [eta 0:00:06]: lr 4.2680e-04 | loss 0.1095(0.1121)
04:24:25 01-25 [epoch 54 train] [step 50/114] [eta 0:00:03]: lr 3.8944e-04 | loss 0.1124(0.1124)
04:24:27 01-25 [epoch 54 train] [step 100/114] [eta 0:00:00]: lr 3.8944e-04 | loss 0.1125(0.1126)
04:24:28 01-25 [epoch 54 train] [step 114/114] [eta 0:00:00]: lr 3.8944e-04 | loss 0.1126(0.1123)
04:24:29 01-25 [epoch 55 train] [step 1/114] [eta 0:00:06]: lr 3.8870e-04 | loss 0.1088(0.1123)
04:24:31 01-25 [epoch 55 train] [step 50/114] [eta 0:00:03]: lr 3.5204e-04 | loss 0.1138(0.1138)
04:24:34 01-25 [epoch 55 train] [step 100/114] [eta 0:00:00]: lr 3.5204e-04 | loss 0.1130(0.1121)
04:24:34 01-25 [epoch 55 train] [step 114/114] [eta 0:00:00]: lr 3.5204e-04 | loss 0.1126(0.1114)
04:24:35 01-25 [epoch 55 val]: acc_daxuanniu 100.0000 | acc_fangjian 50.0000 | acc_fangxiangjian 88.8889 | acc_sandianyuanxuanniu 100.0000 | acc_tuoyuanjian 57.1428 | acc_xiaoxuanniu 100.0000 | acc_youjian 87.5000 | acc_yuanpan 50.0000 | acc_avg 81.2500 | Loss 0.3691
04:24:37 01-25 [epoch 56 train] [step 1/114] [eta 0:00:11]: lr 3.5131e-04 | loss 0.1088(0.1114)
04:24:39 01-25 [epoch 56 train] [step 50/114] [eta 0:00:06]: lr 3.1557e-04 | loss 0.1115(0.1115)
04:24:41 01-25 [epoch 56 train] [step 100/114] [eta 0:00:00]: lr 3.1557e-04 | loss 0.1119(0.1124)
04:24:42 01-25 [epoch 56 train] [step 114/114] [eta 0:00:00]: lr 3.1557e-04 | loss 0.1117(0.1121)
04:24:43 01-25 [epoch 57 train] [step 1/114] [eta 0:00:06]: lr 3.1487e-04 | loss 0.1087(0.1121)
04:24:45 01-25 [epoch 57 train] [step 50/114] [eta 0:00:03]: lr 2.8027e-04 | loss 0.1121(0.1121)
04:24:47 01-25 [epoch 57 train] [step 100/114] [eta 0:00:00]: lr 2.8027e-04 | loss 0.1120(0.1119)
04:24:48 01-25 [epoch 57 train] [step 114/114] [eta 0:00:00]: lr 2.8027e-04 | loss 0.1119(0.1123)
04:24:48 01-25 [epoch 58 train] [step 1/114] [eta 0:00:06]: lr 2.7960e-04 | loss 0.1346(0.1128)
04:24:51 01-25 [epoch 58 train] [step 50/114] [eta 0:00:03]: lr 2.4636e-04 | loss 0.1114(0.1114)
04:24:53 01-25 [epoch 58 train] [step 100/114] [eta 0:00:00]: lr 2.4636e-04 | loss 0.1111(0.1108)
04:24:54 01-25 [epoch 58 train] [step 114/114] [eta 0:00:00]: lr 2.4636e-04 | loss 0.1121(0.1131)
04:24:54 01-25 [epoch 59 train] [step 1/114] [eta 0:00:06]: lr 2.4572e-04 | loss 0.1108(0.1131)
04:24:57 01-25 [epoch 59 train] [step 50/114] [eta 0:00:04]: lr 2.1405e-04 | loss 0.1112(0.1112)
04:25:00 01-25 [epoch 59 train] [step 100/114] [eta 0:00:00]: lr 2.1405e-04 | loss 0.1116(0.1120)
04:25:01 01-25 [epoch 59 train] [step 114/114] [eta 0:00:00]: lr 2.1405e-04 | loss 0.1114(0.1107)
04:25:01 01-25 [epoch 60 train] [step 1/114] [eta 0:00:06]: lr 2.1344e-04 | loss 0.1215(0.1109)
04:25:04 01-25 [epoch 60 train] [step 50/114] [eta 0:00:03]: lr 1.8352e-04 | loss 0.1110(0.1110)
04:25:06 01-25 [epoch 60 train] [step 100/114] [eta 0:00:00]: lr 1.8352e-04 | loss 0.1109(0.1108)
04:25:07 01-25 [epoch 60 train] [step 114/114] [eta 0:00:00]: lr 1.8352e-04 | loss 0.1109(0.1110)
04:25:08 01-25 [epoch 60 val]: acc_daxuanniu 100.0000 | acc_fangjian 50.0000 | acc_fangxiangjian 88.8889 | acc_sandianyuanxuanniu 100.0000 | acc_tuoyuanjian 71.4286 | acc_xiaoxuanniu 100.0000 | acc_youjian 87.5000 | acc_yuanpan 50.0000 | acc_avg 83.3333 | Loss 0.3512
04:25:10 01-25 [epoch 61 train] [step 1/114] [eta 0:00:12]: lr 1.8295e-04 | loss 0.1091(0.1110)
04:25:12 01-25 [epoch 61 train] [step 50/114] [eta 0:00:06]: lr 1.5498e-04 | loss 0.1121(0.1121)
04:25:14 01-25 [epoch 61 train] [step 100/114] [eta 0:00:00]: lr 1.5498e-04 | loss 0.1133(0.1145)
04:25:15 01-25 [epoch 61 train] [step 114/114] [eta 0:00:00]: lr 1.5498e-04 | loss 0.1130(0.1134)
04:25:16 01-25 [epoch 62 train] [step 1/114] [eta 0:00:06]: lr 1.5445e-04 | loss 0.1223(0.1137)
04:25:18 01-25 [epoch 62 train] [step 50/114] [eta 0:00:03]: lr 1.2860e-04 | loss 0.1140(0.1140)
04:25:20 01-25 [epoch 62 train] [step 100/114] [eta 0:00:00]: lr 1.2860e-04 | loss 0.1142(0.1144)
04:25:21 01-25 [epoch 62 train] [step 114/114] [eta 0:00:00]: lr 1.2860e-04 | loss 0.1172(0.1197)
04:25:22 01-25 [epoch 63 train] [step 1/114] [eta 0:00:06]: lr 1.2812e-04 | loss 0.1111(0.1197)
04:25:24 01-25 [epoch 63 train] [step 50/114] [eta 0:00:03]: lr 1.0454e-04 | loss 0.1132(0.1132)
04:25:26 01-25 [epoch 63 train] [step 100/114] [eta 0:00:00]: lr 1.0454e-04 | loss 0.1128(0.1123)
04:25:27 01-25 [epoch 63 train] [step 114/114] [eta 0:00:00]: lr 1.0454e-04 | loss 0.1125(0.1114)
04:25:27 01-25 [epoch 64 train] [step 1/114] [eta 0:00:06]: lr 1.0410e-04 | loss 0.1147(0.1114)
04:25:29 01-25 [epoch 64 train] [step 50/114] [eta 0:00:03]: lr 8.2943e-05 | loss 0.1112(0.1112)
04:25:32 01-25 [epoch 64 train] [step 100/114] [eta 0:00:00]: lr 8.2943e-05 | loss 0.1115(0.1117)
04:25:33 01-25 [epoch 64 train] [step 114/114] [eta 0:00:00]: lr 8.2943e-05 | loss 0.1113(0.1119)
04:25:34 01-25 [epoch 65 train] [step 1/114] [eta 0:00:07]: lr 8.2563e-05 | loss 0.1123(0.1120)
04:25:36 01-25 [epoch 65 train] [step 50/114] [eta 0:00:03]: lr 6.3952e-05 | loss 0.1109(0.1109)
04:25:38 01-25 [epoch 65 train] [step 100/114] [eta 0:00:00]: lr 6.3952e-05 | loss 0.1122(0.1134)
04:25:39 01-25 [epoch 65 train] [step 114/114] [eta 0:00:00]: lr 6.3952e-05 | loss 0.1122(0.1120)
04:25:40 01-25 [epoch 65 val]: acc_daxuanniu 100.0000 | acc_fangjian 50.0000 | acc_fangxiangjian 88.8889 | acc_sandianyuanxuanniu 100.0000 | acc_tuoyuanjian 57.1428 | acc_xiaoxuanniu 100.0000 | acc_youjian 87.5000 | acc_yuanpan 50.0000 | acc_avg 81.2500 | Loss 0.3830
04:25:41 01-25 [epoch 66 train] [step 1/114] [eta 0:00:09]: lr 6.3626e-05 | loss 0.1130(0.1115)
04:25:43 01-25 [epoch 66 train] [step 50/114] [eta 0:00:05]: lr 4.7680e-05 | loss 0.1139(0.1139)
04:25:46 01-25 [epoch 66 train] [step 100/114] [eta 0:00:00]: lr 4.7680e-05 | loss 0.1137(0.1136)
04:25:47 01-25 [epoch 66 train] [step 114/114] [eta 0:00:00]: lr 4.7680e-05 | loss 0.1132(0.1128)
04:25:47 01-25 [epoch 67 train] [step 1/114] [eta 0:00:07]: lr 4.7411e-05 | loss 0.1091(0.1128)
04:25:50 01-25 [epoch 67 train] [step 50/114] [eta 0:00:04]: lr 3.4227e-05 | loss 0.1115(0.1115)
04:25:52 01-25 [epoch 67 train] [step 100/114] [eta 0:00:00]: lr 3.4227e-05 | loss 0.1113(0.1111)
04:25:53 01-25 [epoch 67 train] [step 114/114] [eta 0:00:00]: lr 3.4227e-05 | loss 0.1115(0.1113)
04:25:53 01-25 [epoch 68 train] [step 1/114] [eta 0:00:06]: lr 3.4016e-05 | loss 0.1096(0.1113)
04:25:56 01-25 [epoch 68 train] [step 50/114] [eta 0:00:03]: lr 2.3677e-05 | loss 0.1123(0.1123)
04:25:58 01-25 [epoch 68 train] [step 100/114] [eta 0:00:00]: lr 2.3677e-05 | loss 0.1115(0.1108)
04:25:58 01-25 [epoch 68 train] [step 114/114] [eta 0:00:00]: lr 2.3677e-05 | loss 0.1114(0.1107)
04:25:59 01-25 [epoch 69 train] [step 1/114] [eta 0:00:06]: lr 2.3525e-05 | loss 0.1110(0.1106)
04:26:01 01-25 [epoch 69 train] [step 50/114] [eta 0:00:03]: lr 1.6094e-05 | loss 0.1107(0.1107)
04:26:04 01-25 [epoch 69 train] [step 100/114] [eta 0:00:00]: lr 1.6094e-05 | loss 0.1113(0.1118)
04:26:04 01-25 [epoch 69 train] [step 114/114] [eta 0:00:00]: lr 1.6094e-05 | loss 0.1129(0.1151)
04:26:05 01-25 [epoch 70 train] [step 1/114] [eta 0:00:06]: lr 1.6003e-05 | loss 0.1089(0.1151)
04:26:08 01-25 [epoch 70 train] [step 50/114] [eta 0:00:04]: lr 1.1526e-05 | loss 0.1118(0.1118)
04:26:10 01-25 [epoch 70 train] [step 100/114] [eta 0:00:00]: lr 1.1526e-05 | loss 0.1127(0.1135)
04:26:11 01-25 [epoch 70 train] [step 114/114] [eta 0:00:00]: lr 1.1526e-05 | loss 0.1124(0.1138)
04:26:12 01-25 [epoch 70 val]: acc_daxuanniu 100.0000 | acc_fangjian 50.0000 | acc_fangxiangjian 100.0000 | acc_sandianyuanxuanniu 100.0000 | acc_tuoyuanjian 57.1428 | acc_xiaoxuanniu 100.0000 | acc_youjian 87.5000 | acc_yuanpan 50.0000 | acc_avg 83.3333 | Loss 0.4351
04:26:13 01-25 [epoch 71 train] [step 1/114] [eta 0:00:10]: lr 3.1295e-05 | loss 0.1189(0.1140)
04:26:15 01-25 [epoch 71 train] [step 50/114] [eta 0:00:05]: lr 1.0000e-03 | loss 0.1114(0.1114)
04:26:17 01-25 [epoch 71 train] [step 100/114] [eta 0:00:00]: lr 1.0000e-03 | loss 0.1134(0.1155)
04:26:18 01-25 [epoch 71 train] [step 114/114] [eta 0:00:00]: lr 1.0000e-03 | loss 0.1131(0.1138)
04:26:18 01-25 [epoch 72 train] [step 1/114] [eta 0:00:05]: lr 9.9999e-04 | loss 0.1327(0.1143)
04:26:21 01-25 [epoch 72 train] [step 50/114] [eta 0:00:03]: lr 9.9962e-04 | loss 0.1142(0.1142)
04:26:24 01-25 [epoch 72 train] [step 100/114] [eta 0:00:00]: lr 9.9962e-04 | loss 0.1128(0.1114)
04:26:24 01-25 [epoch 72 train] [step 114/114] [eta 0:00:00]: lr 9.9962e-04 | loss 0.1126(0.1117)
04:26:25 01-25 [epoch 73 train] [step 1/114] [eta 0:00:07]: lr 9.9960e-04 | loss 0.1101(0.1117)
04:26:27 01-25 [epoch 73 train] [step 50/114] [eta 0:00:03]: lr 9.9847e-04 | loss 0.1162(0.1162)
04:26:30 01-25 [epoch 73 train] [step 100/114] [eta 0:00:00]: lr 9.9847e-04 | loss 0.1146(0.1130)
04:26:30 01-25 [epoch 73 train] [step 114/114] [eta 0:00:00]: lr 9.9847e-04 | loss 0.1141(0.1109)
04:26:31 01-25 [epoch 74 train] [step 1/114] [eta 0:00:05]: lr 9.9844e-04 | loss 0.1143(0.1110)
04:26:33 01-25 [epoch 74 train] [step 50/114] [eta 0:00:03]: lr 9.9657e-04 | loss 0.1113(0.1113)
04:26:35 01-25 [epoch 74 train] [step 100/114] [eta 0:00:00]: lr 9.9657e-04 | loss 0.1111(0.1108)
04:26:36 01-25 [epoch 74 train] [step 114/114] [eta 0:00:00]: lr 9.9657e-04 | loss 0.1127(0.1144)
04:26:37 01-25 [epoch 75 train] [step 1/114] [eta 0:00:06]: lr 9.9652e-04 | loss 0.1100(0.1144)
04:26:39 01-25 [epoch 75 train] [step 50/114] [eta 0:00:04]: lr 9.9391e-04 | loss 0.1190(0.1190)
04:26:42 01-25 [epoch 75 train] [step 100/114] [eta 0:00:00]: lr 9.9391e-04 | loss 0.1153(0.1116)
04:26:42 01-25 [epoch 75 train] [step 114/114] [eta 0:00:00]: lr 9.9391e-04 | loss 0.1146(0.1109)
04:26:44 01-25 [epoch 75 val]: acc_daxuanniu 100.0000 | acc_fangjian 50.0000 | acc_fangxiangjian 88.8889 | acc_sandianyuanxuanniu 100.0000 | acc_tuoyuanjian 57.1428 | acc_xiaoxuanniu 100.0000 | acc_youjian 75.0000 | acc_yuanpan 66.6667 | acc_avg 81.2500 | Loss 0.4204
04:26:45 01-25 [epoch 76 train] [step 1/114] [eta 0:00:09]: lr 9.9384e-04 | loss 0.1087(0.1109)
04:26:47 01-25 [epoch 76 train] [step 50/114] [eta 0:00:05]: lr 9.9049e-04 | loss 0.1145(0.1145)
04:26:49 01-25 [epoch 76 train] [step 100/114] [eta 0:00:00]: lr 9.9049e-04 | loss 0.1152(0.1159)
04:26:50 01-25 [epoch 76 train] [step 114/114] [eta 0:00:00]: lr 9.9049e-04 | loss 0.1148(0.1149)
04:26:51 01-25 [epoch 77 train] [step 1/114] [eta 0:00:07]: lr 9.9041e-04 | loss 0.1099(0.1133)
04:26:53 01-25 [epoch 77 train] [step 50/114] [eta 0:00:03]: lr 9.8632e-04 | loss 0.1118(0.1118)
04:26:55 01-25 [epoch 77 train] [step 100/114] [eta 0:00:00]: lr 9.8632e-04 | loss 0.1141(0.1165)
04:26:56 01-25 [epoch 77 train] [step 114/114] [eta 0:00:00]: lr 9.8632e-04 | loss 0.1136(0.1116)
04:26:57 01-25 [epoch 78 train] [step 1/114] [eta 0:00:07]: lr 9.8622e-04 | loss 0.1093(0.1116)
04:27:00 01-25 [epoch 78 train] [step 50/114] [eta 0:00:04]: lr 9.8142e-04 | loss 0.1116(0.1116)
04:27:02 01-25 [epoch 78 train] [step 100/114] [eta 0:00:00]: lr 9.8142e-04 | loss 0.1119(0.1122)
04:27:03 01-25 [epoch 78 train] [step 114/114] [eta 0:00:00]: lr 9.8142e-04 | loss 0.1116(0.1122)
04:27:04 01-25 [epoch 79 train] [step 1/114] [eta 0:00:07]: lr 9.8130e-04 | loss 0.1094(0.1122)
04:27:06 01-25 [epoch 79 train] [step 50/114] [eta 0:00:03]: lr 9.7577e-04 | loss 0.1110(0.1110)
04:27:09 01-25 [epoch 79 train] [step 100/114] [eta 0:00:00]: lr 9.7577e-04 | loss 0.1106(0.1102)
04:27:09 01-25 [epoch 79 train] [step 114/114] [eta 0:00:00]: lr 9.7577e-04 | loss 0.1106(0.1102)
04:27:10 01-25 [epoch 80 train] [step 1/114] [eta 0:00:06]: lr 9.7565e-04 | loss 0.1088(0.1101)
04:27:12 01-25 [epoch 80 train] [step 50/114] [eta 0:00:04]: lr 9.6940e-04 | loss 0.1104(0.1104)
04:27:15 01-25 [epoch 80 train] [step 100/114] [eta 0:00:00]: lr 9.6940e-04 | loss 0.1110(0.1116)
04:27:15 01-25 [epoch 80 train] [step 114/114] [eta 0:00:00]: lr 9.6940e-04 | loss 0.1113(0.1124)
04:27:17 01-25 [epoch 80 val]: acc_daxuanniu 100.0000 | acc_fangjian 50.0000 | acc_fangxiangjian 77.7778 | acc_sandianyuanxuanniu 100.0000 | acc_tuoyuanjian 85.7143 | acc_xiaoxuanniu 100.0000 | acc_youjian 87.5000 | acc_yuanpan 66.6667 | acc_avg 85.4167 | Loss 0.4535
04:27:18 01-25 [epoch 81 train] [step 1/114] [eta 0:00:11]: lr 9.6926e-04 | loss 0.1097(0.1124)
04:27:20 01-25 [epoch 81 train] [step 50/114] [eta 0:00:06]: lr 9.6232e-04 | loss 0.1109(0.1109)
04:27:23 01-25 [epoch 81 train] [step 100/114] [eta 0:00:00]: lr 9.6232e-04 | loss 0.1112(0.1115)
04:27:23 01-25 [epoch 81 train] [step 114/114] [eta 0:00:00]: lr 9.6232e-04 | loss 0.1111(0.1108)
04:27:24 01-25 [epoch 82 train] [step 1/114] [eta 0:00:06]: lr 9.6216e-04 | loss 0.2696(0.1135)
04:27:26 01-25 [epoch 82 train] [step 50/114] [eta 0:00:03]: lr 9.5453e-04 | loss 0.1163(0.1163)
04:27:28 01-25 [epoch 82 train] [step 100/114] [eta 0:00:00]: lr 9.5453e-04 | loss 0.1135(0.1108)
04:27:29 01-25 [epoch 82 train] [step 114/114] [eta 0:00:00]: lr 9.5453e-04 | loss 0.1173(0.1200)
04:27:29 01-25 [epoch 83 train] [step 1/114] [eta 0:00:06]: lr 9.5436e-04 | loss 0.1091(0.1200)
04:27:32 01-25 [epoch 83 train] [step 50/114] [eta 0:00:03]: lr 9.4605e-04 | loss 0.1140(0.1140)
04:27:34 01-25 [epoch 83 train] [step 100/114] [eta 0:00:00]: lr 9.4605e-04 | loss 0.1120(0.1099)
04:27:34 01-25 [epoch 83 train] [step 114/114] [eta 0:00:00]: lr 9.4605e-04 | loss 0.1119(0.1104)
04:27:35 01-25 [epoch 84 train] [step 1/114] [eta 0:00:06]: lr 9.4586e-04 | loss 0.1089(0.1102)
04:27:38 01-25 [epoch 84 train] [step 50/114] [eta 0:00:03]: lr 9.3689e-04 | loss 0.1116(0.1116)
04:27:40 01-25 [epoch 84 train] [step 100/114] [eta 0:00:00]: lr 9.3689e-04 | loss 0.1112(0.1108)
04:27:41 01-25 [epoch 84 train] [step 114/114] [eta 0:00:00]: lr 9.3689e-04 | loss 0.1110(0.1109)
04:27:41 01-25 [epoch 85 train] [step 1/114] [eta 0:00:06]: lr 9.3669e-04 | loss 0.1086(0.1108)
04:27:43 01-25 [epoch 85 train] [step 50/114] [eta 0:00:03]: lr 9.2706e-04 | loss 0.1114(0.1114)
04:27:46 01-25 [epoch 85 train] [step 100/114] [eta 0:00:00]: lr 9.2706e-04 | loss 0.1110(0.1106)
04:27:46 01-25 [epoch 85 train] [step 114/114] [eta 0:00:00]: lr 9.2706e-04 | loss 0.1109(0.1107)
04:27:47 01-25 [epoch 85 val]: acc_daxuanniu 100.0000 | acc_fangjian 50.0000 | acc_fangxiangjian 77.7778 | acc_sandianyuanxuanniu 100.0000 | acc_tuoyuanjian 57.1428 | acc_xiaoxuanniu 100.0000 | acc_youjian 87.5000 | acc_yuanpan 66.6667 | acc_avg 81.2500 | Loss 0.4049
04:27:49 01-25 [epoch 86 train] [step 1/114] [eta 0:00:11]: lr 9.2685e-04 | loss 0.1096(0.1107)
04:27:51 01-25 [epoch 86 train] [step 50/114] [eta 0:00:06]: lr 9.1658e-04 | loss 0.1102(0.1102)
04:27:53 01-25 [epoch 86 train] [step 100/114] [eta 0:00:00]: lr 9.1658e-04 | loss 0.1105(0.1108)
04:27:54 01-25 [epoch 86 train] [step 114/114] [eta 0:00:00]: lr 9.1658e-04 | loss 0.1108(0.1116)
04:27:55 01-25 [epoch 87 train] [step 1/114] [eta 0:00:06]: lr 9.1636e-04 | loss 0.1086(0.1116)
04:27:57 01-25 [epoch 87 train] [step 50/114] [eta 0:00:03]: lr 9.0546e-04 | loss 0.1103(0.1103)
04:28:00 01-25 [epoch 87 train] [step 100/114] [eta 0:00:00]: lr 9.0546e-04 | loss 0.1130(0.1158)
04:28:01 01-25 [epoch 87 train] [step 114/114] [eta 0:00:00]: lr 9.0546e-04 | loss 0.1126(0.1155)
04:28:01 01-25 [epoch 88 train] [step 1/114] [eta 0:00:06]: lr 9.0523e-04 | loss 0.1086(0.1155)
04:28:03 01-25 [epoch 88 train] [step 50/114] [eta 0:00:03]: lr 8.9373e-04 | loss 0.1165(0.1165)
04:28:06 01-25 [epoch 88 train] [step 100/114] [eta 0:00:00]: lr 8.9373e-04 | loss 0.1143(0.1120)
04:28:06 01-25 [epoch 88 train] [step 114/114] [eta 0:00:00]: lr 8.9373e-04 | loss 0.1139(0.1109)
04:28:07 01-25 [epoch 89 train] [step 1/114] [eta 0:00:05]: lr 8.9349e-04 | loss 0.1086(0.1109)
04:28:09 01-25 [epoch 89 train] [step 50/114] [eta 0:00:03]: lr 8.8140e-04 | loss 0.1100(0.1100)
04:28:11 01-25 [epoch 89 train] [step 100/114] [eta 0:00:00]: lr 8.8140e-04 | loss 0.1106(0.1112)
04:28:12 01-25 [epoch 89 train] [step 114/114] [eta 0:00:00]: lr 8.8140e-04 | loss 0.1104(0.1108)
04:28:12 01-25 [epoch 90 train] [step 1/114] [eta 0:00:05]: lr 8.8114e-04 | loss 0.1086(0.1108)
04:28:14 01-25 [epoch 90 train] [step 50/114] [eta 0:00:03]: lr 8.6849e-04 | loss 0.1132(0.1132)
04:28:17 01-25 [epoch 90 train] [step 100/114] [eta 0:00:00]: lr 8.6849e-04 | loss 0.1118(0.1104)
04:28:19 01-25 [epoch 90 train] [step 114/114] [eta 0:00:00]: lr 8.6849e-04 | loss 0.1118(0.1108)
04:28:20 01-25 [epoch 90 val]: acc_daxuanniu 100.0000 | acc_fangjian 50.0000 | acc_fangxiangjian 77.7778 | acc_sandianyuanxuanniu 100.0000 | acc_tuoyuanjian 100.0000 | acc_xiaoxuanniu 100.0000 | acc_youjian 87.5000 | acc_yuanpan 33.3333 | acc_avg 83.3333 | Loss 0.6815
04:28:22 01-25 [epoch 91 train] [step 1/114] [eta 0:00:14]: lr 8.6822e-04 | loss 0.1115(0.1108)
04:28:24 01-25 [epoch 91 train] [step 50/114] [eta 0:00:06]: lr 8.5502e-04 | loss 0.1106(0.1106)
04:28:26 01-25 [epoch 91 train] [step 100/114] [eta 0:00:00]: lr 8.5502e-04 | loss 0.1111(0.1115)
04:28:27 01-25 [epoch 91 train] [step 114/114] [eta 0:00:00]: lr 8.5502e-04 | loss 0.1108(0.1112)
04:28:28 01-25 [epoch 92 train] [step 1/114] [eta 0:00:06]: lr 8.5474e-04 | loss 0.1085(0.1112)
04:28:30 01-25 [epoch 92 train] [step 50/114] [eta 0:00:03]: lr 8.4101e-04 | loss 0.1109(0.1109)
04:28:32 01-25 [epoch 92 train] [step 100/114] [eta 0:00:00]: lr 8.4101e-04 | loss 0.1113(0.1117)
04:28:33 01-25 [epoch 92 train] [step 114/114] [eta 0:00:00]: lr 8.4101e-04 | loss 0.1112(0.1121)
04:28:33 01-25 [epoch 93 train] [step 1/114] [eta 0:00:05]: lr 8.4072e-04 | loss 0.1088(0.1121)
04:28:36 01-25 [epoch 93 train] [step 50/114] [eta 0:00:03]: lr 8.2648e-04 | loss 0.1092(0.1092)
04:28:38 01-25 [epoch 93 train] [step 100/114] [eta 0:00:00]: lr 8.2648e-04 | loss 0.1093(0.1094)
04:28:39 01-25 [epoch 93 train] [step 114/114] [eta 0:00:00]: lr 8.2648e-04 | loss 0.1097(0.1103)
04:28:39 01-25 [epoch 94 train] [step 1/114] [eta 0:00:06]: lr 8.2618e-04 | loss 0.1090(0.1103)
04:28:42 01-25 [epoch 94 train] [step 50/114] [eta 0:00:03]: lr 8.1145e-04 | loss 0.1096(0.1096)
04:28:44 01-25 [epoch 94 train] [step 100/114] [eta 0:00:00]: lr 8.1145e-04 | loss 0.1103(0.1110)
04:28:44 01-25 [epoch 94 train] [step 114/114] [eta 0:00:00]: lr 8.1145e-04 | loss 0.1102(0.1111)
04:28:45 01-25 [epoch 95 train] [step 1/114] [eta 0:00:06]: lr 8.1114e-04 | loss 0.1096(0.1111)
04:28:47 01-25 [epoch 95 train] [step 50/114] [eta 0:00:03]: lr 7.9595e-04 | loss 0.1095(0.1095)
04:28:50 01-25 [epoch 95 train] [step 100/114] [eta 0:00:00]: lr 7.9595e-04 | loss 0.1106(0.1117)
04:28:50 01-25 [epoch 95 train] [step 114/114] [eta 0:00:00]: lr 7.9595e-04 | loss 0.1106(0.1109)
04:28:51 01-25 [epoch 95 val]: acc_daxuanniu 100.0000 | acc_fangjian 50.0000 | acc_fangxiangjian 88.8889 | acc_sandianyuanxuanniu 100.0000 | acc_tuoyuanjian 57.1428 | acc_xiaoxuanniu 100.0000 | acc_youjian 87.5000 | acc_yuanpan 66.6667 | acc_avg 83.3333 | Loss 0.3988
04:28:54 01-25 [epoch 96 train] [step 1/114] [eta 0:00:14]: lr 7.9563e-04 | loss 0.1160(0.1110)
04:28:57 01-25 [epoch 96 train] [step 50/114] [eta 0:00:09]: lr 7.8001e-04 | loss 0.1136(0.1136)
04:29:00 01-25 [epoch 96 train] [step 100/114] [eta 0:00:00]: lr 7.8001e-04 | loss 0.1118(0.1100)
04:29:00 01-25 [epoch 96 train] [step 114/114] [eta 0:00:00]: lr 7.8001e-04 | loss 0.1116(0.1102)
04:29:01 01-25 [epoch 97 train] [step 1/114] [eta 0:00:06]: lr 7.7968e-04 | loss 0.1093(0.1102)
04:29:03 01-25 [epoch 97 train] [step 50/114] [eta 0:00:03]: lr 7.6364e-04 | loss 0.1113(0.1113)
04:29:06 01-25 [epoch 97 train] [step 100/114] [eta 0:00:00]: lr 7.6364e-04 | loss 0.1104(0.1095)
04:29:06 01-25 [epoch 97 train] [step 114/114] [eta 0:00:00]: lr 7.6364e-04 | loss 0.1105(0.1102)
04:29:07 01-25 [epoch 98 train] [step 1/114] [eta 0:00:05]: lr 7.6330e-04 | loss 0.1086(0.1102)
04:29:09 01-25 [epoch 98 train] [step 50/114] [eta 0:00:03]: lr 7.4687e-04 | loss 0.1093(0.1093)
04:29:11 01-25 [epoch 98 train] [step 100/114] [eta 0:00:00]: lr 7.4687e-04 | loss 0.1093(0.1093)
04:29:12 01-25 [epoch 98 train] [step 114/114] [eta 0:00:00]: lr 7.4687e-04 | loss 0.1093(0.1093)
04:29:12 01-25 [epoch 99 train] [step 1/114] [eta 0:00:06]: lr 7.4652e-04 | loss 0.1084(0.1093)
04:29:15 01-25 [epoch 99 train] [step 50/114] [eta 0:00:03]: lr 7.2973e-04 | loss 0.1101(0.1101)
04:29:17 01-25 [epoch 99 train] [step 100/114] [eta 0:00:00]: lr 7.2973e-04 | loss 0.1119(0.1137)
04:29:18 01-25 [epoch 99 train] [step 114/114] [eta 0:00:00]: lr 7.2973e-04 | loss 0.1116(0.1135)
04:29:18 01-25 [epoch 100 train] [step 1/114] [eta 0:00:06]: lr 7.2938e-04 | loss 0.1086(0.1135)
04:29:21 01-25 [epoch 100 train] [step 50/114] [eta 0:00:03]: lr 7.1224e-04 | loss 0.1095(0.1095)
04:29:23 01-25 [epoch 100 train] [step 100/114] [eta 0:00:00]: lr 7.1224e-04 | loss 0.1100(0.1106)
04:29:24 01-25 [epoch 100 train] [step 114/114] [eta 0:00:00]: lr 7.1224e-04 | loss 0.1100(0.1106)
04:29:25 01-25 [epoch 100 val]: acc_daxuanniu 100.0000 | acc_fangjian 50.0000 | acc_fangxiangjian 88.8889 | acc_sandianyuanxuanniu 100.0000 | acc_tuoyuanjian 57.1428 | acc_xiaoxuanniu 100.0000 | acc_youjian 75.0000 | acc_yuanpan 50.0000 | acc_avg 79.1667 | Loss 0.5869
04:29:26 01-25 [epoch 101 train] [step 1/114] [eta 0:00:09]: lr 7.1188e-04 | loss 0.1094(0.1106)
04:29:28 01-25 [epoch 101 train] [step 50/114] [eta 0:00:05]: lr 6.9443e-04 | loss 0.1100(0.1100)
04:29:31 01-25 [epoch 101 train] [step 100/114] [eta 0:00:00]: lr 6.9443e-04 | loss 0.1097(0.1093)
04:29:33 01-25 [epoch 101 train] [step 114/114] [eta 0:00:00]: lr 6.9443e-04 | loss 0.1096(0.1093)
04:29:33 01-25 [epoch 102 train] [step 1/114] [eta 0:00:09]: lr 6.9407e-04 | loss 0.1119(0.1094)
04:29:36 01-25 [epoch 102 train] [step 50/114] [eta 0:00:03]: lr 6.7633e-04 | loss 0.1094(0.1094)
04:29:38 01-25 [epoch 102 train] [step 100/114] [eta 0:00:00]: lr 6.7633e-04 | loss 0.1094(0.1095)
04:29:38 01-25 [epoch 102 train] [step 114/114] [eta 0:00:00]: lr 6.7633e-04 | loss 0.1097(0.1101)
04:29:39 01-25 [epoch 103 train] [step 1/114] [eta 0:00:05]: lr 6.7596e-04 | loss 0.1106(0.1101)
04:29:41 01-25 [epoch 103 train] [step 50/114] [eta 0:00:03]: lr 6.5796e-04 | loss 0.1092(0.1092)
04:29:44 01-25 [epoch 103 train] [step 100/114] [eta 0:00:00]: lr 6.5796e-04 | loss 0.1098(0.1103)
04:29:44 01-25 [epoch 103 train] [step 114/114] [eta 0:00:00]: lr 6.5796e-04 | loss 0.1098(0.1102)
04:29:45 01-25 [epoch 104 train] [step 1/114] [eta 0:00:06]: lr 6.5759e-04 | loss 0.1090(0.1102)
04:29:47 01-25 [epoch 104 train] [step 50/114] [eta 0:00:03]: lr 6.3936e-04 | loss 0.1092(0.1092)
04:29:49 01-25 [epoch 104 train] [step 100/114] [eta 0:00:00]: lr 6.3936e-04 | loss 0.1094(0.1097)
04:29:50 01-25 [epoch 104 train] [step 114/114] [eta 0:00:00]: lr 6.3936e-04 | loss 0.1095(0.1098)
04:29:50 01-25 [epoch 105 train] [step 1/114] [eta 0:00:05]: lr 6.3899e-04 | loss 0.1086(0.1097)
04:29:53 01-25 [epoch 105 train] [step 50/114] [eta 0:00:03]: lr 6.2056e-04 | loss 0.1094(0.1094)
04:29:55 01-25 [epoch 105 train] [step 100/114] [eta 0:00:00]: lr 6.2056e-04 | loss 0.1104(0.1114)
04:29:56 01-25 [epoch 105 train] [step 114/114] [eta 0:00:00]: lr 6.2056e-04 | loss 0.1122(0.1156)
04:29:57 01-25 [epoch 105 val]: acc_daxuanniu 100.0000 | acc_fangjian 50.0000 | acc_fangxiangjian 88.8889 | acc_sandianyuanxuanniu 100.0000 | acc_tuoyuanjian 57.1428 | acc_xiaoxuanniu 100.0000 | acc_youjian 87.5000 | acc_yuanpan 66.6667 | acc_avg 83.3333 | Loss 0.3666
04:29:58 01-25 [epoch 106 train] [step 1/114] [eta 0:00:10]: lr 6.2018e-04 | loss 0.1084(0.1156)
04:30:01 01-25 [epoch 106 train] [step 50/114] [eta 0:00:06]: lr 6.0157e-04 | loss 0.1098(0.1098)
04:30:03 01-25 [epoch 106 train] [step 100/114] [eta 0:00:00]: lr 6.0157e-04 | loss 0.1098(0.1098)
04:30:04 01-25 [epoch 106 train] [step 114/114] [eta 0:00:00]: lr 6.0157e-04 | loss 0.1097(0.1097)
04:30:05 01-25 [epoch 107 train] [step 1/114] [eta 0:00:06]: lr 6.0119e-04 | loss 0.1085(0.1097)
04:30:07 01-25 [epoch 107 train] [step 50/114] [eta 0:00:03]: lr 5.8244e-04 | loss 0.1101(0.1101)
04:30:09 01-25 [epoch 107 train] [step 100/114] [eta 0:00:00]: lr 5.8244e-04 | loss 0.1103(0.1105)
04:30:10 01-25 [epoch 107 train] [step 114/114] [eta 0:00:00]: lr 5.8244e-04 | loss 0.1102(0.1106)
04:30:11 01-25 [epoch 108 train] [step 1/114] [eta 0:00:07]: lr 5.8205e-04 | loss 0.1110(0.1107)
04:30:13 01-25 [epoch 108 train] [step 50/114] [eta 0:00:04]: lr 5.6318e-04 | loss 0.1106(0.1106)
04:30:16 01-25 [epoch 108 train] [step 100/114] [eta 0:00:00]: lr 5.6318e-04 | loss 0.1100(0.1095)
04:30:16 01-25 [epoch 108 train] [step 114/114] [eta 0:00:00]: lr 5.6318e-04 | loss 0.1099(0.1096)
04:30:17 01-25 [epoch 109 train] [step 1/114] [eta 0:00:06]: lr 5.6279e-04 | loss 0.1084(0.1089)
04:30:19 01-25 [epoch 109 train] [step 50/114] [eta 0:00:03]: lr 5.4384e-04 | loss 0.1111(0.1111)
04:30:21 01-25 [epoch 109 train] [step 100/114] [eta 0:00:00]: lr 5.4384e-04 | loss 0.1101(0.1091)
04:30:22 01-25 [epoch 109 train] [step 114/114] [eta 0:00:00]: lr 5.4384e-04 | loss 0.1100(0.1091)
04:30:23 01-25 [epoch 110 train] [step 1/114] [eta 0:00:06]: lr 5.4345e-04 | loss 0.1084(0.1091)
04:30:25 01-25 [epoch 110 train] [step 50/114] [eta 0:00:03]: lr 5.2443e-04 | loss 0.1091(0.1091)
04:30:27 01-25 [epoch 110 train] [step 100/114] [eta 0:00:00]: lr 5.2443e-04 | loss 0.1108(0.1125)
04:30:28 01-25 [epoch 110 train] [step 114/114] [eta 0:00:00]: lr 5.2443e-04 | loss 0.1107(0.1125)
04:30:29 01-25 [epoch 110 val]: acc_daxuanniu 100.0000 | acc_fangjian 50.0000 | acc_fangxiangjian 88.8889 | acc_sandianyuanxuanniu 100.0000 | acc_tuoyuanjian 71.4286 | acc_xiaoxuanniu 100.0000 | acc_youjian 75.0000 | acc_yuanpan 50.0000 | acc_avg 81.2500 | Loss 0.4020
04:30:30 01-25 [epoch 111 train] [step 1/114] [eta 0:00:10]: lr 5.2404e-04 | loss 0.1085(0.1125)
04:30:32 01-25 [epoch 111 train] [step 50/114] [eta 0:00:05]: lr 5.0500e-04 | loss 0.1094(0.1094)
04:30:35 01-25 [epoch 111 train] [step 100/114] [eta 0:00:00]: lr 5.0500e-04 | loss 0.1098(0.1102)
04:30:35 01-25 [epoch 111 train] [step 114/114] [eta 0:00:00]: lr 5.0500e-04 | loss 0.1099(0.1101)
04:30:36 01-25 [epoch 112 train] [step 1/114] [eta 0:00:07]: lr 5.0461e-04 | loss 0.1088(0.1101)
04:30:39 01-25 [epoch 112 train] [step 50/114] [eta 0:00:04]: lr 4.8557e-04 | loss 0.1092(0.1092)
04:30:41 01-25 [epoch 112 train] [step 100/114] [eta 0:00:00]: lr 4.8557e-04 | loss 0.1097(0.1103)
04:30:41 01-25 [epoch 112 train] [step 114/114] [eta 0:00:00]: lr 4.8557e-04 | loss 0.1096(0.1096)
04:30:42 01-25 [epoch 113 train] [step 1/114] [eta 0:00:05]: lr 4.8518e-04 | loss 0.1087(0.1096)
04:30:44 01-25 [epoch 113 train] [step 50/114] [eta 0:00:03]: lr 4.6616e-04 | loss 0.1092(0.1092)
04:30:46 01-25 [epoch 113 train] [step 100/114] [eta 0:00:00]: lr 4.6616e-04 | loss 0.1093(0.1093)
04:30:47 01-25 [epoch 113 train] [step 114/114] [eta 0:00:00]: lr 4.6616e-04 | loss 0.1095(0.1101)
04:30:47 01-25 [epoch 114 train] [step 1/114] [eta 0:00:05]: lr 4.6578e-04 | loss 0.1123(0.1102)
04:30:50 01-25 [epoch 114 train] [step 50/114] [eta 0:00:03]: lr 4.4682e-04 | loss 0.1090(0.1090)
04:30:52 01-25 [epoch 114 train] [step 100/114] [eta 0:00:00]: lr 4.4682e-04 | loss 0.1097(0.1103)
04:30:52 01-25 [epoch 114 train] [step 114/114] [eta 0:00:00]: lr 4.4682e-04 | loss 0.1096(0.1095)
04:30:53 01-25 [epoch 115 train] [step 1/114] [eta 0:00:06]: lr 4.4643e-04 | loss 0.1085(0.1095)
04:30:55 01-25 [epoch 115 train] [step 50/114] [eta 0:00:03]: lr 4.2756e-04 | loss 0.1101(0.1101)
04:30:58 01-25 [epoch 115 train] [step 100/114] [eta 0:00:00]: lr 4.2756e-04 | loss 0.1097(0.1092)
04:30:58 01-25 [epoch 115 train] [step 114/114] [eta 0:00:00]: lr 4.2756e-04 | loss 0.1096(0.1092)
04:30:59 01-25 [epoch 115 val]: acc_daxuanniu 100.0000 | acc_fangjian 50.0000 | acc_fangxiangjian 88.8889 | acc_sandianyuanxuanniu 100.0000 | acc_tuoyuanjian 57.1428 | acc_xiaoxuanniu 100.0000 | acc_youjian 75.0000 | acc_yuanpan 50.0000 | acc_avg 79.1667 | Loss 0.4957
04:31:00 01-25 [epoch 116 train] [step 1/114] [eta 0:00:09]: lr 4.2718e-04 | loss 0.1085(0.1091)
04:31:03 01-25 [epoch 116 train] [step 50/114] [eta 0:00:05]: lr 4.0843e-04 | loss 0.1097(0.1097)
04:31:05 01-25 [epoch 116 train] [step 100/114] [eta 0:00:00]: lr 4.0843e-04 | loss 0.1098(0.1100)
04:31:06 01-25 [epoch 116 train] [step 114/114] [eta 0:00:00]: lr 4.0843e-04 | loss 0.1098(0.1099)
04:31:06 01-25 [epoch 117 train] [step 1/114] [eta 0:00:06]: lr 4.0805e-04 | loss 0.1140(0.1099)
04:31:09 01-25 [epoch 117 train] [step 50/114] [eta 0:00:04]: lr 3.8944e-04 | loss 0.1092(0.1092)
04:31:12 01-25 [epoch 117 train] [step 100/114] [eta 0:00:00]: lr 3.8944e-04 | loss 0.1094(0.1096)
04:31:12 01-25 [epoch 117 train] [step 114/114] [eta 0:00:00]: lr 3.8944e-04 | loss 0.1094(0.1097)
04:31:13 01-25 [epoch 118 train] [step 1/114] [eta 0:00:06]: lr 3.8907e-04 | loss 0.1098(0.1097)
04:31:15 01-25 [epoch 118 train] [step 50/114] [eta 0:00:03]: lr 3.7064e-04 | loss 0.1097(0.1097)
04:31:18 01-25 [epoch 118 train] [step 100/114] [eta 0:00:00]: lr 3.7064e-04 | loss 0.1094(0.1092)
04:31:18 01-25 [epoch 118 train] [step 114/114] [eta 0:00:00]: lr 3.7064e-04 | loss 0.1094(0.1092)
04:31:19 01-25 [epoch 119 train] [step 1/114] [eta 0:00:06]: lr 3.7026e-04 | loss 0.1087(0.1092)
04:31:21 01-25 [epoch 119 train] [step 50/114] [eta 0:00:04]: lr 3.5204e-04 | loss 0.1098(0.1098)
04:31:24 01-25 [epoch 119 train] [step 100/114] [eta 0:00:00]: lr 3.5204e-04 | loss 0.1099(0.1099)
04:31:25 01-25 [epoch 119 train] [step 114/114] [eta 0:00:00]: lr 3.5204e-04 | loss 0.1097(0.1099)
04:31:26 01-25 [epoch 120 train] [step 1/114] [eta 0:00:07]: lr 3.5167e-04 | loss 0.1083(0.1099)
04:31:28 01-25 [epoch 120 train] [step 50/114] [eta 0:00:04]: lr 3.3367e-04 | loss 0.1090(0.1090)
04:31:31 01-25 [epoch 120 train] [step 100/114] [eta 0:00:00]: lr 3.3367e-04 | loss 0.1092(0.1095)
04:31:31 01-25 [epoch 120 train] [step 114/114] [eta 0:00:00]: lr 3.3367e-04 | loss 0.1093(0.1096)
04:31:32 01-25 [epoch 120 val]: acc_daxuanniu 100.0000 | acc_fangjian 50.0000 | acc_fangxiangjian 88.8889 | acc_sandianyuanxuanniu 100.0000 | acc_tuoyuanjian 57.1428 | acc_xiaoxuanniu 100.0000 | acc_youjian 87.5000 | acc_yuanpan 50.0000 | acc_avg 81.2500 | Loss 0.4524
04:31:33 01-25 [epoch 121 train] [step 1/114] [eta 0:00:09]: lr 3.3331e-04 | loss 0.1086(0.1096)
04:31:36 01-25 [epoch 121 train] [step 50/114] [eta 0:00:05]: lr 3.1557e-04 | loss 0.1089(0.1089)
04:31:38 01-25 [epoch 121 train] [step 100/114] [eta 0:00:00]: lr 3.1557e-04 | loss 0.1091(0.1094)
04:31:38 01-25 [epoch 121 train] [step 114/114] [eta 0:00:00]: lr 3.1557e-04 | loss 0.1092(0.1094)
04:31:39 01-25 [epoch 122 train] [step 1/114] [eta 0:00:06]: lr 3.1522e-04 | loss 0.1114(0.1094)
04:31:41 01-25 [epoch 122 train] [step 50/114] [eta 0:00:03]: lr 2.9776e-04 | loss 0.1106(0.1106)
04:31:44 01-25 [epoch 122 train] [step 100/114] [eta 0:00:00]: lr 2.9776e-04 | loss 0.1101(0.1097)
04:31:44 01-25 [epoch 122 train] [step 114/114] [eta 0:00:00]: lr 2.9776e-04 | loss 0.1102(0.1100)
04:31:45 01-25 [epoch 123 train] [step 1/114] [eta 0:00:06]: lr 2.9741e-04 | loss 0.1091(0.1100)
04:31:47 01-25 [epoch 123 train] [step 50/114] [eta 0:00:03]: lr 2.8027e-04 | loss 0.1101(0.1101)
04:31:50 01-25 [epoch 123 train] [step 100/114] [eta 0:00:00]: lr 2.8027e-04 | loss 0.1100(0.1100)
04:31:51 01-25 [epoch 123 train] [step 114/114] [eta 0:00:00]: lr 2.8027e-04 | loss 0.1102(0.1106)
04:31:51 01-25 [epoch 124 train] [step 1/114] [eta 0:00:06]: lr 2.7993e-04 | loss 0.1090(0.1106)
04:31:53 01-25 [epoch 124 train] [step 50/114] [eta 0:00:03]: lr 2.6313e-04 | loss 0.1121(0.1121)
04:31:56 01-25 [epoch 124 train] [step 100/114] [eta 0:00:00]: lr 2.6313e-04 | loss 0.1107(0.1094)
04:31:56 01-25 [epoch 124 train] [step 114/114] [eta 0:00:00]: lr 2.6313e-04 | loss 0.1106(0.1094)
04:31:57 01-25 [epoch 125 train] [step 1/114] [eta 0:00:05]: lr 2.6280e-04 | loss 0.1085(0.1092)
04:31:59 01-25 [epoch 125 train] [step 50/114] [eta 0:00:03]: lr 2.4636e-04 | loss 0.1095(0.1095)
04:32:02 01-25 [epoch 125 train] [step 100/114] [eta 0:00:00]: lr 2.4636e-04 | loss 0.1126(0.1158)
04:32:02 01-25 [epoch 125 train] [step 114/114] [eta 0:00:00]: lr 2.4636e-04 | loss 0.1122(0.1155)
04:32:03 01-25 [epoch 125 val]: acc_daxuanniu 100.0000 | acc_fangjian 50.0000 | acc_fangxiangjian 88.8889 | acc_sandianyuanxuanniu 100.0000 | acc_tuoyuanjian 57.1428 | acc_xiaoxuanniu 100.0000 | acc_youjian 87.5000 | acc_yuanpan 50.0000 | acc_avg 81.2500 | Loss 0.4062
04:32:05 01-25 [epoch 126 train] [step 1/114] [eta 0:00:11]: lr 2.4604e-04 | loss 0.1083(0.1155)
04:32:07 01-25 [epoch 126 train] [step 50/114] [eta 0:00:06]: lr 2.2999e-04 | loss 0.1089(0.1089)
04:32:10 01-25 [epoch 126 train] [step 100/114] [eta 0:00:00]: lr 2.2999e-04 | loss 0.1093(0.1098)
04:32:10 01-25 [epoch 126 train] [step 114/114] [eta 0:00:00]: lr 2.2999e-04 | loss 0.1098(0.1110)
04:32:11 01-25 [epoch 127 train] [step 1/114] [eta 0:00:06]: lr 2.2967e-04 | loss 0.1089(0.1108)
04:32:13 01-25 [epoch 127 train] [step 50/114] [eta 0:00:03]: lr 2.1405e-04 | loss 0.1088(0.1088)
04:32:15 01-25 [epoch 127 train] [step 100/114] [eta 0:00:00]: lr 2.1405e-04 | loss 0.1104(0.1120)
04:32:16 01-25 [epoch 127 train] [step 114/114] [eta 0:00:00]: lr 2.1405e-04 | loss 0.1103(0.1106)
04:32:17 01-25 [epoch 128 train] [step 1/114] [eta 0:00:07]: lr 2.1374e-04 | loss 0.1096(0.1106)
04:32:20 01-25 [epoch 128 train] [step 50/114] [eta 0:00:04]: lr 1.9855e-04 | loss 0.1092(0.1092)
04:32:22 01-25 [epoch 128 train] [step 100/114] [eta 0:00:00]: lr 1.9855e-04 | loss 0.1094(0.1096)
04:32:23 01-25 [epoch 128 train] [step 114/114] [eta 0:00:00]: lr 1.9855e-04 | loss 0.1093(0.1091)
04:32:23 01-25 [epoch 129 train] [step 1/114] [eta 0:00:06]: lr 1.9825e-04 | loss 0.1085(0.1090)
04:32:25 01-25 [epoch 129 train] [step 50/114] [eta 0:00:03]: lr 1.8352e-04 | loss 0.1089(0.1089)
04:32:28 01-25 [epoch 129 train] [step 100/114] [eta 0:00:00]: lr 1.8352e-04 | loss 0.1089(0.1089)
04:32:28 01-25 [epoch 129 train] [step 114/114] [eta 0:00:00]: lr 1.8352e-04 | loss 0.1089(0.1089)
04:32:29 01-25 [epoch 130 train] [step 1/114] [eta 0:00:05]: lr 1.8323e-04 | loss 0.1089(0.1089)
04:32:31 01-25 [epoch 130 train] [step 50/114] [eta 0:00:03]: lr 1.6899e-04 | loss 0.1089(0.1089)
04:32:33 01-25 [epoch 130 train] [step 100/114] [eta 0:00:00]: lr 1.6899e-04 | loss 0.1089(0.1088)
04:32:34 01-25 [epoch 130 train] [step 114/114] [eta 0:00:00]: lr 1.6899e-04 | loss 0.1088(0.1088)
04:32:35 01-25 [epoch 130 val]: acc_daxuanniu 100.0000 | acc_fangjian 50.0000 | acc_fangxiangjian 88.8889 | acc_sandianyuanxuanniu 100.0000 | acc_tuoyuanjian 57.1428 | acc_xiaoxuanniu 100.0000 | acc_youjian 87.5000 | acc_yuanpan 50.0000 | acc_avg 81.2500 | Loss 0.3815
04:32:36 01-25 [epoch 131 train] [step 1/114] [eta 0:00:09]: lr 1.6871e-04 | loss 0.1098(0.1088)
04:32:38 01-25 [epoch 131 train] [step 50/114] [eta 0:00:05]: lr 1.5498e-04 | loss 0.1092(0.1092)
04:32:41 01-25 [epoch 131 train] [step 100/114] [eta 0:00:00]: lr 1.5498e-04 | loss 0.1094(0.1095)
04:32:41 01-25 [epoch 131 train] [step 114/114] [eta 0:00:00]: lr 1.5498e-04 | loss 0.1093(0.1093)
04:32:42 01-25 [epoch 132 train] [step 1/114] [eta 0:00:06]: lr 1.5471e-04 | loss 0.1124(0.1093)
04:32:44 01-25 [epoch 132 train] [step 50/114] [eta 0:00:03]: lr 1.4151e-04 | loss 0.1090(0.1090)
04:32:46 01-25 [epoch 132 train] [step 100/114] [eta 0:00:00]: lr 1.4151e-04 | loss 0.1096(0.1102)
04:32:47 01-25 [epoch 132 train] [step 114/114] [eta 0:00:00]: lr 1.4151e-04 | loss 0.1095(0.1101)
04:32:47 01-25 [epoch 133 train] [step 1/114] [eta 0:00:05]: lr 1.4125e-04 | loss 0.1084(0.1101)
04:32:50 01-25 [epoch 133 train] [step 50/114] [eta 0:00:03]: lr 1.2860e-04 | loss 0.1092(0.1092)
04:32:52 01-25 [epoch 133 train] [step 100/114] [eta 0:00:00]: lr 1.2860e-04 | loss 0.1093(0.1093)
04:32:52 01-25 [epoch 133 train] [step 114/114] [eta 0:00:00]: lr 1.2860e-04 | loss 0.1093(0.1093)
04:32:53 01-25 [epoch 134 train] [step 1/114] [eta 0:00:06]: lr 1.2835e-04 | loss 0.1097(0.1093)
04:32:55 01-25 [epoch 134 train] [step 50/114] [eta 0:00:03]: lr 1.1627e-04 | loss 0.1095(0.1095)
04:32:58 01-25 [epoch 134 train] [step 100/114] [eta 0:00:00]: lr 1.1627e-04 | loss 0.1091(0.1087)
04:32:58 01-25 [epoch 134 train] [step 114/114] [eta 0:00:00]: lr 1.1627e-04 | loss 0.1090(0.1087)
04:32:59 01-25 [epoch 135 train] [step 1/114] [eta 0:00:05]: lr 1.1603e-04 | loss 0.1088(0.1087)
04:33:01 01-25 [epoch 135 train] [step 50/114] [eta 0:00:03]: lr 1.0454e-04 | loss 0.1094(0.1094)
04:33:03 01-25 [epoch 135 train] [step 100/114] [eta 0:00:00]: lr 1.0454e-04 | loss 0.1091(0.1088)
04:33:03 01-25 [epoch 135 train] [step 114/114] [eta 0:00:00]: lr 1.0454e-04 | loss 0.1091(0.1089)
04:33:04 01-25 [epoch 135 val]: acc_daxuanniu 100.0000 | acc_fangjian 50.0000 | acc_fangxiangjian 88.8889 | acc_sandianyuanxuanniu 100.0000 | acc_tuoyuanjian 57.1428 | acc_xiaoxuanniu 100.0000 | acc_youjian 87.5000 | acc_yuanpan 50.0000 | acc_avg 81.2500 | Loss 0.3988
04:33:06 01-25 [epoch 136 train] [step 1/114] [eta 0:00:10]: lr 1.0431e-04 | loss 0.1086(0.1089)
04:33:08 01-25 [epoch 136 train] [step 50/114] [eta 0:00:06]: lr 9.3423e-05 | loss 0.1094(0.1094)
04:33:10 01-25 [epoch 136 train] [step 100/114] [eta 0:00:00]: lr 9.3423e-05 | loss 0.1103(0.1112)
04:33:11 01-25 [epoch 136 train] [step 114/114] [eta 0:00:00]: lr 9.3423e-05 | loss 0.1102(0.1108)
04:33:12 01-25 [epoch 137 train] [step 1/114] [eta 0:00:06]: lr 9.3213e-05 | loss 0.1084(0.1108)
04:33:14 01-25 [epoch 137 train] [step 50/114] [eta 0:00:03]: lr 8.2943e-05 | loss 0.1097(0.1097)
04:33:17 01-25 [epoch 137 train] [step 100/114] [eta 0:00:00]: lr 8.2943e-05 | loss 0.1094(0.1090)
04:33:18 01-25 [epoch 137 train] [step 114/114] [eta 0:00:00]: lr 8.2943e-05 | loss 0.1093(0.1088)
04:33:18 01-25 [epoch 138 train] [step 1/114] [eta 0:00:07]: lr 8.2747e-05 | loss 0.1085(0.1088)
04:33:21 01-25 [epoch 138 train] [step 50/114] [eta 0:00:04]: lr 7.3114e-05 | loss 0.1098(0.1098)
04:33:23 01-25 [epoch 138 train] [step 100/114] [eta 0:00:00]: lr 7.3114e-05 | loss 0.1094(0.1089)
04:33:24 01-25 [epoch 138 train] [step 114/114] [eta 0:00:00]: lr 7.3114e-05 | loss 0.1095(0.1095)
04:33:24 01-25 [epoch 139 train] [step 1/114] [eta 0:00:06]: lr 7.2931e-05 | loss 0.1084(0.1095)
04:33:27 01-25 [epoch 139 train] [step 50/114] [eta 0:00:03]: lr 6.3952e-05 | loss 0.1091(0.1091)
04:33:29 01-25 [epoch 139 train] [step 100/114] [eta 0:00:00]: lr 6.3952e-05 | loss 0.1106(0.1122)
04:33:30 01-25 [epoch 139 train] [step 114/114] [eta 0:00:00]: lr 6.3952e-05 | loss 0.1104(0.1119)
04:33:31 01-25 [epoch 140 train] [step 1/114] [eta 0:00:06]: lr 6.3782e-05 | loss 0.1085(0.1119)
04:33:33 01-25 [epoch 140 train] [step 50/114] [eta 0:00:03]: lr 5.5469e-05 | loss 0.1089(0.1089)
04:33:35 01-25 [epoch 140 train] [step 100/114] [eta 0:00:00]: lr 5.5469e-05 | loss 0.1090(0.1091)
04:33:35 01-25 [epoch 140 train] [step 114/114] [eta 0:00:00]: lr 5.5469e-05 | loss 0.1090(0.1093)
04:33:37 01-25 [epoch 140 val]: acc_daxuanniu 100.0000 | acc_fangjian 50.0000 | acc_fangxiangjian 88.8889 | acc_sandianyuanxuanniu 100.0000 | acc_tuoyuanjian 57.1428 | acc_xiaoxuanniu 100.0000 | acc_youjian 87.5000 | acc_yuanpan 50.0000 | acc_avg 81.2500 | Loss 0.4160
04:33:38 01-25 [epoch 141 train] [step 1/114] [eta 0:00:10]: lr 5.5313e-05 | loss 0.1085(0.1093)
04:33:40 01-25 [epoch 141 train] [step 50/114] [eta 0:00:06]: lr 4.7680e-05 | loss 0.1093(0.1093)
04:33:43 01-25 [epoch 141 train] [step 100/114] [eta 0:00:00]: lr 4.7680e-05 | loss 0.1092(0.1090)
04:33:43 01-25 [epoch 141 train] [step 114/114] [eta 0:00:00]: lr 4.7680e-05 | loss 0.1092(0.1091)
04:33:44 01-25 [epoch 142 train] [step 1/114] [eta 0:00:06]: lr 4.7538e-05 | loss 0.1084(0.1091)
04:33:46 01-25 [epoch 142 train] [step 50/114] [eta 0:00:03]: lr 4.0595e-05 | loss 0.1094(0.1094)
04:33:49 01-25 [epoch 142 train] [step 100/114] [eta 0:00:00]: lr 4.0595e-05 | loss 0.1093(0.1091)
04:33:49 01-25 [epoch 142 train] [step 114/114] [eta 0:00:00]: lr 4.0595e-05 | loss 0.1093(0.1094)
04:33:50 01-25 [epoch 143 train] [step 1/114] [eta 0:00:06]: lr 4.0468e-05 | loss 0.1086(0.1094)
04:33:52 01-25 [epoch 143 train] [step 50/114] [eta 0:00:03]: lr 3.4227e-05 | loss 0.1092(0.1092)
04:33:55 01-25 [epoch 143 train] [step 100/114] [eta 0:00:00]: lr 3.4227e-05 | loss 0.1093(0.1094)
04:33:56 01-25 [epoch 143 train] [step 114/114] [eta 0:00:00]: lr 3.4227e-05 | loss 0.1092(0.1094)
04:33:57 01-25 [epoch 144 train] [step 1/114] [eta 0:00:07]: lr 3.4114e-05 | loss 0.1116(0.1094)
04:33:59 01-25 [epoch 144 train] [step 50/114] [eta 0:00:04]: lr 2.8585e-05 | loss 0.1095(0.1095)
04:34:01 01-25 [epoch 144 train] [step 100/114] [eta 0:00:00]: lr 2.8585e-05 | loss 0.1094(0.1094)
04:34:02 01-25 [epoch 144 train] [step 114/114] [eta 0:00:00]: lr 2.8585e-05 | loss 0.1094(0.1094)
04:34:02 01-25 [epoch 145 train] [step 1/114] [eta 0:00:06]: lr 2.8487e-05 | loss 0.1084(0.1094)
04:34:05 01-25 [epoch 145 train] [step 50/114] [eta 0:00:03]: lr 2.3677e-05 | loss 0.1088(0.1088)
04:34:07 01-25 [epoch 145 train] [step 100/114] [eta 0:00:00]: lr 2.3677e-05 | loss 0.1091(0.1094)
04:34:07 01-25 [epoch 145 train] [step 114/114] [eta 0:00:00]: lr 2.3677e-05 | loss 0.1091(0.1096)
04:34:09 01-25 [epoch 145 val]: acc_daxuanniu 100.0000 | acc_fangjian 50.0000 | acc_fangxiangjian 88.8889 | acc_sandianyuanxuanniu 100.0000 | acc_tuoyuanjian 57.1428 | acc_xiaoxuanniu 100.0000 | acc_youjian 87.5000 | acc_yuanpan 50.0000 | acc_avg 81.2500 | Loss 0.4253
04:34:10 01-25 [epoch 146 train] [step 1/114] [eta 0:00:10]: lr 2.3594e-05 | loss 0.1089(0.1095)
04:34:12 01-25 [epoch 146 train] [step 50/114] [eta 0:00:05]: lr 1.9511e-05 | loss 0.1096(0.1096)
04:34:14 01-25 [epoch 146 train] [step 100/114] [eta 0:00:00]: lr 1.9511e-05 | loss 0.1098(0.1100)
04:34:15 01-25 [epoch 146 train] [step 114/114] [eta 0:00:00]: lr 1.9511e-05 | loss 0.1097(0.1094)
04:34:15 01-25 [epoch 147 train] [step 1/114] [eta 0:00:05]: lr 1.9443e-05 | loss 0.1084(0.1094)
04:34:17 01-25 [epoch 147 train] [step 50/114] [eta 0:00:03]: lr 1.6094e-05 | loss 0.1089(0.1089)
04:34:20 01-25 [epoch 147 train] [step 100/114] [eta 0:00:00]: lr 1.6094e-05 | loss 0.1091(0.1093)
04:34:20 01-25 [epoch 147 train] [step 114/114] [eta 0:00:00]: lr 1.6094e-05 | loss 0.1090(0.1092)
04:34:21 01-25 [epoch 148 train] [step 1/114] [eta 0:00:07]: lr 1.6041e-05 | loss 0.1084(0.1092)
04:34:23 01-25 [epoch 148 train] [step 50/114] [eta 0:00:03]: lr 1.3431e-05 | loss 0.1090(0.1090)
04:34:26 01-25 [epoch 148 train] [step 100/114] [eta 0:00:00]: lr 1.3431e-05 | loss 0.1090(0.1090)
04:34:26 01-25 [epoch 148 train] [step 114/114] [eta 0:00:00]: lr 1.3431e-05 | loss 0.1090(0.1089)
04:34:27 01-25 [epoch 149 train] [step 1/114] [eta 0:00:07]: lr 1.3393e-05 | loss 0.1092(0.1089)
04:34:29 01-25 [epoch 149 train] [step 50/114] [eta 0:00:03]: lr 1.1526e-05 | loss 0.1097(0.1097)
04:34:32 01-25 [epoch 149 train] [step 100/114] [eta 0:00:00]: lr 1.1526e-05 | loss 0.1095(0.1092)
04:34:32 01-25 [epoch 149 train] [step 114/114] [eta 0:00:00]: lr 1.1526e-05 | loss 0.1098(0.1102)
04:34:33 01-25 [epoch 150 train] [step 1/114] [eta 0:00:06]: lr 1.1503e-05 | loss 0.1110(0.1102)
04:34:35 01-25 [epoch 150 train] [step 50/114] [eta 0:00:03]: lr 1.0382e-05 | loss 0.1089(0.1089)
04:34:37 01-25 [epoch 150 train] [step 100/114] [eta 0:00:00]: lr 1.0382e-05 | loss 0.1090(0.1090)
04:34:14 01-25 [epoch 150 train] [step 114/114] [eta 0:00:00]: lr 1.0382e-05 | loss 0.1092(0.1094)
04:34:15 01-25 [epoch 150 val]: acc_daxuanniu 100.0000 | acc_fangjian 50.0000 | acc_fangxiangjian 88.8889 | acc_sandianyuanxuanniu 100.0000 | acc_tuoyuanjian 57.1428 | acc_xiaoxuanniu 100.0000 | acc_youjian 87.5000 | acc_yuanpan 50.0000 | acc_avg 81.2500 | Loss 0.3941
