Log file created at 05:10:12 01-25 with path: logs/resnet18_150e_8b_complex_sgd_1e-3_0.95_wd_1e-4_celoss_0.0.log
System information:
+-----------------------+------------------------------------+
|    CPU Physical Cores |                                 16 |
+-----------------------+------------------------------------+
|     CPU Logical Cores |                                 32 |
+-----------------------+------------------------------------+
|     CPU Max Frequency |                           0.00 MHz |
+-----------------------+------------------------------------+
| CPU Current Frequency |                        2419.20 MHz |
+-----------------------+------------------------------------+
|             RAM Total |                           10.70 GB |
+-----------------------+------------------------------------+
|         RAM Available |                            8.05 GB |
+-----------------------+------------------------------------+
|              RAM Used |                            2.38 GB |
+-----------------------+------------------------------------+
|            GPU Device | NVIDIA GeForce RTX 4060 Laptop GPU |
+-----------------------+------------------------------------+
|             GPU Count |                                  1 |
+-----------------------+------------------------------------+
|      GPU Memory Total |                            8.00 GB |
+-----------------------+------------------------------------+
|   GPU Memory Reserved |                            0.00 GB |
+-----------------------+------------------------------------+
|          CUDA Version |                               12.1 |
+-----------------------+------------------------------------+
|              Hostname |                            AmadFat |
+-----------------------+------------------------------------+
|                    OS |                              Linux |
+-----------------------+------------------------------------+
|            OS Release | 5.15.167.4-microsoft-standard-WSL2 |
+-----------------------+------------------------------------+
|            OS Version | #1 SMP Tue Nov 5 00:21:55 UTC 2024 |
+-----------------------+------------------------------------+
|        Python Version |                             3.9.21 |
+-----------------------+------------------------------------+
|       PyTorch Version |                        2.4.1+cu121 |
+-----------------------+------------------------------------+
|   TorchVision Version |                       0.19.1+cu121 |
+-----------------------+------------------------------------+
|    TorchAudio Version |                        2.4.1+cu121 |
+-----------------------+------------------------------------+
Experiment settings:
{'criterion': {'criterion_name': 'celoss', 'label_smoothing': 0.0},
 'data': {'batch_size': 8,
          'num_workers': 8,
          'root': 'dataset',
          'split_ratio': [0.95, 0.05]},
 'evaluator': {'acc': True, 'loss': True},
 'experiment': {'ckpt_save_dir': PosixPath('ckpts/resnet18_150e_8b_complex_sgd_1e-3_0.95_wd_1e-4_celoss_0.0'),
                'deterministic': False,
                'device': 'cuda',
                'experiment_name': 'resnet18_150e_8b_complex_sgd_1e-3_0.95_wd_1e-4_celoss_0.0',
                'max_epochs': 150,
                'save': True,
                'seed': 3407,
                'val': True,
                'val_interval': 5},
 'logger': {'log_save_path': PosixPath('logs/resnet18_150e_8b_complex_sgd_1e-3_0.95_wd_1e-4_celoss_0.0.log'),
            'tb_save_path': PosixPath('tbevents/resnet18_150e_8b_complex_sgd_1e-3_0.95_wd_1e-4_celoss_0.0'),
            'train_print_interval': 50,
            'use_tensorboard': True,
            'window_metric': 50,
            'window_time_stamp': 50},
 'model': {'last_fc_bias_init': 'const',
           'last_fc_weight_init': 'const',
           'model_name': 'resnet18',
           'norm_layer': 'batchnorm',
           'weights': 'default'},
 'optimizer': {'grad_clip': 1.0,
               'lr': 0.001,
               'momentum': 0.95,
               'optimizer_name': 'sgd',
               'weight_decay': 0.0001},
 'scheduler': {'T_0': 10,
               'T_mult': 2,
               'eta_min': 1e-05,
               'scheduler_name': 'cosinelr'},
 'transform': {'train': {'compose': {'transforms': [{'autoaugment': {'interpolation': 'nearest',
                                                                     'policy': 'imagenet'}},
                                                    {'totensor': {}},
                                                    {'randomflip': {'prob_hflip': 0.5,
                                                                    'prob_vflip': 0.5}},
                                                    {'colorjitter': {'contrast': 0.3}}]}},
               'val': {'totensor': {}}}}
05:10:22 01-25 [epoch 1 train] [step 1/114] [eta N/A]: loss 2.0794(2.0794) | lr 1.0000e-03
05:10:24 01-25 [epoch 1 train] [step 50/114] [eta 0:00:02]: loss 2.0529(2.0529) | lr 1.0000e-03
05:10:26 01-25 [epoch 1 train] [step 100/114] [eta 0:00:00]: loss 1.9896(1.9262) | lr 1.0000e-03
05:10:27 01-25 [epoch 1 train] [step 114/114] [eta 0:00:00]: loss 1.9881(1.9241) | lr 1.0000e-03
05:10:27 01-25 [epoch 2 train] [step 1/114] [eta 0:00:06]: loss 2.0663(1.9273) | lr 9.9952e-04
05:10:30 01-25 [epoch 2 train] [step 50/114] [eta 0:00:03]: loss 1.8105(1.8105) | lr 9.7577e-04
05:10:32 01-25 [epoch 2 train] [step 100/114] [eta 0:00:00]: loss 1.7606(1.7108) | lr 9.7577e-04
05:10:32 01-25 [epoch 2 train] [step 114/114] [eta 0:00:00]: loss 1.7372(1.6698) | lr 9.7577e-04
05:10:33 01-25 [epoch 3 train] [step 1/114] [eta 0:00:05]: loss 1.7469(1.6746) | lr 9.7437e-04
05:10:59 01-25 [epoch 3 train] [step 50/114] [eta 0:00:03]: loss 1.4665(1.4665) | lr 9.0546e-04
05:10:37 01-25 [epoch 3 train] [step 100/114] [eta 0:00:00]: loss 1.4124(1.3583) | lr 9.0546e-04
05:10:38 01-25 [epoch 3 train] [step 114/114] [eta 0:00:00]: loss 1.4053(1.3501) | lr 9.0546e-04
05:10:38 01-25 [epoch 4 train] [step 1/114] [eta 0:00:05]: loss 1.3358(1.3508) | lr 9.0327e-04
05:10:41 01-25 [epoch 4 train] [step 50/114] [eta 0:00:03]: loss 1.2306(1.2306) | lr 7.9595e-04
05:10:43 01-25 [epoch 4 train] [step 100/114] [eta 0:00:00]: loss 1.1556(1.0807) | lr 7.9595e-04
05:10:43 01-25 [epoch 4 train] [step 114/114] [eta 0:00:00]: loss 1.1486(1.0809) | lr 7.9595e-04
05:10:44 01-25 [epoch 5 train] [step 1/114] [eta 0:00:06]: loss 1.2021(1.0873) | lr 7.9319e-04
05:10:46 01-25 [epoch 5 train] [step 50/114] [eta 0:00:03]: loss 1.0160(1.0160) | lr 6.5796e-04
05:10:48 01-25 [epoch 5 train] [step 100/114] [eta 0:00:00]: loss 1.0031(0.9902) | lr 6.5796e-04
05:10:49 01-25 [epoch 5 train] [step 114/114] [eta 0:00:00]: loss 0.9958(0.9842) | lr 6.5796e-04
05:10:50 01-25 [epoch 5 val]: acc_daxuanniu 100.0000 | acc_fangjian 50.0000 | acc_fangxiangjian 100.0000 | acc_sandianyuanxuanniu 83.3333 | acc_tuoyuanjian 57.1428 | acc_xiaoxuanniu 100.0000 | acc_youjian 75.0000 | acc_yuanpan 33.3333 | acc_avg 77.0833 | Loss 0.7588
05:10:52 01-25 [epoch 6 train] [step 1/114] [eta 0:00:11]: loss 1.3358(0.9878) | lr 6.5490e-04
05:10:54 01-25 [epoch 6 train] [step 50/114] [eta 0:00:06]: loss 0.9298(0.9298) | lr 5.0500e-04
05:10:57 01-25 [epoch 6 train] [step 100/114] [eta 0:00:00]: loss 0.9128(0.8958) | lr 5.0500e-04
05:10:58 01-25 [epoch 6 train] [step 114/114] [eta 0:00:00]: loss 0.9215(0.9150) | lr 5.0500e-04
05:10:58 01-25 [epoch 7 train] [step 1/114] [eta 0:00:07]: loss 0.3953(0.9041) | lr 5.0194e-04
05:11:01 01-25 [epoch 7 train] [step 50/114] [eta 0:00:03]: loss 0.8539(0.8539) | lr 3.5204e-04
05:11:03 01-25 [epoch 7 train] [step 100/114] [eta 0:00:00]: loss 0.8562(0.8585) | lr 3.5204e-04
05:11:03 01-25 [epoch 7 train] [step 114/114] [eta 0:00:00]: loss 0.8400(0.8399) | lr 3.5204e-04
05:11:04 01-25 [epoch 8 train] [step 1/114] [eta 0:00:05]: loss 1.0490(0.8366) | lr 3.4928e-04
05:11:06 01-25 [epoch 8 train] [step 50/114] [eta 0:00:03]: loss 0.7744(0.7744) | lr 2.1405e-04
05:11:09 01-25 [epoch 8 train] [step 100/114] [eta 0:00:00]: loss 0.8001(0.8259) | lr 2.1405e-04
05:11:09 01-25 [epoch 8 train] [step 114/114] [eta 0:00:00]: loss 0.7975(0.8328) | lr 2.1405e-04
05:11:10 01-25 [epoch 9 train] [step 1/114] [eta 0:00:06]: loss 0.6495(0.8363) | lr 2.1186e-04
05:11:12 01-25 [epoch 9 train] [step 50/114] [eta 0:00:03]: loss 0.7673(0.7673) | lr 1.0454e-04
05:11:15 01-25 [epoch 9 train] [step 100/114] [eta 0:00:00]: loss 0.7758(0.7843) | lr 1.0454e-04
05:11:15 01-25 [epoch 9 train] [step 114/114] [eta 0:00:00]: loss 0.7707(0.7753) | lr 1.0454e-04
05:11:16 01-25 [epoch 10 train] [step 1/114] [eta 0:00:07]: loss 0.5011(0.7715) | lr 1.0313e-04
05:11:19 01-25 [epoch 10 train] [step 50/114] [eta 0:00:04]: loss 0.7867(0.7867) | lr 3.4227e-05
05:11:21 01-25 [epoch 10 train] [step 100/114] [eta 0:00:00]: loss 0.7983(0.8099) | lr 3.4227e-05
05:11:23 01-25 [epoch 10 train] [step 114/114] [eta 0:00:00]: loss 0.7908(0.8025) | lr 3.4227e-05
05:11:24 01-25 [epoch 10 val]: acc_daxuanniu 100.0000 | acc_fangjian 50.0000 | acc_fangxiangjian 100.0000 | acc_sandianyuanxuanniu 83.3333 | acc_tuoyuanjian 57.1428 | acc_xiaoxuanniu 100.0000 | acc_youjian 75.0000 | acc_yuanpan 33.3333 | acc_avg 77.0833 | Loss 0.6031
05:11:26 01-25 [epoch 11 train] [step 1/114] [eta 0:00:14]: loss 0.7098(0.8006) | lr 5.3542e-05
05:11:28 01-25 [epoch 11 train] [step 50/114] [eta 0:00:06]: loss 0.7749(0.7749) | lr 1.0000e-03
05:11:31 01-25 [epoch 11 train] [step 100/114] [eta 0:00:00]: loss 0.7825(0.7901) | lr 1.0000e-03
05:11:31 01-25 [epoch 11 train] [step 114/114] [eta 0:00:00]: loss 0.7795(0.7761) | lr 1.0000e-03
05:11:32 01-25 [epoch 12 train] [step 1/114] [eta 0:00:06]: loss 0.3948(0.7704) | lr 9.9988e-04
05:11:34 01-25 [epoch 12 train] [step 50/114] [eta 0:00:03]: loss 0.7154(0.7154) | lr 9.9391e-04
05:11:36 01-25 [epoch 12 train] [step 100/114] [eta 0:00:00]: loss 0.6928(0.6702) | lr 9.9391e-04
05:11:37 01-25 [epoch 12 train] [step 114/114] [eta 0:00:00]: loss 0.6898(0.6609) | lr 9.9391e-04
05:11:38 01-25 [epoch 13 train] [step 1/114] [eta 0:00:06]: loss 0.4464(0.6553) | lr 9.9354e-04
05:12:04 01-25 [epoch 13 train] [step 50/114] [eta 0:00:03]: loss 0.6428(0.6428) | lr 9.7577e-04
05:11:42 01-25 [epoch 13 train] [step 100/114] [eta 0:00:00]: loss 0.6392(0.6356) | lr 9.7577e-04
05:11:43 01-25 [epoch 13 train] [step 114/114] [eta 0:00:00]: loss 0.6327(0.6320) | lr 9.7577e-04
05:11:43 01-25 [epoch 14 train] [step 1/114] [eta 0:00:05]: loss 0.4486(0.6230) | lr 9.7518e-04
05:11:46 01-25 [epoch 14 train] [step 50/114] [eta 0:00:03]: loss 0.5840(0.5840) | lr 9.4605e-04
05:11:48 01-25 [epoch 14 train] [step 100/114] [eta 0:00:00]: loss 0.5441(0.5041) | lr 9.4605e-04
05:11:49 01-25 [epoch 14 train] [step 114/114] [eta 0:00:00]: loss 0.5524(0.5503) | lr 9.4605e-04
05:11:50 01-25 [epoch 15 train] [step 1/114] [eta 0:00:08]: loss 1.0041(0.5665) | lr 9.4524e-04
05:11:52 01-25 [epoch 15 train] [step 50/114] [eta 0:00:04]: loss 0.5120(0.5120) | lr 9.0546e-04
05:11:55 01-25 [epoch 15 train] [step 100/114] [eta 0:00:00]: loss 0.5042(0.4964) | lr 9.0546e-04
05:11:55 01-25 [epoch 15 train] [step 114/114] [eta 0:00:00]: loss 0.4974(0.4814) | lr 9.0546e-04
05:11:56 01-25 [epoch 15 val]: acc_daxuanniu 100.0000 | acc_fangjian 50.0000 | acc_fangxiangjian 77.7778 | acc_sandianyuanxuanniu 83.3333 | acc_tuoyuanjian 100.0000 | acc_xiaoxuanniu 100.0000 | acc_youjian 75.0000 | acc_yuanpan 33.3333 | acc_avg 79.1667 | Loss 0.5029
05:11:58 01-25 [epoch 16 train] [step 1/114] [eta 0:00:12]: loss 0.5495(0.4842) | lr 9.0445e-04
05:12:01 01-25 [epoch 16 train] [step 50/114] [eta 0:00:07]: loss 0.4429(0.4429) | lr 8.5502e-04
05:12:03 01-25 [epoch 16 train] [step 100/114] [eta 0:00:00]: loss 0.4296(0.4163) | lr 8.5502e-04
05:12:04 01-25 [epoch 16 train] [step 114/114] [eta 0:00:00]: loss 0.4253(0.4169) | lr 8.5502e-04
05:12:05 01-25 [epoch 17 train] [step 1/114] [eta 0:00:06]: loss 0.2945(0.4074) | lr 8.5384e-04
05:12:07 01-25 [epoch 17 train] [step 50/114] [eta 0:00:03]: loss 0.3960(0.3960) | lr 7.9595e-04
05:12:09 01-25 [epoch 17 train] [step 100/114] [eta 0:00:00]: loss 0.3942(0.3924) | lr 7.9595e-04
05:12:10 01-25 [epoch 17 train] [step 114/114] [eta 0:00:00]: loss 0.3846(0.3607) | lr 7.9595e-04
05:12:10 01-25 [epoch 18 train] [step 1/114] [eta 0:00:06]: loss 0.2720(0.3646) | lr 7.9463e-04
05:12:13 01-25 [epoch 18 train] [step 50/114] [eta 0:00:03]: loss 0.3474(0.3474) | lr 7.2973e-04
05:12:15 01-25 [epoch 18 train] [step 100/114] [eta 0:00:00]: loss 0.3436(0.3398) | lr 7.2973e-04
05:12:16 01-25 [epoch 18 train] [step 114/114] [eta 0:00:00]: loss 0.3354(0.3082) | lr 7.2973e-04
05:12:16 01-25 [epoch 19 train] [step 1/114] [eta 0:00:06]: loss 0.1483(0.3067) | lr 7.2829e-04
05:12:18 01-25 [epoch 19 train] [step 50/114] [eta 0:00:03]: loss 0.2582(0.2582) | lr 6.5796e-04
05:12:21 01-25 [epoch 19 train] [step 100/114] [eta 0:00:00]: loss 0.2692(0.2801) | lr 6.5796e-04
05:12:21 01-25 [epoch 19 train] [step 114/114] [eta 0:00:00]: loss 0.2721(0.2902) | lr 6.5796e-04
05:12:22 01-25 [epoch 20 train] [step 1/114] [eta 0:00:06]: loss 0.3429(0.2930) | lr 6.5645e-04
05:12:25 01-25 [epoch 20 train] [step 50/114] [eta 0:00:04]: loss 0.2828(0.2828) | lr 5.8244e-04
05:12:27 01-25 [epoch 20 train] [step 100/114] [eta 0:00:00]: loss 0.2514(0.2199) | lr 5.8244e-04
05:12:28 01-25 [epoch 20 train] [step 114/114] [eta 0:00:00]: loss 0.2550(0.2099) | lr 5.8244e-04
05:12:29 01-25 [epoch 20 val]: acc_daxuanniu 100.0000 | acc_fangjian 50.0000 | acc_fangxiangjian 77.7778 | acc_sandianyuanxuanniu 83.3333 | acc_tuoyuanjian 57.1428 | acc_xiaoxuanniu 100.0000 | acc_youjian 87.5000 | acc_yuanpan 50.0000 | acc_avg 77.0833 | Loss 0.5274
05:12:30 01-25 [epoch 21 train] [step 1/114] [eta 0:00:11]: loss 0.3235(0.2144) | lr 5.8089e-04
05:12:33 01-25 [epoch 21 train] [step 50/114] [eta 0:00:06]: loss 0.2671(0.2671) | lr 5.0500e-04
05:12:36 01-25 [epoch 21 train] [step 100/114] [eta 0:00:00]: loss 0.2464(0.2257) | lr 5.0500e-04
05:12:36 01-25 [epoch 21 train] [step 114/114] [eta 0:00:00]: loss 0.2499(0.2532) | lr 5.0500e-04
05:12:37 01-25 [epoch 22 train] [step 1/114] [eta 0:00:07]: loss 0.1536(0.2535) | lr 5.0345e-04
05:12:40 01-25 [epoch 22 train] [step 50/114] [eta 0:00:04]: loss 0.1886(0.1886) | lr 4.2756e-04
05:12:42 01-25 [epoch 22 train] [step 100/114] [eta 0:00:00]: loss 0.2022(0.2158) | lr 4.2756e-04
05:12:43 01-25 [epoch 22 train] [step 114/114] [eta 0:00:00]: loss 0.2011(0.2126) | lr 4.2756e-04
05:12:43 01-25 [epoch 23 train] [step 1/114] [eta 0:00:06]: loss 0.4425(0.2199) | lr 4.2605e-04
05:12:46 01-25 [epoch 23 train] [step 50/114] [eta 0:00:03]: loss 0.1557(0.1557) | lr 3.5204e-04
05:12:48 01-25 [epoch 23 train] [step 100/114] [eta 0:00:00]: loss 0.1694(0.1832) | lr 3.5204e-04
05:12:48 01-25 [epoch 23 train] [step 114/114] [eta 0:00:00]: loss 0.1707(0.1899) | lr 3.5204e-04
05:12:49 01-25 [epoch 24 train] [step 1/114] [eta 0:00:06]: loss 0.0884(0.1905) | lr 3.5060e-04
05:12:51 01-25 [epoch 24 train] [step 50/114] [eta 0:00:03]: loss 0.1319(0.1319) | lr 2.8027e-04
05:12:54 01-25 [epoch 24 train] [step 100/114] [eta 0:00:00]: loss 0.1602(0.1886) | lr 2.8027e-04
05:13:19 01-25 [epoch 24 train] [step 114/114] [eta 0:00:00]: loss 0.1653(0.1830) | lr 2.8027e-04
05:12:56 01-25 [epoch 25 train] [step 1/114] [eta 0:00:08]: loss 0.0429(0.1770) | lr 2.7895e-04
05:12:58 01-25 [epoch 25 train] [step 50/114] [eta 0:00:04]: loss 0.1412(0.1412) | lr 2.1405e-04
05:13:01 01-25 [epoch 25 train] [step 100/114] [eta 0:00:00]: loss 0.1422(0.1432) | lr 2.1405e-04
05:13:01 01-25 [epoch 25 train] [step 114/114] [eta 0:00:00]: loss 0.1412(0.1410) | lr 2.1405e-04
05:13:03 01-25 [epoch 25 val]: acc_daxuanniu 100.0000 | acc_fangjian 50.0000 | acc_fangxiangjian 100.0000 | acc_sandianyuanxuanniu 100.0000 | acc_tuoyuanjian 57.1428 | acc_xiaoxuanniu 100.0000 | acc_youjian 75.0000 | acc_yuanpan 50.0000 | acc_avg 81.2500 | Loss 0.5796
05:13:04 01-25 [epoch 26 train] [step 1/114] [eta 0:00:10]: loss 0.2768(0.1443) | lr 2.1287e-04
05:13:06 01-25 [epoch 26 train] [step 50/114] [eta 0:00:05]: loss 0.1318(0.1318) | lr 1.5498e-04
05:13:09 01-25 [epoch 26 train] [step 100/114] [eta 0:00:00]: loss 0.1110(0.0903) | lr 1.5498e-04
05:13:09 01-25 [epoch 26 train] [step 114/114] [eta 0:00:00]: loss 0.1140(0.1053) | lr 1.5498e-04
05:13:10 01-25 [epoch 27 train] [step 1/114] [eta 0:00:05]: loss 0.0765(0.1051) | lr 1.5397e-04
05:13:12 01-25 [epoch 27 train] [step 50/114] [eta 0:00:04]: loss 0.1076(0.1076) | lr 1.0454e-04
05:13:15 01-25 [epoch 27 train] [step 100/114] [eta 0:00:00]: loss 0.1185(0.1295) | lr 1.0454e-04
05:13:16 01-25 [epoch 27 train] [step 114/114] [eta 0:00:00]: loss 0.1231(0.1313) | lr 1.0454e-04
05:13:17 01-25 [epoch 28 train] [step 1/114] [eta 0:00:08]: loss 0.2750(0.1338) | lr 1.0372e-04
05:13:19 01-25 [epoch 28 train] [step 50/114] [eta 0:00:04]: loss 0.1531(0.1531) | lr 6.3952e-05
05:13:22 01-25 [epoch 28 train] [step 100/114] [eta 0:00:00]: loss 0.1466(0.1401) | lr 6.3952e-05
05:13:23 01-25 [epoch 28 train] [step 114/114] [eta 0:00:00]: loss 0.1476(0.1486) | lr 6.3952e-05
05:13:23 01-25 [epoch 29 train] [step 1/114] [eta 0:00:07]: loss 0.2050(0.1519) | lr 6.3357e-05
05:13:26 01-25 [epoch 29 train] [step 50/114] [eta 0:00:03]: loss 0.1624(0.1624) | lr 3.4227e-05
05:13:28 01-25 [epoch 29 train] [step 100/114] [eta 0:00:00]: loss 0.1656(0.1689) | lr 3.4227e-05
05:13:28 01-25 [epoch 29 train] [step 114/114] [eta 0:00:00]: loss 0.1616(0.1647) | lr 3.4227e-05
05:13:29 01-25 [epoch 30 train] [step 1/114] [eta 0:00:05]: loss 0.2042(0.1668) | lr 3.3864e-05
05:13:31 01-25 [epoch 30 train] [step 50/114] [eta 0:00:03]: loss 0.1197(0.1197) | lr 1.6094e-05
05:13:34 01-25 [epoch 30 train] [step 100/114] [eta 0:00:00]: loss 0.1268(0.1339) | lr 1.6094e-05
05:13:35 01-25 [epoch 30 train] [step 114/114] [eta 0:00:00]: loss 0.1262(0.1224) | lr 1.6094e-05
05:13:36 01-25 [epoch 30 val]: acc_daxuanniu 100.0000 | acc_fangjian 50.0000 | acc_fangxiangjian 100.0000 | acc_sandianyuanxuanniu 100.0000 | acc_tuoyuanjian 57.1428 | acc_xiaoxuanniu 100.0000 | acc_youjian 75.0000 | acc_yuanpan 66.6667 | acc_avg 83.3333 | Loss 0.5181
05:13:37 01-25 [epoch 31 train] [step 1/114] [eta 0:00:11]: loss 0.0231(0.1221) | lr 3.5772e-05
05:13:39 01-25 [epoch 31 train] [step 50/114] [eta 0:00:06]: loss 0.1284(0.1284) | lr 1.0000e-03
05:13:42 01-25 [epoch 31 train] [step 100/114] [eta 0:00:00]: loss 0.1506(0.1727) | lr 1.0000e-03
05:13:42 01-25 [epoch 31 train] [step 114/114] [eta 0:00:00]: loss 0.1550(0.1773) | lr 1.0000e-03
05:13:43 01-25 [epoch 32 train] [step 1/114] [eta 0:00:06]: loss 0.1042(0.1788) | lr 9.9997e-04
05:14:09 01-25 [epoch 32 train] [step 50/114] [eta 0:00:03]: loss 0.1242(0.1242) | lr 9.9847e-04
05:13:47 01-25 [epoch 32 train] [step 100/114] [eta 0:00:00]: loss 0.1212(0.1182) | lr 9.9847e-04
05:13:49 01-25 [epoch 32 train] [step 114/114] [eta 0:00:00]: loss 0.1228(0.1264) | lr 9.9847e-04
05:13:49 01-25 [epoch 33 train] [step 1/114] [eta 0:00:07]: loss 0.2659(0.1291) | lr 9.9838e-04
05:13:52 01-25 [epoch 33 train] [step 50/114] [eta 0:00:04]: loss 0.1546(0.1546) | lr 9.9391e-04
05:13:54 01-25 [epoch 33 train] [step 100/114] [eta 0:00:00]: loss 0.1490(0.1434) | lr 9.9391e-04
05:14:19 01-25 [epoch 33 train] [step 114/114] [eta 0:00:00]: loss 0.1375(0.0911) | lr 9.9391e-04
05:13:56 01-25 [epoch 34 train] [step 1/114] [eta 0:00:07]: loss 0.0276(0.0905) | lr 9.9375e-04
05:13:58 01-25 [epoch 34 train] [step 50/114] [eta 0:00:03]: loss 0.1131(0.1131) | lr 9.8632e-04
05:14:00 01-25 [epoch 34 train] [step 100/114] [eta 0:00:00]: loss 0.1151(0.1170) | lr 9.8632e-04
05:14:01 01-25 [epoch 34 train] [step 114/114] [eta 0:00:00]: loss 0.1119(0.1137) | lr 9.8632e-04
05:14:02 01-25 [epoch 35 train] [step 1/114] [eta 0:00:06]: loss 0.2138(0.1168) | lr 9.8611e-04
05:14:05 01-25 [epoch 35 train] [step 50/114] [eta 0:00:04]: loss 0.0827(0.0827) | lr 9.7577e-04
05:14:07 01-25 [epoch 35 train] [step 100/114] [eta 0:00:00]: loss 0.1022(0.1218) | lr 9.7577e-04
05:14:08 01-25 [epoch 35 train] [step 114/114] [eta 0:00:00]: loss 0.1027(0.1293) | lr 9.7577e-04
05:14:09 01-25 [epoch 35 val]: acc_daxuanniu 100.0000 | acc_fangjian 50.0000 | acc_fangxiangjian 100.0000 | acc_sandianyuanxuanniu 100.0000 | acc_tuoyuanjian 71.4286 | acc_xiaoxuanniu 100.0000 | acc_youjian 75.0000 | acc_yuanpan 33.3333 | acc_avg 81.2500 | Loss 0.9690
05:14:10 01-25 [epoch 36 train] [step 1/114] [eta 0:00:09]: loss 0.0252(0.1283) | lr 9.7550e-04
05:14:12 01-25 [epoch 36 train] [step 50/114] [eta 0:00:05]: loss 0.0654(0.0654) | lr 9.6232e-04
05:14:14 01-25 [epoch 36 train] [step 100/114] [eta 0:00:00]: loss 0.0627(0.0601) | lr 9.6232e-04
05:14:15 01-25 [epoch 36 train] [step 114/114] [eta 0:00:00]: loss 0.0623(0.0655) | lr 9.6232e-04
05:14:15 01-25 [epoch 37 train] [step 1/114] [eta 0:00:06]: loss 0.0083(0.0652) | lr 9.6199e-04
05:14:18 01-25 [epoch 37 train] [step 50/114] [eta 0:00:03]: loss 0.0757(0.0757) | lr 9.4605e-04
05:14:20 01-25 [epoch 37 train] [step 100/114] [eta 0:00:00]: loss 0.0837(0.0917) | lr 9.4605e-04
05:14:21 01-25 [epoch 37 train] [step 114/114] [eta 0:00:00]: loss 0.0805(0.0866) | lr 9.4605e-04
05:14:21 01-25 [epoch 38 train] [step 1/114] [eta 0:00:06]: loss 0.0485(0.0873) | lr 9.4567e-04
05:14:23 01-25 [epoch 38 train] [step 50/114] [eta 0:00:03]: loss 0.0401(0.0401) | lr 9.2706e-04
05:14:26 01-25 [epoch 38 train] [step 100/114] [eta 0:00:00]: loss 0.0431(0.0460) | lr 9.2706e-04
05:14:27 01-25 [epoch 38 train] [step 114/114] [eta 0:00:00]: loss 0.0429(0.0427) | lr 9.2706e-04
05:14:28 01-25 [epoch 39 train] [step 1/114] [eta 0:00:08]: loss 0.0045(0.0424) | lr 9.2663e-04
05:14:55 01-25 [epoch 39 train] [step 50/114] [eta 0:00:03]: loss 0.0602(0.0602) | lr 9.0546e-04
05:14:33 01-25 [epoch 39 train] [step 100/114] [eta 0:00:00]: loss 0.0476(0.0349) | lr 9.0546e-04
05:14:34 01-25 [epoch 39 train] [step 114/114] [eta 0:00:00]: loss 0.0566(0.0557) | lr 9.0546e-04
05:14:34 01-25 [epoch 40 train] [step 1/114] [eta 0:00:06]: loss 0.1370(0.0583) | lr 9.0498e-04
05:14:36 01-25 [epoch 40 train] [step 50/114] [eta 0:00:03]: loss 0.0459(0.0459) | lr 8.8140e-04
05:14:39 01-25 [epoch 40 train] [step 100/114] [eta 0:00:00]: loss 0.0557(0.0656) | lr 8.8140e-04
05:14:40 01-25 [epoch 40 train] [step 114/114] [eta 0:00:00]: loss 0.0565(0.0664) | lr 8.8140e-04
05:14:41 01-25 [epoch 40 val]: acc_daxuanniu 100.0000 | acc_fangjian 50.0000 | acc_fangxiangjian 88.8889 | acc_sandianyuanxuanniu 100.0000 | acc_tuoyuanjian 71.4286 | acc_xiaoxuanniu 100.0000 | acc_youjian 75.0000 | acc_yuanpan 50.0000 | acc_avg 81.2500 | Loss 0.6597
05:14:42 01-25 [epoch 41 train] [step 1/114] [eta 0:00:11]: loss 0.0053(0.0647) | lr 8.8087e-04
05:14:44 01-25 [epoch 41 train] [step 50/114] [eta 0:00:05]: loss 0.0299(0.0299) | lr 8.5502e-04
05:14:46 01-25 [epoch 41 train] [step 100/114] [eta 0:00:00]: loss 0.0277(0.0254) | lr 8.5502e-04
05:14:47 01-25 [epoch 41 train] [step 114/114] [eta 0:00:00]: loss 0.0273(0.0244) | lr 8.5502e-04
05:14:48 01-25 [epoch 42 train] [step 1/114] [eta 0:00:06]: loss 0.0106(0.0245) | lr 8.5445e-04
05:14:50 01-25 [epoch 42 train] [step 50/114] [eta 0:00:03]: loss 0.0239(0.0239) | lr 8.2648e-04
05:14:52 01-25 [epoch 42 train] [step 100/114] [eta 0:00:00]: loss 0.0214(0.0188) | lr 8.2648e-04
05:14:53 01-25 [epoch 42 train] [step 114/114] [eta 0:00:00]: loss 0.0238(0.0254) | lr 8.2648e-04
05:14:53 01-25 [epoch 43 train] [step 1/114] [eta 0:00:06]: loss 0.0092(0.0254) | lr 8.2587e-04
05:14:56 01-25 [epoch 43 train] [step 50/114] [eta 0:00:03]: loss 0.0249(0.0249) | lr 7.9595e-04
05:14:58 01-25 [epoch 43 train] [step 100/114] [eta 0:00:00]: loss 0.0287(0.0325) | lr 7.9595e-04
05:14:58 01-25 [epoch 43 train] [step 114/114] [eta 0:00:00]: loss 0.0282(0.0253) | lr 7.9595e-04
05:14:59 01-25 [epoch 44 train] [step 1/114] [eta 0:00:06]: loss 0.0042(0.0252) | lr 7.9531e-04
05:15:01 01-25 [epoch 44 train] [step 50/114] [eta 0:00:03]: loss 0.0325(0.0325) | lr 7.6364e-04
05:15:04 01-25 [epoch 44 train] [step 100/114] [eta 0:00:00]: loss 0.0344(0.0364) | lr 7.6364e-04
05:15:05 01-25 [epoch 44 train] [step 114/114] [eta 0:00:00]: loss 0.0521(0.0772) | lr 7.6364e-04
05:15:06 01-25 [epoch 45 train] [step 1/114] [eta 0:00:08]: loss 0.1191(0.0794) | lr 7.6296e-04
05:15:09 01-25 [epoch 45 train] [step 50/114] [eta 0:00:04]: loss 0.0354(0.0354) | lr 7.2973e-04
05:15:11 01-25 [epoch 45 train] [step 100/114] [eta 0:00:00]: loss 0.0279(0.0204) | lr 7.2973e-04
05:15:12 01-25 [epoch 45 train] [step 114/114] [eta 0:00:00]: loss 0.0260(0.0205) | lr 7.2973e-04
05:15:13 01-25 [epoch 45 val]: acc_daxuanniu 100.0000 | acc_fangjian 50.0000 | acc_fangxiangjian 88.8889 | acc_sandianyuanxuanniu 100.0000 | acc_tuoyuanjian 57.1428 | acc_xiaoxuanniu 100.0000 | acc_youjian 75.0000 | acc_yuanpan 33.3333 | acc_avg 77.0833 | Loss 0.6857
05:15:15 01-25 [epoch 46 train] [step 1/114] [eta 0:00:12]: loss 0.0020(0.0201) | lr 7.2902e-04
05:15:17 01-25 [epoch 46 train] [step 50/114] [eta 0:00:06]: loss 0.0150(0.0150) | lr 6.9443e-04
05:15:19 01-25 [epoch 46 train] [step 100/114] [eta 0:00:00]: loss 0.0257(0.0365) | lr 6.9443e-04
05:15:20 01-25 [epoch 46 train] [step 114/114] [eta 0:00:00]: loss 0.0238(0.0371) | lr 6.9443e-04
05:15:44 01-25 [epoch 47 train] [step 1/114] [eta 0:00:05]: loss 0.0246(0.0375) | lr 6.9370e-04
05:15:22 01-25 [epoch 47 train] [step 50/114] [eta 0:00:03]: loss 0.0216(0.0216) | lr 6.5796e-04
05:15:25 01-25 [epoch 47 train] [step 100/114] [eta 0:00:00]: loss 0.0184(0.0152) | lr 6.5796e-04
05:15:25 01-25 [epoch 47 train] [step 114/114] [eta 0:00:00]: loss 0.0181(0.0113) | lr 6.5796e-04
05:15:26 01-25 [epoch 48 train] [step 1/114] [eta 0:00:06]: loss 0.0044(0.0113) | lr 6.5722e-04
05:15:28 01-25 [epoch 48 train] [step 50/114] [eta 0:00:03]: loss 0.0268(0.0268) | lr 6.2056e-04
05:15:30 01-25 [epoch 48 train] [step 100/114] [eta 0:00:00]: loss 0.0230(0.0193) | lr 6.2056e-04
05:15:31 01-25 [epoch 48 train] [step 114/114] [eta 0:00:00]: loss 0.0224(0.0222) | lr 6.2056e-04
05:15:31 01-25 [epoch 49 train] [step 1/114] [eta 0:00:06]: loss 0.0297(0.0226) | lr 6.1979e-04
05:15:34 01-25 [epoch 49 train] [step 50/114] [eta 0:00:03]: loss 0.0187(0.0187) | lr 5.8244e-04
05:15:36 01-25 [epoch 49 train] [step 100/114] [eta 0:00:00]: loss 0.0143(0.0099) | lr 5.8244e-04
05:15:36 01-25 [epoch 49 train] [step 114/114] [eta 0:00:00]: loss 0.0134(0.0073) | lr 5.8244e-04
05:15:37 01-25 [epoch 50 train] [step 1/114] [eta 0:00:06]: loss 0.0041(0.0072) | lr 5.8166e-04
05:15:39 01-25 [epoch 50 train] [step 50/114] [eta 0:00:03]: loss 0.0096(0.0096) | lr 5.4384e-04
05:15:42 01-25 [epoch 50 train] [step 100/114] [eta 0:00:00]: loss 0.0181(0.0266) | lr 5.4384e-04
05:15:42 01-25 [epoch 50 train] [step 114/114] [eta 0:00:00]: loss 0.0180(0.0146) | lr 5.4384e-04
05:15:43 01-25 [epoch 50 val]: acc_daxuanniu 100.0000 | acc_fangjian 50.0000 | acc_fangxiangjian 88.8889 | acc_sandianyuanxuanniu 100.0000 | acc_tuoyuanjian 85.7143 | acc_xiaoxuanniu 100.0000 | acc_youjian 75.0000 | acc_yuanpan 50.0000 | acc_avg 83.3333 | Loss 0.5069
05:15:45 01-25 [epoch 51 train] [step 1/114] [eta 0:00:11]: loss 0.0009(0.0138) | lr 5.4306e-04
05:15:47 01-25 [epoch 51 train] [step 50/114] [eta 0:00:06]: loss 0.0168(0.0168) | lr 5.0500e-04
05:15:50 01-25 [epoch 51 train] [step 100/114] [eta 0:00:00]: loss 0.0287(0.0407) | lr 5.0500e-04
05:15:50 01-25 [epoch 51 train] [step 114/114] [eta 0:00:00]: loss 0.0274(0.0101) | lr 5.0500e-04
05:15:51 01-25 [epoch 52 train] [step 1/114] [eta 0:00:06]: loss 0.0026(0.0100) | lr 5.0422e-04
05:15:53 01-25 [epoch 52 train] [step 50/114] [eta 0:00:03]: loss 0.0181(0.0181) | lr 4.6616e-04
05:16:20 01-25 [epoch 52 train] [step 100/114] [eta 0:00:00]: loss 0.0155(0.0129) | lr 4.6616e-04
05:15:56 01-25 [epoch 52 train] [step 114/114] [eta 0:00:00]: loss 0.0173(0.0124) | lr 4.6616e-04
05:15:57 01-25 [epoch 53 train] [step 1/114] [eta 0:00:06]: loss 0.0164(0.0127) | lr 4.6539e-04
05:15:59 01-25 [epoch 53 train] [step 50/114] [eta 0:00:03]: loss 0.0109(0.0109) | lr 4.2756e-04
05:16:01 01-25 [epoch 53 train] [step 100/114] [eta 0:00:00]: loss 0.0082(0.0055) | lr 4.2756e-04
05:16:02 01-25 [epoch 53 train] [step 114/114] [eta 0:00:00]: loss 0.0091(0.0076) | lr 4.2756e-04
05:16:02 01-25 [epoch 54 train] [step 1/114] [eta 0:00:06]: loss 0.0020(0.0076) | lr 4.2680e-04
05:16:05 01-25 [epoch 54 train] [step 50/114] [eta 0:00:03]: loss 0.0110(0.0110) | lr 3.8944e-04
05:16:07 01-25 [epoch 54 train] [step 100/114] [eta 0:00:00]: loss 0.0115(0.0119) | lr 3.8944e-04
05:16:08 01-25 [epoch 54 train] [step 114/114] [eta 0:00:00]: loss 0.0113(0.0094) | lr 3.8944e-04
05:16:08 01-25 [epoch 55 train] [step 1/114] [eta 0:00:06]: loss 0.0012(0.0094) | lr 3.8870e-04
05:16:35 01-25 [epoch 55 train] [step 50/114] [eta 0:00:03]: loss 0.0129(0.0129) | lr 3.5204e-04
05:16:13 01-25 [epoch 55 train] [step 100/114] [eta 0:00:00]: loss 0.0132(0.0135) | lr 3.5204e-04
05:16:13 01-25 [epoch 55 train] [step 114/114] [eta 0:00:00]: loss 0.0119(0.0117) | lr 3.5204e-04
05:16:14 01-25 [epoch 55 val]: acc_daxuanniu 100.0000 | acc_fangjian 50.0000 | acc_fangxiangjian 88.8889 | acc_sandianyuanxuanniu 100.0000 | acc_tuoyuanjian 85.7143 | acc_xiaoxuanniu 100.0000 | acc_youjian 87.5000 | acc_yuanpan 66.6667 | acc_avg 87.5000 | Loss 0.4943
05:16:40 01-25 [epoch 56 train] [step 1/114] [eta 0:00:09]: loss 0.0011(0.0117) | lr 3.5131e-04
05:16:18 01-25 [epoch 56 train] [step 50/114] [eta 0:00:05]: loss 0.0052(0.0052) | lr 3.1557e-04
05:16:20 01-25 [epoch 56 train] [step 100/114] [eta 0:00:00]: loss 0.0079(0.0106) | lr 3.1557e-04
05:16:21 01-25 [epoch 56 train] [step 114/114] [eta 0:00:00]: loss 0.0072(0.0099) | lr 3.1557e-04
05:16:21 01-25 [epoch 57 train] [step 1/114] [eta 0:00:06]: loss 0.0004(0.0098) | lr 3.1487e-04
05:16:24 01-25 [epoch 57 train] [step 50/114] [eta 0:00:03]: loss 0.0073(0.0073) | lr 2.8027e-04
05:16:26 01-25 [epoch 57 train] [step 100/114] [eta 0:00:00]: loss 0.0080(0.0087) | lr 2.8027e-04
05:16:27 01-25 [epoch 57 train] [step 114/114] [eta 0:00:00]: loss 0.0078(0.0087) | lr 2.8027e-04
05:16:27 01-25 [epoch 58 train] [step 1/114] [eta 0:00:06]: loss 0.0820(0.0103) | lr 2.7960e-04
05:16:29 01-25 [epoch 58 train] [step 50/114] [eta 0:00:03]: loss 0.0070(0.0070) | lr 2.4636e-04
05:16:32 01-25 [epoch 58 train] [step 100/114] [eta 0:00:00]: loss 0.0060(0.0049) | lr 2.4636e-04
05:16:32 01-25 [epoch 58 train] [step 114/114] [eta 0:00:00]: loss 0.0087(0.0116) | lr 2.4636e-04
05:16:33 01-25 [epoch 59 train] [step 1/114] [eta 0:00:05]: loss 0.0031(0.0116) | lr 2.4572e-04
05:16:35 01-25 [epoch 59 train] [step 50/114] [eta 0:00:03]: loss 0.0076(0.0076) | lr 2.1405e-04
05:16:37 01-25 [epoch 59 train] [step 100/114] [eta 0:00:00]: loss 0.0076(0.0075) | lr 2.1405e-04
05:16:38 01-25 [epoch 59 train] [step 114/114] [eta 0:00:00]: loss 0.0070(0.0041) | lr 2.1405e-04
05:16:38 01-25 [epoch 60 train] [step 1/114] [eta 0:00:05]: loss 0.0388(0.0048) | lr 2.1344e-04
05:17:05 01-25 [epoch 60 train] [step 50/114] [eta 0:00:03]: loss 0.0055(0.0055) | lr 1.8352e-04
05:16:43 01-25 [epoch 60 train] [step 100/114] [eta 0:00:00]: loss 0.0051(0.0046) | lr 1.8352e-04
05:16:43 01-25 [epoch 60 train] [step 114/114] [eta 0:00:00]: loss 0.0051(0.0050) | lr 1.8352e-04
05:16:45 01-25 [epoch 60 val]: acc_daxuanniu 100.0000 | acc_fangjian 50.0000 | acc_fangxiangjian 88.8889 | acc_sandianyuanxuanniu 100.0000 | acc_tuoyuanjian 71.4286 | acc_xiaoxuanniu 100.0000 | acc_youjian 75.0000 | acc_yuanpan 50.0000 | acc_avg 81.2500 | Loss 0.6452
05:16:46 01-25 [epoch 61 train] [step 1/114] [eta 0:00:10]: loss 0.0012(0.0050) | lr 1.8295e-04
05:16:48 01-25 [epoch 61 train] [step 50/114] [eta 0:00:05]: loss 0.0075(0.0075) | lr 1.5498e-04
05:16:50 01-25 [epoch 61 train] [step 100/114] [eta 0:00:00]: loss 0.0103(0.0131) | lr 1.5498e-04
05:16:51 01-25 [epoch 61 train] [step 114/114] [eta 0:00:00]: loss 0.0094(0.0110) | lr 1.5498e-04
05:16:51 01-25 [epoch 62 train] [step 1/114] [eta 0:00:06]: loss 0.0199(0.0114) | lr 1.5445e-04
05:16:54 01-25 [epoch 62 train] [step 50/114] [eta 0:00:03]: loss 0.0130(0.0130) | lr 1.2860e-04
05:16:56 01-25 [epoch 62 train] [step 100/114] [eta 0:00:00]: loss 0.0156(0.0182) | lr 1.2860e-04
05:16:57 01-25 [epoch 62 train] [step 114/114] [eta 0:00:00]: loss 0.0214(0.0234) | lr 1.2860e-04
05:16:57 01-25 [epoch 63 train] [step 1/114] [eta 0:00:06]: loss 0.0039(0.0234) | lr 1.2812e-04
05:17:00 01-25 [epoch 63 train] [step 50/114] [eta 0:00:04]: loss 0.0112(0.0112) | lr 1.0454e-04
05:17:02 01-25 [epoch 63 train] [step 100/114] [eta 0:00:00]: loss 0.0103(0.0095) | lr 1.0454e-04
05:17:03 01-25 [epoch 63 train] [step 114/114] [eta 0:00:00]: loss 0.0096(0.0063) | lr 1.0454e-04
05:17:04 01-25 [epoch 64 train] [step 1/114] [eta 0:00:07]: loss 0.0212(0.0063) | lr 1.0410e-04
05:17:06 01-25 [epoch 64 train] [step 50/114] [eta 0:00:03]: loss 0.0061(0.0061) | lr 8.2943e-05
05:17:08 01-25 [epoch 64 train] [step 100/114] [eta 0:00:00]: loss 0.0067(0.0072) | lr 8.2943e-05
05:17:09 01-25 [epoch 64 train] [step 114/114] [eta 0:00:00]: loss 0.0063(0.0079) | lr 8.2943e-05
05:17:09 01-25 [epoch 65 train] [step 1/114] [eta 0:00:06]: loss 0.0099(0.0080) | lr 8.2563e-05
05:17:12 01-25 [epoch 65 train] [step 50/114] [eta 0:00:03]: loss 0.0077(0.0077) | lr 6.3952e-05
05:17:14 01-25 [epoch 65 train] [step 100/114] [eta 0:00:00]: loss 0.0105(0.0133) | lr 6.3952e-05
05:17:14 01-25 [epoch 65 train] [step 114/114] [eta 0:00:00]: loss 0.0102(0.0067) | lr 6.3952e-05
05:17:40 01-25 [epoch 65 val]: acc_daxuanniu 100.0000 | acc_fangjian 50.0000 | acc_fangxiangjian 100.0000 | acc_sandianyuanxuanniu 100.0000 | acc_tuoyuanjian 57.1428 | acc_xiaoxuanniu 100.0000 | acc_youjian 75.0000 | acc_yuanpan 50.0000 | acc_avg 81.2500 | Loss 0.6691
05:17:17 01-25 [epoch 66 train] [step 1/114] [eta 0:00:09]: loss 0.0094(0.0056) | lr 6.3626e-05
05:17:19 01-25 [epoch 66 train] [step 50/114] [eta 0:00:05]: loss 0.0105(0.0105) | lr 4.7680e-05
05:17:21 01-25 [epoch 66 train] [step 100/114] [eta 0:00:00]: loss 0.0112(0.0118) | lr 4.7680e-05
05:17:21 01-25 [epoch 66 train] [step 114/114] [eta 0:00:00]: loss 0.0100(0.0092) | lr 4.7680e-05
05:17:22 01-25 [epoch 67 train] [step 1/114] [eta 0:00:06]: loss 0.0018(0.0091) | lr 4.7411e-05
05:17:24 01-25 [epoch 67 train] [step 50/114] [eta 0:00:03]: loss 0.0080(0.0080) | lr 3.4227e-05
05:17:27 01-25 [epoch 67 train] [step 100/114] [eta 0:00:00]: loss 0.0071(0.0063) | lr 3.4227e-05
05:17:28 01-25 [epoch 67 train] [step 114/114] [eta 0:00:00]: loss 0.0083(0.0088) | lr 3.4227e-05
05:17:28 01-25 [epoch 68 train] [step 1/114] [eta 0:00:07]: loss 0.0015(0.0088) | lr 3.4016e-05
05:17:55 01-25 [epoch 68 train] [step 50/114] [eta 0:00:03]: loss 0.0117(0.0117) | lr 2.3677e-05
05:17:33 01-25 [epoch 68 train] [step 100/114] [eta 0:00:00]: loss 0.0082(0.0046) | lr 2.3677e-05
05:17:34 01-25 [epoch 68 train] [step 114/114] [eta 0:00:00]: loss 0.0076(0.0045) | lr 2.3677e-05
05:17:34 01-25 [epoch 69 train] [step 1/114] [eta 0:00:06]: loss 0.0064(0.0042) | lr 2.3525e-05
05:17:36 01-25 [epoch 69 train] [step 50/114] [eta 0:00:03]: loss 0.0041(0.0041) | lr 1.6094e-05
05:17:39 01-25 [epoch 69 train] [step 100/114] [eta 0:00:00]: loss 0.0056(0.0071) | lr 1.6094e-05
05:17:39 01-25 [epoch 69 train] [step 114/114] [eta 0:00:00]: loss 0.0106(0.0176) | lr 1.6094e-05
05:17:40 01-25 [epoch 70 train] [step 1/114] [eta 0:00:06]: loss 0.0009(0.0175) | lr 1.6003e-05
05:17:42 01-25 [epoch 70 train] [step 50/114] [eta 0:00:03]: loss 0.0075(0.0075) | lr 1.1526e-05
05:17:45 01-25 [epoch 70 train] [step 100/114] [eta 0:00:00]: loss 0.0081(0.0088) | lr 1.1526e-05
05:17:45 01-25 [epoch 70 train] [step 114/114] [eta 0:00:00]: loss 0.0077(0.0094) | lr 1.1526e-05
05:17:46 01-25 [epoch 70 val]: acc_daxuanniu 100.0000 | acc_fangjian 50.0000 | acc_fangxiangjian 100.0000 | acc_sandianyuanxuanniu 100.0000 | acc_tuoyuanjian 57.1428 | acc_xiaoxuanniu 100.0000 | acc_youjian 75.0000 | acc_yuanpan 33.3333 | acc_avg 79.1667 | Loss 0.8350
05:17:48 01-25 [epoch 71 train] [step 1/114] [eta 0:00:10]: loss 0.0190(0.0098) | lr 3.1295e-05
05:17:50 01-25 [epoch 71 train] [step 50/114] [eta 0:00:05]: loss 0.0072(0.0072) | lr 1.0000e-03
05:17:52 01-25 [epoch 71 train] [step 100/114] [eta 0:00:00]: loss 0.0149(0.0226) | lr 1.0000e-03
05:17:52 01-25 [epoch 71 train] [step 114/114] [eta 0:00:00]: loss 0.0139(0.0158) | lr 1.0000e-03
05:17:53 01-25 [epoch 72 train] [step 1/114] [eta 0:00:05]: loss 0.0741(0.0172) | lr 9.9999e-04
05:17:55 01-25 [epoch 72 train] [step 50/114] [eta 0:00:03]: loss 0.0107(0.0107) | lr 9.9962e-04
05:17:57 01-25 [epoch 72 train] [step 100/114] [eta 0:00:00]: loss 0.0113(0.0120) | lr 9.9962e-04
05:17:58 01-25 [epoch 72 train] [step 114/114] [eta 0:00:00]: loss 0.0111(0.0134) | lr 9.9962e-04
05:17:59 01-25 [epoch 73 train] [step 1/114] [eta 0:00:05]: loss 0.0021(0.0133) | lr 9.9960e-04
05:18:01 01-25 [epoch 73 train] [step 50/114] [eta 0:00:03]: loss 0.0247(0.0247) | lr 9.9847e-04
05:18:03 01-25 [epoch 73 train] [step 100/114] [eta 0:00:00]: loss 0.0174(0.0102) | lr 9.9847e-04
05:18:04 01-25 [epoch 73 train] [step 114/114] [eta 0:00:00]: loss 0.0164(0.0064) | lr 9.9847e-04
05:18:04 01-25 [epoch 74 train] [step 1/114] [eta 0:00:06]: loss 0.0144(0.0067) | lr 9.9844e-04
05:18:06 01-25 [epoch 74 train] [step 50/114] [eta 0:00:03]: loss 0.0119(0.0119) | lr 9.9657e-04
05:18:09 01-25 [epoch 74 train] [step 100/114] [eta 0:00:00]: loss 0.0093(0.0066) | lr 9.9657e-04
05:18:09 01-25 [epoch 74 train] [step 114/114] [eta 0:00:00]: loss 0.0093(0.0049) | lr 9.9657e-04
05:18:10 01-25 [epoch 75 train] [step 1/114] [eta 0:00:06]: loss 0.0024(0.0048) | lr 9.9652e-04
05:18:12 01-25 [epoch 75 train] [step 50/114] [eta 0:00:03]: loss 0.0189(0.0189) | lr 9.9391e-04
05:18:14 01-25 [epoch 75 train] [step 100/114] [eta 0:00:00]: loss 0.0132(0.0075) | lr 9.9391e-04
05:18:14 01-25 [epoch 75 train] [step 114/114] [eta 0:00:00]: loss 0.0123(0.0064) | lr 9.9391e-04
05:18:40 01-25 [epoch 75 val]: acc_daxuanniu 100.0000 | acc_fangjian 50.0000 | acc_fangxiangjian 88.8889 | acc_sandianyuanxuanniu 100.0000 | acc_tuoyuanjian 71.4286 | acc_xiaoxuanniu 100.0000 | acc_youjian 87.5000 | acc_yuanpan 66.6667 | acc_avg 85.4167 | Loss 0.6315
05:18:17 01-25 [epoch 76 train] [step 1/114] [eta 0:00:10]: loss 0.0006(0.0064) | lr 9.9384e-04
05:18:19 01-25 [epoch 76 train] [step 50/114] [eta 0:00:05]: loss 0.0125(0.0125) | lr 9.9049e-04
05:18:21 01-25 [epoch 76 train] [step 100/114] [eta 0:00:00]: loss 0.0159(0.0192) | lr 9.9049e-04
05:18:22 01-25 [epoch 76 train] [step 114/114] [eta 0:00:00]: loss 0.0146(0.0140) | lr 9.9049e-04
05:18:22 01-25 [epoch 77 train] [step 1/114] [eta 0:00:06]: loss 0.0016(0.0111) | lr 9.9041e-04
05:18:25 01-25 [epoch 77 train] [step 50/114] [eta 0:00:03]: loss 0.0077(0.0077) | lr 9.8632e-04
05:18:27 01-25 [epoch 77 train] [step 100/114] [eta 0:00:00]: loss 0.0138(0.0198) | lr 9.8632e-04
05:18:27 01-25 [epoch 77 train] [step 114/114] [eta 0:00:00]: loss 0.0122(0.0107) | lr 9.8632e-04
05:18:28 01-25 [epoch 78 train] [step 1/114] [eta 0:00:06]: loss 0.0011(0.0107) | lr 9.8622e-04
05:18:30 01-25 [epoch 78 train] [step 50/114] [eta 0:00:03]: loss 0.0082(0.0082) | lr 9.8142e-04
05:18:32 01-25 [epoch 78 train] [step 100/114] [eta 0:00:00]: loss 0.0077(0.0073) | lr 9.8142e-04
05:18:33 01-25 [epoch 78 train] [step 114/114] [eta 0:00:00]: loss 0.0070(0.0073) | lr 9.8142e-04
05:18:33 01-25 [epoch 79 train] [step 1/114] [eta 0:00:05]: loss 0.0015(0.0073) | lr 9.8130e-04
05:18:35 01-25 [epoch 79 train] [step 50/114] [eta 0:00:03]: loss 0.0054(0.0054) | lr 9.7577e-04
05:18:37 01-25 [epoch 79 train] [step 100/114] [eta 0:00:00]: loss 0.0049(0.0044) | lr 9.7577e-04
05:18:38 01-25 [epoch 79 train] [step 114/114] [eta 0:00:00]: loss 0.0048(0.0045) | lr 9.7577e-04
05:18:39 01-25 [epoch 80 train] [step 1/114] [eta 0:00:05]: loss 0.0005(0.0043) | lr 9.7565e-04
05:19:05 01-25 [epoch 80 train] [step 50/114] [eta 0:00:03]: loss 0.0054(0.0054) | lr 9.6940e-04
05:18:43 01-25 [epoch 80 train] [step 100/114] [eta 0:00:00]: loss 0.0075(0.0095) | lr 9.6940e-04
05:18:43 01-25 [epoch 80 train] [step 114/114] [eta 0:00:00]: loss 0.0080(0.0120) | lr 9.6940e-04
05:18:44 01-25 [epoch 80 val]: acc_daxuanniu 100.0000 | acc_fangjian 50.0000 | acc_fangxiangjian 77.7778 | acc_sandianyuanxuanniu 100.0000 | acc_tuoyuanjian 57.1428 | acc_xiaoxuanniu 100.0000 | acc_youjian 87.5000 | acc_yuanpan 83.3333 | acc_avg 83.3333 | Loss 0.6252
05:18:45 01-25 [epoch 81 train] [step 1/114] [eta 0:00:09]: loss 0.0022(0.0120) | lr 9.6926e-04
05:18:47 01-25 [epoch 81 train] [step 50/114] [eta 0:00:05]: loss 0.0099(0.0099) | lr 9.6232e-04
05:18:50 01-25 [epoch 81 train] [step 100/114] [eta 0:00:00]: loss 0.0074(0.0049) | lr 9.6232e-04
05:18:50 01-25 [epoch 81 train] [step 114/114] [eta 0:00:00]: loss 0.0068(0.0038) | lr 9.6232e-04
05:19:15 01-25 [epoch 82 train] [step 1/114] [eta 0:00:06]: loss 0.1128(0.0048) | lr 9.6216e-04
05:18:53 01-25 [epoch 82 train] [step 50/114] [eta 0:00:03]: loss 0.0138(0.0138) | lr 9.5453e-04
05:18:55 01-25 [epoch 82 train] [step 100/114] [eta 0:00:00]: loss 0.0106(0.0075) | lr 9.5453e-04
05:19:20 01-25 [epoch 82 train] [step 114/114] [eta 0:00:00]: loss 0.0158(0.0200) | lr 9.5453e-04
05:18:56 01-25 [epoch 83 train] [step 1/114] [eta 0:00:05]: loss 0.0024(0.0200) | lr 9.5436e-04
05:18:58 01-25 [epoch 83 train] [step 50/114] [eta 0:00:03]: loss 0.0164(0.0164) | lr 9.4605e-04
05:19:25 01-25 [epoch 83 train] [step 100/114] [eta 0:00:00]: loss 0.0116(0.0068) | lr 9.4605e-04
05:19:01 01-25 [epoch 83 train] [step 114/114] [eta 0:00:00]: loss 0.0106(0.0073) | lr 9.4605e-04
05:19:02 01-25 [epoch 84 train] [step 1/114] [eta 0:00:05]: loss 0.0005(0.0070) | lr 9.4586e-04
05:19:04 01-25 [epoch 84 train] [step 50/114] [eta 0:00:03]: loss 0.0068(0.0068) | lr 9.3689e-04
05:19:06 01-25 [epoch 84 train] [step 100/114] [eta 0:00:00]: loss 0.0057(0.0047) | lr 9.3689e-04
05:19:06 01-25 [epoch 84 train] [step 114/114] [eta 0:00:00]: loss 0.0060(0.0066) | lr 9.3689e-04
05:19:07 01-25 [epoch 85 train] [step 1/114] [eta 0:00:06]: loss 0.0003(0.0066) | lr 9.3669e-04
05:19:10 01-25 [epoch 85 train] [step 50/114] [eta 0:00:03]: loss 0.0024(0.0024) | lr 9.2706e-04
05:19:12 01-25 [epoch 85 train] [step 100/114] [eta 0:00:00]: loss 0.0031(0.0038) | lr 9.2706e-04
05:19:12 01-25 [epoch 85 train] [step 114/114] [eta 0:00:00]: loss 0.0031(0.0041) | lr 9.2706e-04
05:19:13 01-25 [epoch 85 val]: acc_daxuanniu 100.0000 | acc_fangjian 50.0000 | acc_fangxiangjian 77.7778 | acc_sandianyuanxuanniu 100.0000 | acc_tuoyuanjian 85.7143 | acc_xiaoxuanniu 100.0000 | acc_youjian 75.0000 | acc_yuanpan 83.3333 | acc_avg 85.4167 | Loss 0.5518
05:19:14 01-25 [epoch 86 train] [step 1/114] [eta 0:00:09]: loss 0.0013(0.0041) | lr 9.2685e-04
05:19:17 01-25 [epoch 86 train] [step 50/114] [eta 0:00:05]: loss 0.0055(0.0055) | lr 9.1658e-04
05:19:19 01-25 [epoch 86 train] [step 100/114] [eta 0:00:00]: loss 0.0058(0.0060) | lr 9.1658e-04
05:19:20 01-25 [epoch 86 train] [step 114/114] [eta 0:00:00]: loss 0.0073(0.0102) | lr 9.1658e-04
05:19:20 01-25 [epoch 87 train] [step 1/114] [eta 0:00:06]: loss 0.0004(0.0102) | lr 9.1636e-04
05:19:22 01-25 [epoch 87 train] [step 50/114] [eta 0:00:03]: loss 0.0044(0.0044) | lr 9.0546e-04
05:19:25 01-25 [epoch 87 train] [step 100/114] [eta 0:00:00]: loss 0.0081(0.0118) | lr 9.0546e-04
05:19:25 01-25 [epoch 87 train] [step 114/114] [eta 0:00:00]: loss 0.0075(0.0117) | lr 9.0546e-04
05:19:26 01-25 [epoch 88 train] [step 1/114] [eta 0:00:06]: loss 0.0002(0.0117) | lr 9.0523e-04
05:19:28 01-25 [epoch 88 train] [step 50/114] [eta 0:00:03]: loss 0.0112(0.0112) | lr 8.9373e-04
05:19:30 01-25 [epoch 88 train] [step 100/114] [eta 0:00:00]: loss 0.0126(0.0140) | lr 8.9373e-04
05:19:31 01-25 [epoch 88 train] [step 114/114] [eta 0:00:00]: loss 0.0123(0.0095) | lr 8.9373e-04
05:19:32 01-25 [epoch 89 train] [step 1/114] [eta 0:00:06]: loss 0.0002(0.0095) | lr 8.9349e-04
05:19:34 01-25 [epoch 89 train] [step 50/114] [eta 0:00:03]: loss 0.0045(0.0045) | lr 8.8140e-04
05:19:37 01-25 [epoch 89 train] [step 100/114] [eta 0:00:00]: loss 0.0112(0.0178) | lr 8.8140e-04
05:19:37 01-25 [epoch 89 train] [step 114/114] [eta 0:00:00]: loss 0.0099(0.0086) | lr 8.8140e-04
05:19:38 01-25 [epoch 90 train] [step 1/114] [eta 0:00:06]: loss 0.0002(0.0086) | lr 8.8114e-04
05:19:40 01-25 [epoch 90 train] [step 50/114] [eta 0:00:03]: loss 0.0120(0.0120) | lr 8.6849e-04
05:19:43 01-25 [epoch 90 train] [step 100/114] [eta 0:00:00]: loss 0.0085(0.0050) | lr 8.6849e-04
05:19:43 01-25 [epoch 90 train] [step 114/114] [eta 0:00:00]: loss 0.0085(0.0064) | lr 8.6849e-04
05:19:44 01-25 [epoch 90 val]: acc_daxuanniu 100.0000 | acc_fangjian 50.0000 | acc_fangxiangjian 77.7778 | acc_sandianyuanxuanniu 100.0000 | acc_tuoyuanjian 100.0000 | acc_xiaoxuanniu 100.0000 | acc_youjian 87.5000 | acc_yuanpan 33.3333 | acc_avg 83.3333 | Loss 0.9923
05:19:45 01-25 [epoch 91 train] [step 1/114] [eta 0:00:10]: loss 0.0061(0.0065) | lr 8.6822e-04
05:19:48 01-25 [epoch 91 train] [step 50/114] [eta 0:00:05]: loss 0.0046(0.0046) | lr 8.5502e-04
05:19:50 01-25 [epoch 91 train] [step 100/114] [eta 0:00:00]: loss 0.0076(0.0106) | lr 8.5502e-04
05:19:50 01-25 [epoch 91 train] [step 114/114] [eta 0:00:00]: loss 0.0068(0.0103) | lr 8.5502e-04
05:19:51 01-25 [epoch 92 train] [step 1/114] [eta 0:00:06]: loss 0.0001(0.0103) | lr 8.5474e-04
05:19:53 01-25 [epoch 92 train] [step 50/114] [eta 0:00:03]: loss 0.0044(0.0044) | lr 8.4101e-04
05:19:55 01-25 [epoch 92 train] [step 100/114] [eta 0:00:00]: loss 0.0045(0.0046) | lr 8.4101e-04
05:19:56 01-25 [epoch 92 train] [step 114/114] [eta 0:00:00]: loss 0.0043(0.0050) | lr 8.4101e-04
05:19:57 01-25 [epoch 93 train] [step 1/114] [eta 0:00:06]: loss 0.0005(0.0050) | lr 8.4072e-04
05:19:59 01-25 [epoch 93 train] [step 50/114] [eta 0:00:03]: loss 0.0021(0.0021) | lr 8.2648e-04
05:20:01 01-25 [epoch 93 train] [step 100/114] [eta 0:00:00]: loss 0.0021(0.0021) | lr 8.2648e-04
05:20:02 01-25 [epoch 93 train] [step 114/114] [eta 0:00:00]: loss 0.0028(0.0034) | lr 8.2648e-04
05:20:02 01-25 [epoch 94 train] [step 1/114] [eta 0:00:05]: loss 0.0011(0.0034) | lr 8.2618e-04
05:20:04 01-25 [epoch 94 train] [step 50/114] [eta 0:00:03]: loss 0.0026(0.0026) | lr 8.1145e-04
05:20:07 01-25 [epoch 94 train] [step 100/114] [eta 0:00:00]: loss 0.0091(0.0156) | lr 8.1145e-04
05:20:07 01-25 [epoch 94 train] [step 114/114] [eta 0:00:00]: loss 0.0083(0.0160) | lr 8.1145e-04
05:20:08 01-25 [epoch 95 train] [step 1/114] [eta 0:00:06]: loss 0.0018(0.0160) | lr 8.1114e-04
05:20:10 01-25 [epoch 95 train] [step 50/114] [eta 0:00:03]: loss 0.0022(0.0022) | lr 7.9595e-04
05:20:12 01-25 [epoch 95 train] [step 100/114] [eta 0:00:00]: loss 0.0064(0.0106) | lr 7.9595e-04
05:20:13 01-25 [epoch 95 train] [step 114/114] [eta 0:00:00]: loss 0.0063(0.0075) | lr 7.9595e-04
05:20:14 01-25 [epoch 95 val]: acc_daxuanniu 100.0000 | acc_fangjian 50.0000 | acc_fangxiangjian 88.8889 | acc_sandianyuanxuanniu 100.0000 | acc_tuoyuanjian 71.4286 | acc_xiaoxuanniu 100.0000 | acc_youjian 75.0000 | acc_yuanpan 50.0000 | acc_avg 81.2500 | Loss 0.7641
05:20:15 01-25 [epoch 96 train] [step 1/114] [eta 0:00:10]: loss 0.0129(0.0077) | lr 7.9563e-04
05:20:17 01-25 [epoch 96 train] [step 50/114] [eta 0:00:05]: loss 0.0079(0.0079) | lr 7.8001e-04
05:20:20 01-25 [epoch 96 train] [step 100/114] [eta 0:00:00]: loss 0.0063(0.0047) | lr 7.8001e-04
05:20:21 01-25 [epoch 96 train] [step 114/114] [eta 0:00:00]: loss 0.0058(0.0037) | lr 7.8001e-04
05:20:21 01-25 [epoch 97 train] [step 1/114] [eta 0:00:06]: loss 0.0009(0.0037) | lr 7.7968e-04
05:20:23 01-25 [epoch 97 train] [step 50/114] [eta 0:00:03]: loss 0.0064(0.0064) | lr 7.6364e-04
05:20:26 01-25 [epoch 97 train] [step 100/114] [eta 0:00:00]: loss 0.0049(0.0033) | lr 7.6364e-04
05:20:26 01-25 [epoch 97 train] [step 114/114] [eta 0:00:00]: loss 0.0050(0.0049) | lr 7.6364e-04
05:20:27 01-25 [epoch 98 train] [step 1/114] [eta 0:00:06]: loss 0.0003(0.0049) | lr 7.6330e-04
05:20:29 01-25 [epoch 98 train] [step 50/114] [eta 0:00:04]: loss 0.0017(0.0017) | lr 7.4687e-04
05:20:32 01-25 [epoch 98 train] [step 100/114] [eta 0:00:00]: loss 0.0018(0.0019) | lr 7.4687e-04
05:20:33 01-25 [epoch 98 train] [step 114/114] [eta 0:00:00]: loss 0.0022(0.0026) | lr 7.4687e-04
05:20:33 01-25 [epoch 99 train] [step 1/114] [eta 0:00:06]: loss 0.0001(0.0025) | lr 7.4652e-04
05:21:00 01-25 [epoch 99 train] [step 50/114] [eta 0:00:04]: loss 0.0037(0.0037) | lr 7.2973e-04
05:20:38 01-25 [epoch 99 train] [step 100/114] [eta 0:00:00]: loss 0.0058(0.0079) | lr 7.2973e-04
05:20:39 01-25 [epoch 99 train] [step 114/114] [eta 0:00:00]: loss 0.0053(0.0074) | lr 7.2973e-04
05:20:39 01-25 [epoch 100 train] [step 1/114] [eta 0:00:06]: loss 0.0003(0.0074) | lr 7.2938e-04
05:20:41 01-25 [epoch 100 train] [step 50/114] [eta 0:00:03]: loss 0.0044(0.0044) | lr 7.1224e-04
05:20:43 01-25 [epoch 100 train] [step 100/114] [eta 0:00:00]: loss 0.0043(0.0043) | lr 7.1224e-04
05:20:44 01-25 [epoch 100 train] [step 114/114] [eta 0:00:00]: loss 0.0042(0.0042) | lr 7.1224e-04
05:20:45 01-25 [epoch 100 val]: acc_daxuanniu 100.0000 | acc_fangjian 50.0000 | acc_fangxiangjian 88.8889 | acc_sandianyuanxuanniu 100.0000 | acc_tuoyuanjian 57.1428 | acc_xiaoxuanniu 100.0000 | acc_youjian 75.0000 | acc_yuanpan 100.0000 | acc_avg 85.4167 | Loss 0.8997
05:20:46 01-25 [epoch 101 train] [step 1/114] [eta 0:00:10]: loss 0.0015(0.0042) | lr 7.1188e-04
05:20:49 01-25 [epoch 101 train] [step 50/114] [eta 0:00:05]: loss 0.0021(0.0021) | lr 6.9443e-04
05:21:15 01-25 [epoch 101 train] [step 100/114] [eta 0:00:00]: loss 0.0017(0.0013) | lr 6.9443e-04
05:20:51 01-25 [epoch 101 train] [step 114/114] [eta 0:00:00]: loss 0.0017(0.0013) | lr 6.9443e-04
05:20:52 01-25 [epoch 102 train] [step 1/114] [eta 0:00:06]: loss 0.0065(0.0014) | lr 6.9407e-04
05:20:54 01-25 [epoch 102 train] [step 50/114] [eta 0:00:03]: loss 0.0018(0.0018) | lr 6.7633e-04
05:20:56 01-25 [epoch 102 train] [step 100/114] [eta 0:00:00]: loss 0.0021(0.0025) | lr 6.7633e-04
05:20:57 01-25 [epoch 102 train] [step 114/114] [eta 0:00:00]: loss 0.0024(0.0030) | lr 6.7633e-04
05:20:57 01-25 [epoch 103 train] [step 1/114] [eta 0:00:06]: loss 0.0063(0.0031) | lr 6.7596e-04
05:21:00 01-25 [epoch 103 train] [step 50/114] [eta 0:00:03]: loss 0.0014(0.0014) | lr 6.5796e-04
05:21:02 01-25 [epoch 103 train] [step 100/114] [eta 0:00:00]: loss 0.0025(0.0036) | lr 6.5796e-04
05:21:03 01-25 [epoch 103 train] [step 114/114] [eta 0:00:00]: loss 0.0024(0.0030) | lr 6.5796e-04
05:21:04 01-25 [epoch 104 train] [step 1/114] [eta 0:00:06]: loss 0.0007(0.0030) | lr 6.5759e-04
05:21:06 01-25 [epoch 104 train] [step 50/114] [eta 0:00:04]: loss 0.0021(0.0021) | lr 6.3936e-04
05:21:09 01-25 [epoch 104 train] [step 100/114] [eta 0:00:00]: loss 0.0023(0.0025) | lr 6.3936e-04
05:21:10 01-25 [epoch 104 train] [step 114/114] [eta 0:00:00]: loss 0.0022(0.0026) | lr 6.3936e-04
05:21:10 01-25 [epoch 105 train] [step 1/114] [eta 0:00:07]: loss 0.0005(0.0024) | lr 6.3899e-04
05:21:12 01-25 [epoch 105 train] [step 50/114] [eta 0:00:03]: loss 0.0028(0.0028) | lr 6.2056e-04
05:21:15 01-25 [epoch 105 train] [step 100/114] [eta 0:00:00]: loss 0.0059(0.0089) | lr 6.2056e-04
05:21:15 01-25 [epoch 105 train] [step 114/114] [eta 0:00:00]: loss 0.0094(0.0176) | lr 6.2056e-04
05:21:16 01-25 [epoch 105 val]: acc_daxuanniu 100.0000 | acc_fangjian 50.0000 | acc_fangxiangjian 88.8889 | acc_sandianyuanxuanniu 100.0000 | acc_tuoyuanjian 57.1428 | acc_xiaoxuanniu 100.0000 | acc_youjian 87.5000 | acc_yuanpan 66.6667 | acc_avg 83.3333 | Loss 0.6579
05:21:18 01-25 [epoch 106 train] [step 1/114] [eta 0:00:10]: loss 0.0001(0.0175) | lr 6.2018e-04
05:21:20 01-25 [epoch 106 train] [step 50/114] [eta 0:00:05]: loss 0.0024(0.0024) | lr 6.0157e-04
05:21:22 01-25 [epoch 106 train] [step 100/114] [eta 0:00:00]: loss 0.0022(0.0019) | lr 6.0157e-04
05:21:23 01-25 [epoch 106 train] [step 114/114] [eta 0:00:00]: loss 0.0021(0.0014) | lr 6.0157e-04
05:21:23 01-25 [epoch 107 train] [step 1/114] [eta 0:00:06]: loss 0.0001(0.0014) | lr 6.0119e-04
05:21:25 01-25 [epoch 107 train] [step 50/114] [eta 0:00:03]: loss 0.0034(0.0034) | lr 5.8244e-04
05:21:27 01-25 [epoch 107 train] [step 100/114] [eta 0:00:00]: loss 0.0028(0.0022) | lr 5.8244e-04
05:21:28 01-25 [epoch 107 train] [step 114/114] [eta 0:00:00]: loss 0.0029(0.0028) | lr 5.8244e-04
05:21:28 01-25 [epoch 108 train] [step 1/114] [eta 0:00:05]: loss 0.0052(0.0029) | lr 5.8205e-04
05:21:31 01-25 [epoch 108 train] [step 50/114] [eta 0:00:03]: loss 0.0054(0.0054) | lr 5.6318e-04
05:21:33 01-25 [epoch 108 train] [step 100/114] [eta 0:00:00]: loss 0.0050(0.0047) | lr 5.6318e-04
05:21:33 01-25 [epoch 108 train] [step 114/114] [eta 0:00:00]: loss 0.0045(0.0048) | lr 5.6318e-04
05:21:34 01-25 [epoch 109 train] [step 1/114] [eta 0:00:06]: loss 0.0000(0.0008) | lr 5.6279e-04
05:21:37 01-25 [epoch 109 train] [step 50/114] [eta 0:00:04]: loss 0.0055(0.0055) | lr 5.4384e-04
05:21:39 01-25 [epoch 109 train] [step 100/114] [eta 0:00:00]: loss 0.0033(0.0010) | lr 5.4384e-04
05:21:40 01-25 [epoch 109 train] [step 114/114] [eta 0:00:00]: loss 0.0032(0.0015) | lr 5.4384e-04
05:21:40 01-25 [epoch 110 train] [step 1/114] [eta 0:00:07]: loss 0.0001(0.0015) | lr 5.4345e-04
05:21:43 01-25 [epoch 110 train] [step 50/114] [eta 0:00:04]: loss 0.0014(0.0014) | lr 5.2443e-04
05:22:10 01-25 [epoch 110 train] [step 100/114] [eta 0:00:00]: loss 0.0104(0.0193) | lr 5.2443e-04
05:21:46 01-25 [epoch 110 train] [step 114/114] [eta 0:00:00]: loss 0.0094(0.0193) | lr 5.2443e-04
05:21:48 01-25 [epoch 110 val]: acc_daxuanniu 100.0000 | acc_fangjian 50.0000 | acc_fangxiangjian 88.8889 | acc_sandianyuanxuanniu 100.0000 | acc_tuoyuanjian 71.4286 | acc_xiaoxuanniu 100.0000 | acc_youjian 75.0000 | acc_yuanpan 66.6667 | acc_avg 83.3333 | Loss 0.7731
05:21:49 01-25 [epoch 111 train] [step 1/114] [eta 0:00:11]: loss 0.0002(0.0193) | lr 5.2404e-04
05:21:51 01-25 [epoch 111 train] [step 50/114] [eta 0:00:06]: loss 0.0008(0.0008) | lr 5.0500e-04
05:21:53 01-25 [epoch 111 train] [step 100/114] [eta 0:00:00]: loss 0.0027(0.0047) | lr 5.0500e-04
05:21:54 01-25 [epoch 111 train] [step 114/114] [eta 0:00:00]: loss 0.0027(0.0029) | lr 5.0500e-04
05:21:54 01-25 [epoch 112 train] [step 1/114] [eta 0:00:05]: loss 0.0006(0.0029) | lr 5.0461e-04
05:21:56 01-25 [epoch 112 train] [step 50/114] [eta 0:00:03]: loss 0.0011(0.0011) | lr 4.8557e-04
05:21:58 01-25 [epoch 112 train] [step 100/114] [eta 0:00:00]: loss 0.0020(0.0030) | lr 4.8557e-04
05:21:59 01-25 [epoch 112 train] [step 114/114] [eta 0:00:00]: loss 0.0019(0.0025) | lr 4.8557e-04
05:21:59 01-25 [epoch 113 train] [step 1/114] [eta 0:00:05]: loss 0.0002(0.0025) | lr 4.8518e-04
05:22:01 01-25 [epoch 113 train] [step 50/114] [eta 0:00:03]: loss 0.0015(0.0015) | lr 4.6616e-04
05:22:04 01-25 [epoch 113 train] [step 100/114] [eta 0:00:00]: loss 0.0018(0.0020) | lr 4.6616e-04
05:22:04 01-25 [epoch 113 train] [step 114/114] [eta 0:00:00]: loss 0.0025(0.0041) | lr 4.6616e-04
05:22:05 01-25 [epoch 114 train] [step 1/114] [eta 0:00:07]: loss 0.0077(0.0043) | lr 4.6578e-04
05:22:08 01-25 [epoch 114 train] [step 50/114] [eta 0:00:04]: loss 0.0010(0.0010) | lr 4.4682e-04
05:22:10 01-25 [epoch 114 train] [step 100/114] [eta 0:00:00]: loss 0.0029(0.0049) | lr 4.4682e-04
05:22:10 01-25 [epoch 114 train] [step 114/114] [eta 0:00:00]: loss 0.0028(0.0027) | lr 4.4682e-04
05:22:11 01-25 [epoch 115 train] [step 1/114] [eta 0:00:06]: loss 0.0001(0.0026) | lr 4.4643e-04
05:22:13 01-25 [epoch 115 train] [step 50/114] [eta 0:00:03]: loss 0.0073(0.0073) | lr 4.2756e-04
05:22:15 01-25 [epoch 115 train] [step 100/114] [eta 0:00:00]: loss 0.0045(0.0017) | lr 4.2756e-04
05:22:40 01-25 [epoch 115 train] [step 114/114] [eta 0:00:00]: loss 0.0041(0.0015) | lr 4.2756e-04
05:22:17 01-25 [epoch 115 val]: acc_daxuanniu 100.0000 | acc_fangjian 50.0000 | acc_fangxiangjian 100.0000 | acc_sandianyuanxuanniu 100.0000 | acc_tuoyuanjian 57.1428 | acc_xiaoxuanniu 100.0000 | acc_youjian 75.0000 | acc_yuanpan 66.6667 | acc_avg 83.3333 | Loss 0.8785
05:22:18 01-25 [epoch 116 train] [step 1/114] [eta 0:00:10]: loss 0.0002(0.0011) | lr 4.2718e-04
05:22:21 01-25 [epoch 116 train] [step 50/114] [eta 0:00:06]: loss 0.0034(0.0034) | lr 4.0843e-04
05:22:23 01-25 [epoch 116 train] [step 100/114] [eta 0:00:00]: loss 0.0031(0.0028) | lr 4.0843e-04
05:22:24 01-25 [epoch 116 train] [step 114/114] [eta 0:00:00]: loss 0.0029(0.0023) | lr 4.0843e-04
05:22:25 01-25 [epoch 117 train] [step 1/114] [eta 0:00:06]: loss 0.0105(0.0024) | lr 4.0805e-04
05:22:27 01-25 [epoch 117 train] [step 50/114] [eta 0:00:03]: loss 0.0013(0.0013) | lr 3.8944e-04
05:22:29 01-25 [epoch 117 train] [step 100/114] [eta 0:00:00]: loss 0.0018(0.0023) | lr 3.8944e-04
05:22:30 01-25 [epoch 117 train] [step 114/114] [eta 0:00:00]: loss 0.0017(0.0025) | lr 3.8944e-04
05:22:30 01-25 [epoch 118 train] [step 1/114] [eta 0:00:06]: loss 0.0030(0.0024) | lr 3.8907e-04
05:22:33 01-25 [epoch 118 train] [step 50/114] [eta 0:00:03]: loss 0.0026(0.0026) | lr 3.7064e-04
05:22:34 01-25 [epoch 118 train] [step 100/114] [eta 0:00:00]: loss 0.0021(0.0015) | lr 3.7064e-04
05:22:35 01-25 [epoch 118 train] [step 114/114] [eta 0:00:00]: loss 0.0019(0.0015) | lr 3.7064e-04
05:22:36 01-25 [epoch 119 train] [step 1/114] [eta 0:00:05]: loss 0.0003(0.0014) | lr 3.7026e-04
05:22:38 01-25 [epoch 119 train] [step 50/114] [eta 0:00:03]: loss 0.0025(0.0025) | lr 3.5204e-04
05:22:40 01-25 [epoch 119 train] [step 100/114] [eta 0:00:00]: loss 0.0025(0.0026) | lr 3.5204e-04
05:22:41 01-25 [epoch 119 train] [step 114/114] [eta 0:00:00]: loss 0.0023(0.0025) | lr 3.5204e-04
05:22:42 01-25 [epoch 120 train] [step 1/114] [eta 0:00:07]: loss 0.0000(0.0025) | lr 3.5167e-04
05:22:44 01-25 [epoch 120 train] [step 50/114] [eta 0:00:03]: loss 0.0009(0.0009) | lr 3.3367e-04
05:22:46 01-25 [epoch 120 train] [step 100/114] [eta 0:00:00]: loss 0.0016(0.0022) | lr 3.3367e-04
05:22:47 01-25 [epoch 120 train] [step 114/114] [eta 0:00:00]: loss 0.0016(0.0025) | lr 3.3367e-04
05:22:48 01-25 [epoch 120 val]: acc_daxuanniu 100.0000 | acc_fangjian 50.0000 | acc_fangxiangjian 88.8889 | acc_sandianyuanxuanniu 100.0000 | acc_tuoyuanjian 57.1428 | acc_xiaoxuanniu 100.0000 | acc_youjian 75.0000 | acc_yuanpan 50.0000 | acc_avg 79.1667 | Loss 0.7069
05:22:49 01-25 [epoch 121 train] [step 1/114] [eta 0:00:09]: loss 0.0004(0.0025) | lr 3.3331e-04
05:22:51 01-25 [epoch 121 train] [step 50/114] [eta 0:00:05]: loss 0.0009(0.0009) | lr 3.1557e-04
05:22:54 01-25 [epoch 121 train] [step 100/114] [eta 0:00:00]: loss 0.0019(0.0028) | lr 3.1557e-04
05:22:54 01-25 [epoch 121 train] [step 114/114] [eta 0:00:00]: loss 0.0019(0.0026) | lr 3.1557e-04
05:22:55 01-25 [epoch 122 train] [step 1/114] [eta 0:00:06]: loss 0.0040(0.0027) | lr 3.1522e-04
05:22:57 01-25 [epoch 122 train] [step 50/114] [eta 0:00:03]: loss 0.0051(0.0051) | lr 2.9776e-04
05:23:00 01-25 [epoch 122 train] [step 100/114] [eta 0:00:00]: loss 0.0045(0.0038) | lr 2.9776e-04
05:23:00 01-25 [epoch 122 train] [step 114/114] [eta 0:00:00]: loss 0.0043(0.0033) | lr 2.9776e-04
05:23:25 01-25 [epoch 123 train] [step 1/114] [eta 0:00:07]: loss 0.0012(0.0033) | lr 2.9741e-04
05:23:03 01-25 [epoch 123 train] [step 50/114] [eta 0:00:03]: loss 0.0026(0.0026) | lr 2.8027e-04
05:23:30 01-25 [epoch 123 train] [step 100/114] [eta 0:00:00]: loss 0.0027(0.0029) | lr 2.8027e-04
05:23:07 01-25 [epoch 123 train] [step 114/114] [eta 0:00:00]: loss 0.0031(0.0038) | lr 2.8027e-04
05:23:07 01-25 [epoch 124 train] [step 1/114] [eta 0:00:06]: loss 0.0010(0.0038) | lr 2.7993e-04
05:23:09 01-25 [epoch 124 train] [step 50/114] [eta 0:00:03]: loss 0.0084(0.0084) | lr 2.6313e-04
05:23:12 01-25 [epoch 124 train] [step 100/114] [eta 0:00:00]: loss 0.0050(0.0017) | lr 2.6313e-04
05:23:12 01-25 [epoch 124 train] [step 114/114] [eta 0:00:00]: loss 0.0046(0.0018) | lr 2.6313e-04
05:23:13 01-25 [epoch 125 train] [step 1/114] [eta 0:00:06]: loss 0.0003(0.0013) | lr 2.6280e-04
05:23:15 01-25 [epoch 125 train] [step 50/114] [eta 0:00:03]: loss 0.0022(0.0022) | lr 2.4636e-04
05:23:17 01-25 [epoch 125 train] [step 100/114] [eta 0:00:00]: loss 0.0075(0.0129) | lr 2.4636e-04
05:23:18 01-25 [epoch 125 train] [step 114/114] [eta 0:00:00]: loss 0.0067(0.0126) | lr 2.4636e-04
05:23:19 01-25 [epoch 125 val]: acc_daxuanniu 100.0000 | acc_fangjian 50.0000 | acc_fangxiangjian 88.8889 | acc_sandianyuanxuanniu 100.0000 | acc_tuoyuanjian 57.1428 | acc_xiaoxuanniu 100.0000 | acc_youjian 75.0000 | acc_yuanpan 50.0000 | acc_avg 79.1667 | Loss 0.8081
05:23:20 01-25 [epoch 126 train] [step 1/114] [eta 0:00:10]: loss 0.0000(0.0126) | lr 2.4604e-04
05:23:22 01-25 [epoch 126 train] [step 50/114] [eta 0:00:05]: loss 0.0007(0.0007) | lr 2.2999e-04
05:23:24 01-25 [epoch 126 train] [step 100/114] [eta 0:00:00]: loss 0.0012(0.0017) | lr 2.2999e-04
05:23:25 01-25 [epoch 126 train] [step 114/114] [eta 0:00:00]: loss 0.0014(0.0025) | lr 2.2999e-04
05:23:25 01-25 [epoch 127 train] [step 1/114] [eta 0:00:05]: loss 0.0017(0.0024) | lr 2.2967e-04
05:23:27 01-25 [epoch 127 train] [step 50/114] [eta 0:00:03]: loss 0.0008(0.0008) | lr 2.1405e-04
05:23:29 01-25 [epoch 127 train] [step 100/114] [eta 0:00:00]: loss 0.0048(0.0088) | lr 2.1405e-04
05:23:30 01-25 [epoch 127 train] [step 114/114] [eta 0:00:00]: loss 0.0043(0.0064) | lr 2.1405e-04
05:23:30 01-25 [epoch 128 train] [step 1/114] [eta 0:00:05]: loss 0.0012(0.0065) | lr 2.1374e-04
05:23:32 01-25 [epoch 128 train] [step 50/114] [eta 0:00:03]: loss 0.0012(0.0012) | lr 1.9855e-04
05:23:35 01-25 [epoch 128 train] [step 100/114] [eta 0:00:00]: loss 0.0020(0.0028) | lr 1.9855e-04
05:23:36 01-25 [epoch 128 train] [step 114/114] [eta 0:00:00]: loss 0.0019(0.0011) | lr 1.9855e-04
05:23:36 01-25 [epoch 129 train] [step 1/114] [eta 0:00:07]: loss 0.0002(0.0011) | lr 1.9825e-04
05:23:39 01-25 [epoch 129 train] [step 50/114] [eta 0:00:03]: loss 0.0007(0.0007) | lr 1.8352e-04
05:24:05 01-25 [epoch 129 train] [step 100/114] [eta 0:00:00]: loss 0.0009(0.0010) | lr 1.8352e-04
05:23:41 01-25 [epoch 129 train] [step 114/114] [eta 0:00:00]: loss 0.0008(0.0008) | lr 1.8352e-04
05:23:42 01-25 [epoch 130 train] [step 1/114] [eta 0:00:06]: loss 0.0003(0.0008) | lr 1.8323e-04
05:23:44 01-25 [epoch 130 train] [step 50/114] [eta 0:00:03]: loss 0.0008(0.0008) | lr 1.6899e-04
05:24:10 01-25 [epoch 130 train] [step 100/114] [eta 0:00:00]: loss 0.0007(0.0006) | lr 1.6899e-04
05:23:47 01-25 [epoch 130 train] [step 114/114] [eta 0:00:00]: loss 0.0007(0.0006) | lr 1.6899e-04
05:23:48 01-25 [epoch 130 val]: acc_daxuanniu 100.0000 | acc_fangjian 50.0000 | acc_fangxiangjian 88.8889 | acc_sandianyuanxuanniu 100.0000 | acc_tuoyuanjian 57.1428 | acc_xiaoxuanniu 100.0000 | acc_youjian 75.0000 | acc_yuanpan 83.3333 | acc_avg 83.3333 | Loss 0.6974
05:23:49 01-25 [epoch 131 train] [step 1/114] [eta 0:00:10]: loss 0.0015(0.0006) | lr 1.6871e-04
05:23:51 01-25 [epoch 131 train] [step 50/114] [eta 0:00:06]: loss 0.0016(0.0016) | lr 1.5498e-04
05:23:54 01-25 [epoch 131 train] [step 100/114] [eta 0:00:00]: loss 0.0019(0.0022) | lr 1.5498e-04
05:23:54 01-25 [epoch 131 train] [step 114/114] [eta 0:00:00]: loss 0.0017(0.0019) | lr 1.5498e-04
05:23:55 01-25 [epoch 132 train] [step 1/114] [eta 0:00:06]: loss 0.0089(0.0020) | lr 1.5471e-04
05:23:57 01-25 [epoch 132 train] [step 50/114] [eta 0:00:03]: loss 0.0012(0.0012) | lr 1.4151e-04
05:24:00 01-25 [epoch 132 train] [step 100/114] [eta 0:00:00]: loss 0.0024(0.0035) | lr 1.4151e-04
05:24:00 01-25 [epoch 132 train] [step 114/114] [eta 0:00:00]: loss 0.0021(0.0033) | lr 1.4151e-04
05:24:01 01-25 [epoch 133 train] [step 1/114] [eta 0:00:06]: loss 0.0001(0.0033) | lr 1.4125e-04
05:24:03 01-25 [epoch 133 train] [step 50/114] [eta 0:00:04]: loss 0.0010(0.0010) | lr 1.2860e-04
05:24:06 01-25 [epoch 133 train] [step 100/114] [eta 0:00:00]: loss 0.0014(0.0019) | lr 1.2860e-04
05:24:06 01-25 [epoch 133 train] [step 114/114] [eta 0:00:00]: loss 0.0014(0.0018) | lr 1.2860e-04
05:24:07 01-25 [epoch 134 train] [step 1/114] [eta 0:00:06]: loss 0.0016(0.0018) | lr 1.2835e-04
05:24:10 01-25 [epoch 134 train] [step 50/114] [eta 0:00:04]: loss 0.0017(0.0017) | lr 1.1627e-04
05:24:12 01-25 [epoch 134 train] [step 100/114] [eta 0:00:00]: loss 0.0011(0.0004) | lr 1.1627e-04
05:24:13 01-25 [epoch 134 train] [step 114/114] [eta 0:00:00]: loss 0.0010(0.0004) | lr 1.1627e-04
05:24:14 01-25 [epoch 135 train] [step 1/114] [eta 0:00:06]: loss 0.0005(0.0005) | lr 1.1603e-04
05:24:40 01-25 [epoch 135 train] [step 50/114] [eta 0:00:03]: loss 0.0032(0.0032) | lr 1.0454e-04
05:24:18 01-25 [epoch 135 train] [step 100/114] [eta 0:00:00]: loss 0.0019(0.0007) | lr 1.0454e-04
05:24:19 01-25 [epoch 135 train] [step 114/114] [eta 0:00:00]: loss 0.0018(0.0006) | lr 1.0454e-04
05:24:20 01-25 [epoch 135 val]: acc_daxuanniu 100.0000 | acc_fangjian 50.0000 | acc_fangxiangjian 88.8889 | acc_sandianyuanxuanniu 100.0000 | acc_tuoyuanjian 57.1428 | acc_xiaoxuanniu 100.0000 | acc_youjian 75.0000 | acc_yuanpan 66.6667 | acc_avg 81.2500 | Loss 0.6657
05:24:21 01-25 [epoch 136 train] [step 1/114] [eta 0:00:10]: loss 0.0002(0.0006) | lr 1.0431e-04
05:24:24 01-25 [epoch 136 train] [step 50/114] [eta 0:00:05]: loss 0.0017(0.0017) | lr 9.3423e-05
05:24:26 01-25 [epoch 136 train] [step 100/114] [eta 0:00:00]: loss 0.0036(0.0056) | lr 9.3423e-05
05:24:26 01-25 [epoch 136 train] [step 114/114] [eta 0:00:00]: loss 0.0033(0.0045) | lr 9.3423e-05
05:24:27 01-25 [epoch 137 train] [step 1/114] [eta 0:00:05]: loss 0.0001(0.0045) | lr 9.3213e-05
05:24:29 01-25 [epoch 137 train] [step 50/114] [eta 0:00:03]: loss 0.0021(0.0021) | lr 8.2943e-05
05:24:55 01-25 [epoch 137 train] [step 100/114] [eta 0:00:00]: loss 0.0016(0.0010) | lr 8.2943e-05
05:24:32 01-25 [epoch 137 train] [step 114/114] [eta 0:00:00]: loss 0.0014(0.0007) | lr 8.2943e-05
05:24:32 01-25 [epoch 138 train] [step 1/114] [eta 0:00:06]: loss 0.0001(0.0007) | lr 8.2747e-05
05:24:34 01-25 [epoch 138 train] [step 50/114] [eta 0:00:03]: loss 0.0030(0.0030) | lr 7.3114e-05
05:24:36 01-25 [epoch 138 train] [step 100/114] [eta 0:00:00]: loss 0.0020(0.0010) | lr 7.3114e-05
05:24:37 01-25 [epoch 138 train] [step 114/114] [eta 0:00:00]: loss 0.0022(0.0020) | lr 7.3114e-05
05:24:37 01-25 [epoch 139 train] [step 1/114] [eta 0:00:05]: loss 0.0000(0.0020) | lr 7.2931e-05
05:24:39 01-25 [epoch 139 train] [step 50/114] [eta 0:00:03]: loss 0.0010(0.0010) | lr 6.3952e-05
05:24:41 01-25 [epoch 139 train] [step 100/114] [eta 0:00:00]: loss 0.0041(0.0071) | lr 6.3952e-05
05:24:42 01-25 [epoch 139 train] [step 114/114] [eta 0:00:00]: loss 0.0036(0.0066) | lr 6.3952e-05
05:24:43 01-25 [epoch 140 train] [step 1/114] [eta 0:00:07]: loss 0.0002(0.0066) | lr 6.3782e-05
05:24:45 01-25 [epoch 140 train] [step 50/114] [eta 0:00:03]: loss 0.0008(0.0008) | lr 5.5469e-05
05:24:47 01-25 [epoch 140 train] [step 100/114] [eta 0:00:00]: loss 0.0012(0.0016) | lr 5.5469e-05
05:24:48 01-25 [epoch 140 train] [step 114/114] [eta 0:00:00]: loss 0.0012(0.0017) | lr 5.5469e-05
05:24:49 01-25 [epoch 140 val]: acc_daxuanniu 100.0000 | acc_fangjian 50.0000 | acc_fangxiangjian 88.8889 | acc_sandianyuanxuanniu 100.0000 | acc_tuoyuanjian 57.1428 | acc_xiaoxuanniu 100.0000 | acc_youjian 75.0000 | acc_yuanpan 66.6667 | acc_avg 81.2500 | Loss 0.7588
05:24:50 01-25 [epoch 141 train] [step 1/114] [eta 0:00:09]: loss 0.0001(0.0017) | lr 5.5313e-05
05:24:53 01-25 [epoch 141 train] [step 50/114] [eta 0:00:05]: loss 0.0012(0.0012) | lr 4.7680e-05
05:24:55 01-25 [epoch 141 train] [step 100/114] [eta 0:00:00]: loss 0.0010(0.0009) | lr 4.7680e-05
05:24:56 01-25 [epoch 141 train] [step 114/114] [eta 0:00:00]: loss 0.0012(0.0012) | lr 4.7680e-05
05:24:56 01-25 [epoch 142 train] [step 1/114] [eta 0:00:06]: loss 0.0000(0.0012) | lr 4.7538e-05
05:24:59 01-25 [epoch 142 train] [step 50/114] [eta 0:00:04]: loss 0.0009(0.0009) | lr 4.0595e-05
05:25:02 01-25 [epoch 142 train] [step 100/114] [eta 0:00:00]: loss 0.0011(0.0013) | lr 4.0595e-05
05:25:02 01-25 [epoch 142 train] [step 114/114] [eta 0:00:00]: loss 0.0014(0.0022) | lr 4.0595e-05
05:25:03 01-25 [epoch 143 train] [step 1/114] [eta 0:00:07]: loss 0.0002(0.0022) | lr 4.0468e-05
05:25:06 01-25 [epoch 143 train] [step 50/114] [eta 0:00:04]: loss 0.0012(0.0012) | lr 3.4227e-05
05:25:09 01-25 [epoch 143 train] [step 100/114] [eta 0:00:00]: loss 0.0014(0.0016) | lr 3.4227e-05
05:25:10 01-25 [epoch 143 train] [step 114/114] [eta 0:00:00]: loss 0.0013(0.0017) | lr 3.4227e-05
05:25:10 01-25 [epoch 144 train] [step 1/114] [eta 0:00:06]: loss 0.0034(0.0017) | lr 3.4114e-05
05:25:13 01-25 [epoch 144 train] [step 50/114] [eta 0:00:03]: loss 0.0021(0.0021) | lr 2.8585e-05
05:25:15 01-25 [epoch 144 train] [step 100/114] [eta 0:00:00]: loss 0.0021(0.0021) | lr 2.8585e-05
05:25:15 01-25 [epoch 144 train] [step 114/114] [eta 0:00:00]: loss 0.0020(0.0021) | lr 2.8585e-05
05:25:16 01-25 [epoch 145 train] [step 1/114] [eta 0:00:06]: loss 0.0001(0.0021) | lr 2.8487e-05
05:25:18 01-25 [epoch 145 train] [step 50/114] [eta 0:00:03]: loss 0.0005(0.0005) | lr 2.3677e-05
05:25:20 01-25 [epoch 145 train] [step 100/114] [eta 0:00:00]: loss 0.0014(0.0023) | lr 2.3677e-05
05:25:21 01-25 [epoch 145 train] [step 114/114] [eta 0:00:00]: loss 0.0014(0.0025) | lr 2.3677e-05
05:25:22 01-25 [epoch 145 val]: acc_daxuanniu 100.0000 | acc_fangjian 50.0000 | acc_fangxiangjian 88.8889 | acc_sandianyuanxuanniu 100.0000 | acc_tuoyuanjian 57.1428 | acc_xiaoxuanniu 100.0000 | acc_youjian 75.0000 | acc_yuanpan 66.6667 | acc_avg 81.2500 | Loss 0.7707
05:25:23 01-25 [epoch 146 train] [step 1/114] [eta 0:00:10]: loss 0.0005(0.0025) | lr 2.3594e-05
05:25:25 01-25 [epoch 146 train] [step 50/114] [eta 0:00:05]: loss 0.0020(0.0020) | lr 1.9511e-05
05:25:27 01-25 [epoch 146 train] [step 100/114] [eta 0:00:00]: loss 0.0032(0.0045) | lr 1.9511e-05
05:25:28 01-25 [epoch 146 train] [step 114/114] [eta 0:00:00]: loss 0.0029(0.0032) | lr 1.9511e-05
05:25:29 01-25 [epoch 147 train] [step 1/114] [eta 0:00:06]: loss 0.0001(0.0031) | lr 1.9443e-05
05:25:31 01-25 [epoch 147 train] [step 50/114] [eta 0:00:03]: loss 0.0008(0.0008) | lr 1.6094e-05
05:25:33 01-25 [epoch 147 train] [step 100/114] [eta 0:00:00]: loss 0.0016(0.0025) | lr 1.6094e-05
05:25:34 01-25 [epoch 147 train] [step 114/114] [eta 0:00:00]: loss 0.0015(0.0024) | lr 1.6094e-05
05:25:34 01-25 [epoch 148 train] [step 1/114] [eta 0:00:06]: loss 0.0001(0.0024) | lr 1.6041e-05
05:25:37 01-25 [epoch 148 train] [step 50/114] [eta 0:00:03]: loss 0.0008(0.0008) | lr 1.3431e-05
05:25:39 01-25 [epoch 148 train] [step 100/114] [eta 0:00:00]: loss 0.0010(0.0012) | lr 1.3431e-05
05:25:40 01-25 [epoch 148 train] [step 114/114] [eta 0:00:00]: loss 0.0010(0.0008) | lr 1.3431e-05
05:25:40 01-25 [epoch 149 train] [step 1/114] [eta 0:00:06]: loss 0.0011(0.0008) | lr 1.3393e-05
05:25:43 01-25 [epoch 149 train] [step 50/114] [eta 0:00:03]: loss 0.0030(0.0030) | lr 1.1526e-05
05:25:46 01-25 [epoch 149 train] [step 100/114] [eta 0:00:00]: loss 0.0023(0.0015) | lr 1.1526e-05
05:26:10 01-25 [epoch 149 train] [step 114/114] [eta 0:00:00]: loss 0.0034(0.0045) | lr 1.1526e-05
05:25:47 01-25 [epoch 150 train] [step 1/114] [eta 0:00:06]: loss 0.0024(0.0045) | lr 1.1503e-05
05:25:49 01-25 [epoch 150 train] [step 50/114] [eta 0:00:03]: loss 0.0008(0.0008) | lr 1.0382e-05
05:25:51 01-25 [epoch 150 train] [step 100/114] [eta 0:00:00]: loss 0.0008(0.0009) | lr 1.0382e-05
05:25:52 01-25 [epoch 150 train] [step 114/114] [eta 0:00:00]: loss 0.0015(0.0024) | lr 1.0382e-05
05:25:53 01-25 [epoch 150 val]: acc_daxuanniu 100.0000 | acc_fangjian 50.0000 | acc_fangxiangjian 88.8889 | acc_sandianyuanxuanniu 100.0000 | acc_tuoyuanjian 57.1428 | acc_xiaoxuanniu 100.0000 | acc_youjian 75.0000 | acc_yuanpan 66.6667 | acc_avg 81.2500 | Loss 0.7150
